Log file open, 05/06/20 13:49:33
LogWindows: Failed to load 'aqProf.dll' (GetLastError=126)
LogWindows: File 'aqProf.dll' does not exist
LogWindows: Failed to load 'VtuneApi.dll' (GetLastError=126)
LogWindows: File 'VtuneApi.dll' does not exist
LogWindows: Failed to load 'VtuneApi32e.dll' (GetLastError=126)
LogWindows: File 'VtuneApi32e.dll' does not exist
LogConsoleResponse: Display: Failed to find resolution value strings in scalability ini. Falling back to default.
LogInit: Display: Running engine for game: Flocking
LogPlatformFile: Not using cached read wrapper
LogTaskGraph: Started task graph with 5 named threads and 23 total threads with 3 sets of task threads.
LogStats: Stats thread started at 0.070543
LogD3D11RHI: Loaded GFSDK_Aftermath_Lib.x64.dll
LogICUInternationalization: ICU TimeZone Detection - Raw Offset: -5:00, Platform Override: ''
LogPluginManager: Mounting plugin Paper2D
LogPluginManager: Mounting plugin AISupport
LogPluginManager: Mounting plugin LightPropagationVolume
LogPluginManager: Mounting plugin ActorLayerUtilities
LogPluginManager: Mounting plugin AnimationSharing
LogPluginManager: Mounting plugin CLionSourceCodeAccess
LogPluginManager: Mounting plugin CodeLiteSourceCodeAccess
LogPluginManager: Mounting plugin GitSourceControl
LogPluginManager: Mounting plugin KDevelopSourceCodeAccess
LogPluginManager: Mounting plugin NullSourceCodeAccess
LogPluginManager: Mounting plugin PerforceSourceControl
LogPluginManager: Mounting plugin PlasticSourceControl
LogPluginManager: Mounting plugin SubversionSourceControl
LogPluginManager: Mounting plugin UObjectPlugin
LogPluginManager: Mounting plugin VisualStudioCodeSourceCodeAccess
LogPluginManager: Mounting plugin VisualStudioSourceCodeAccess
LogPluginManager: Mounting plugin XCodeSourceCodeAccess
LogPluginManager: Mounting plugin AssetManagerEditor
LogPluginManager: Mounting plugin CryptoKeys
LogPluginManager: Mounting plugin CurveEditorTools
LogPluginManager: Mounting plugin DataValidation
LogPluginManager: Mounting plugin FacialAnimation
LogPluginManager: Mounting plugin GameplayTagsEditor
LogPluginManager: Mounting plugin MacGraphicsSwitching
LogPluginManager: Mounting plugin MaterialAnalyzer
LogPluginManager: Mounting plugin MobileLauncherProfileWizard
LogPluginManager: Mounting plugin PluginBrowser
LogPluginManager: Mounting plugin SpeedTreeImporter
LogPluginManager: Mounting plugin DatasmithContent
LogPluginManager: Mounting plugin VariantManagerContent
LogPluginManager: Mounting plugin AlembicImporter
LogPluginManager: Mounting plugin AutomationUtils
LogPluginManager: Mounting plugin BackChannel
LogPluginManager: Mounting plugin CharacterAI
LogPluginManager: Mounting plugin GeometryCache
LogPluginManager: Mounting plugin PlatformCrypto
LogPluginManager: Mounting plugin ProxyLODPlugin
LogPluginManager: Mounting plugin SkeletalReduction
LogPluginManager: Mounting plugin MagicLeap
LogPluginManager: Mounting plugin MagicLeapMedia
LogPluginManager: Mounting plugin MLSDK
LogPluginManager: Mounting plugin AndroidMedia
LogPluginManager: Mounting plugin AvfMedia
LogPluginManager: Mounting plugin ImgMedia
LogPluginManager: Mounting plugin MediaCompositing
LogPluginManager: Mounting plugin MediaPlayerEditor
LogPluginManager: Mounting plugin WebMMedia
LogPluginManager: Mounting plugin WmfMedia
LogPluginManager: Mounting plugin TcpMessaging
LogPluginManager: Mounting plugin UdpMessaging
LogPluginManager: Mounting plugin ActorSequence
LogPluginManager: Mounting plugin LevelSequenceEditor
LogPluginManager: Mounting plugin MatineeToLevelSequence
LogPluginManager: Mounting plugin NetcodeUnitTest
LogPluginManager: Mounting plugin NUTUnrealEngine4
LogPluginManager: Mounting plugin OnlineSubsystemGooglePlay
LogPluginManager: Mounting plugin OnlineSubsystemIOS
LogPluginManager: Mounting plugin OnlineSubsystem
LogPluginManager: Mounting plugin OnlineSubsystemNull
LogPluginManager: Mounting plugin OnlineSubsystemUtils
LogPluginManager: Mounting plugin LauncherChunkInstaller
LogPluginManager: Mounting plugin AndroidDeviceProfileSelector
LogPluginManager: Mounting plugin AndroidMoviePlayer
LogPluginManager: Mounting plugin AndroidPermission
LogPluginManager: Mounting plugin AppleImageUtils
LogPluginManager: Mounting plugin AppleMoviePlayer
LogPluginManager: Mounting plugin ArchVisCharacter
LogPluginManager: Mounting plugin AssetTags
LogPluginManager: Mounting plugin AudioCapture
LogPluginManager: Mounting plugin CableComponent
LogPluginManager: Mounting plugin CustomMeshComponent
LogPluginManager: Mounting plugin EditableMesh
LogPluginManager: Mounting plugin ExampleDeviceProfileSelector
LogPluginManager: Mounting plugin GoogleCloudMessaging
LogPluginManager: Mounting plugin IOSDeviceProfileSelector
LogPluginManager: Mounting plugin LinuxDeviceProfileSelector
LogPluginManager: Mounting plugin LocationServicesBPLibrary
LogPluginManager: Mounting plugin MobilePatchingUtils
LogPluginManager: Mounting plugin OculusVR
LogPluginManager: Mounting plugin PhysXVehicles
LogPluginManager: Mounting plugin PostSplashScreen
LogPluginManager: Mounting plugin ProceduralMeshComponent
LogPluginManager: Mounting plugin RuntimePhysXCooking
LogPluginManager: Mounting plugin SignificanceManager
LogPluginManager: Mounting plugin SteamVR
LogPluginManager: Mounting plugin WebMMoviePlayer
LogPluginManager: Mounting plugin WindowsMoviePlayer
LogPluginManager: Mounting plugin ScreenshotTools
LogInit: Using libcurl 7.55.1-DEV
LogInit:  - built for x86_64-pc-win32
LogInit:  - supports SSL with OpenSSL/1.1.1
LogInit:  - supports HTTP deflate (compression) using libz 1.2.8
LogInit:  - other features:
LogInit:      CURL_VERSION_SSL
LogInit:      CURL_VERSION_LIBZ
LogInit:      CURL_VERSION_IPV6
LogInit:      CURL_VERSION_ASYNCHDNS
LogInit:      CURL_VERSION_LARGEFILE
LogInit:      CURL_VERSION_IDN
LogInit:  CurlRequestOptions (configurable via config and command line):
LogInit:  - bVerifyPeer = true  - Libcurl will verify peer certificate
LogInit:  - bUseHttpProxy = false  - Libcurl will NOT use HTTP proxy
LogInit:  - bDontReuseConnections = false  - Libcurl will reuse connections
LogInit:  - MaxHostConnections = 16  - Libcurl will limit the number of connections to a host
LogInit:  - LocalHostAddr = Default
LogInit:  - BufferSize = 65536
LogOnline: OSS: Creating online subsystem instance for: NULL
LogInit: WinSock: version 1.1 (2.2), MaxSocks=32767, MaxUdp=65467
LogOnline: OSS: TryLoadSubsystemAndSetDefault: Loaded subsystem for module [NULL]
LogInit: Build: ++UE4+Release-4.24-CL-11590370
LogInit: Engine Version: 4.24.3-11590370+++UE4+Release-4.24
LogInit: Compatible Engine Version: 4.24.0-10570792+++UE4+Release-4.24
LogInit: Net CL: 10570792
LogInit: OS: Windows 10 (Release 1903) (), CPU: Intel(R) Core(TM) i7-7700K CPU @ 4.20GHz, GPU: NVIDIA GeForce GTX 1080
LogInit: Compiled (64-bit): Feb 24 2020 15:39:18
LogInit: Compiled with Visual C++: 19.16.27032.01
LogInit: Build Configuration: Development
LogInit: Branch Name: ++UE4+Release-4.24
LogInit: Command Line: 
LogInit: Base Directory: E:/UE4/Epic Games/UE_4.24/Engine/Binaries/Win64/
LogInit: Installed Engine Build: 1
LogDevObjectVersion: Number of dev versions registered: 25
LogDevObjectVersion:   Dev-Blueprints (B0D832E4-1F89-4F0D-ACCF-7EB736FD4AA2): 10
LogDevObjectVersion:   Dev-Build (E1C64328-A22C-4D53-A36C-8E866417BD8C): 0
LogDevObjectVersion:   Dev-Core (375EC13C-06E4-48FB-B500-84F0262A717E): 3
LogDevObjectVersion:   Dev-Editor (E4B068ED-F494-42E9-A231-DA0B2E46BB41): 37
LogDevObjectVersion:   Dev-Framework (CFFC743F-43B0-4480-9391-14DF171D2073): 36
LogDevObjectVersion:   Dev-Mobile (B02B49B5-BB20-44E9-A304-32B752E40360): 2
LogDevObjectVersion:   Dev-Networking (A4E4105C-59A1-49B5-A7C5-40C4547EDFEE): 0
LogDevObjectVersion:   Dev-Online (39C831C9-5AE6-47DC-9A44-9C173E1C8E7C): 0
LogDevObjectVersion:   Dev-Physics (78F01B33-EBEA-4F98-B9B4-84EACCB95AA2): 2
LogDevObjectVersion:   Dev-Platform (6631380F-2D4D-43E0-8009-CF276956A95A): 0
LogDevObjectVersion:   Dev-Rendering (12F88B9F-8875-4AFC-A67C-D90C383ABD29): 36
LogDevObjectVersion:   Dev-Sequencer (7B5AE74C-D270-4C10-A958-57980B212A5A): 11
LogDevObjectVersion:   Dev-VR (D7296918-1DD6-4BDD-9DE2-64A83CC13884): 2
LogDevObjectVersion:   Dev-LoadTimes (C2A15278-BFE7-4AFE-6C17-90FF531DF755): 1
LogDevObjectVersion:   Private-Geometry (6EACA3D4-40EC-4CC1-B786-8BED09428FC5): 3
LogDevObjectVersion:   Dev-AnimPhys (29E575DD-E0A3-4627-9D10-D276232CDCEA): 17
LogDevObjectVersion:   Dev-Anim (AF43A65D-7FD3-4947-9873-3E8ED9C1BB05): 2
LogDevObjectVersion:   Dev-ReflectionCapture (6B266CEC-1EC7-4B8F-A30B-E4D90942FC07): 1
LogDevObjectVersion:   Dev-Automation (0DF73D61-A23F-47EA-B727-89E90C41499A): 1
LogDevObjectVersion:   FortniteMain (601D1886-AC64-4F84-AA16-D3DE0DEAC7D6): 31
LogDevObjectVersion:   Dev-Enterprise (9DFFBCD6-494F-0158-E221-12823C92A888): 8
LogDevObjectVersion:   Dev-Niagara (F2AED0AC-9AFE-416F-8664-AA7FFA26D6FC): 1
LogDevObjectVersion:   Dev-Destruction (174F1F0B-B4C6-45A5-B13F-2EE8D0FB917D): 9
LogDevObjectVersion:   Dev-Physics-Ext (35F94A83-E258-406C-A318-09F59610247C): 8
LogDevObjectVersion:   Dev-CineCamera (B2E18506-4273-CFC2-A54E-F4BB758BBA07): 1
LogInit: Presizing for max 25165824 objects, including 0 objects not considered by GC, pre-allocating 0 bytes for permanent pool.
LogInit: Object subsystem initialized
LogConfig: Setting CVar [[con.DebugEarlyDefault:1]]
LogConfig: Setting CVar [[r.setres:1280x720]]
[2020.05.06-17.49.33:766][  0]LogConfig: Setting CVar [[r.VSync:0]]
[2020.05.06-17.49.33:766][  0]LogConfig: Setting CVar [[r.RHICmdBypass:0]]
[2020.05.06-17.49.33:766][  0]LogConfig: Applying CVar settings from Section [/Script/Engine.RendererSettings] File [E:/Unreal Projects/FlockingAssignment/Flocking/Saved/Config/Windows/Engine.ini]
[2020.05.06-17.49.33:766][  0]LogConfig: Setting CVar [[r.GPUCrashDebugging:0]]
[2020.05.06-17.49.33:766][  0]LogConfig: Applying CVar settings from Section [/Script/Engine.RendererOverrideSettings] File [E:/Unreal Projects/FlockingAssignment/Flocking/Saved/Config/Windows/Engine.ini]
[2020.05.06-17.49.33:766][  0]LogConfig: Applying CVar settings from Section [/Script/Engine.StreamingSettings] File [E:/Unreal Projects/FlockingAssignment/Flocking/Saved/Config/Windows/Engine.ini]
[2020.05.06-17.49.33:766][  0]LogConfig: Setting CVar [[s.MinBulkDataSizeForAsyncLoading:131072]]
[2020.05.06-17.49.33:766][  0]LogConfig: Setting CVar [[s.AsyncLoadingThreadEnabled:0]]
[2020.05.06-17.49.33:766][  0]LogConfig: Setting CVar [[s.EventDrivenLoaderEnabled:1]]
[2020.05.06-17.49.33:766][  0]LogConfig: Setting CVar [[s.WarnIfTimeLimitExceeded:0]]
[2020.05.06-17.49.33:766][  0]LogConfig: Setting CVar [[s.TimeLimitExceededMultiplier:1.5]]
[2020.05.06-17.49.33:766][  0]LogConfig: Setting CVar [[s.TimeLimitExceededMinTime:0.005]]
[2020.05.06-17.49.33:766][  0]LogConfig: Setting CVar [[s.UseBackgroundLevelStreaming:1]]
[2020.05.06-17.49.33:766][  0]LogConfig: Setting CVar [[s.PriorityAsyncLoadingExtraTime:15.0]]
[2020.05.06-17.49.33:766][  0]LogConfig: Setting CVar [[s.LevelStreamingActorsUpdateTimeLimit:5.0]]
[2020.05.06-17.49.33:766][  0]LogConfig: Setting CVar [[s.PriorityLevelStreamingActorsUpdateExtraTime:5.0]]
[2020.05.06-17.49.33:766][  0]LogConfig: Setting CVar [[s.LevelStreamingComponentsRegistrationGranularity:10]]
[2020.05.06-17.49.33:766][  0]LogConfig: Setting CVar [[s.UnregisterComponentsTimeLimit:1.0]]
[2020.05.06-17.49.33:766][  0]LogConfig: Setting CVar [[s.LevelStreamingComponentsUnregistrationGranularity:5]]
[2020.05.06-17.49.33:766][  0]LogConfig: Setting CVar [[s.FlushStreamingOnExit:1]]
[2020.05.06-17.49.33:766][  0]LogConfig: Applying CVar settings from Section [/Script/Engine.GarbageCollectionSettings] File [E:/Unreal Projects/FlockingAssignment/Flocking/Saved/Config/Windows/Engine.ini]
[2020.05.06-17.49.33:766][  0]LogConfig: Setting CVar [[gc.MaxObjectsNotConsideredByGC:1]]
[2020.05.06-17.49.33:766][  0]LogConfig: Setting CVar [[gc.SizeOfPermanentObjectPool:0]]
[2020.05.06-17.49.33:766][  0]LogConfig: Setting CVar [[gc.FlushStreamingOnGC:0]]
[2020.05.06-17.49.33:766][  0]LogConfig: Setting CVar [[gc.NumRetriesBeforeForcingGC:10]]
[2020.05.06-17.49.33:766][  0]LogConfig: Setting CVar [[gc.AllowParallelGC:1]]
[2020.05.06-17.49.33:766][  0]LogConfig: Setting CVar [[gc.TimeBetweenPurgingPendingKillObjects:61.1]]
[2020.05.06-17.49.33:766][  0]LogConfig: Setting CVar [[gc.MaxObjectsInEditor:25165824]]
[2020.05.06-17.49.33:766][  0]LogConfig: Setting CVar [[gc.IncrementalBeginDestroyEnabled:1]]
[2020.05.06-17.49.33:766][  0]LogConfig: Setting CVar [[gc.CreateGCClusters:1]]
[2020.05.06-17.49.33:766][  0]LogConfig: Setting CVar [[gc.MinGCClusterSize:5]]
[2020.05.06-17.49.33:766][  0]LogConfig: Setting CVar [[gc.ActorClusteringEnabled:0]]
[2020.05.06-17.49.33:766][  0]LogConfig: Setting CVar [[gc.BlueprintClusteringEnabled:0]]
[2020.05.06-17.49.33:766][  0]LogConfig: Setting CVar [[gc.UseDisregardForGCOnDedicatedServers:0]]
[2020.05.06-17.49.33:766][  0]LogConfig: Applying CVar settings from Section [/Script/Engine.NetworkSettings] File [E:/Unreal Projects/FlockingAssignment/Flocking/Saved/Config/Windows/Engine.ini]
[2020.05.06-17.49.33:767][  0]LogConfig: Applying CVar settings from Section [/Script/UnrealEd.CookerSettings] File [E:/Unreal Projects/FlockingAssignment/Flocking/Saved/Config/Windows/Engine.ini]
[2020.05.06-17.49.33:772][  0]LogConfig: Applying CVar settings from Section [ViewDistanceQuality@3] File [E:/Unreal Projects/FlockingAssignment/Flocking/Saved/Config/Windows/Scalability.ini]
[2020.05.06-17.49.33:772][  0]LogConfig: Setting CVar [[r.SkeletalMeshLODBias:0]]
[2020.05.06-17.49.33:772][  0]LogConfig: Setting CVar [[r.ViewDistanceScale:1.0]]
[2020.05.06-17.49.33:772][  0]LogConfig: Applying CVar settings from Section [AntiAliasingQuality@3] File [E:/Unreal Projects/FlockingAssignment/Flocking/Saved/Config/Windows/Scalability.ini]
[2020.05.06-17.49.33:772][  0]LogConfig: Setting CVar [[r.PostProcessAAQuality:4]]
[2020.05.06-17.49.33:772][  0]LogConfig: Applying CVar settings from Section [ShadowQuality@3] File [E:/Unreal Projects/FlockingAssignment/Flocking/Saved/Config/Windows/Scalability.ini]
[2020.05.06-17.49.33:772][  0]LogConfig: Setting CVar [[r.LightFunctionQuality:1]]
[2020.05.06-17.49.33:772][  0]LogConfig: Setting CVar [[r.ShadowQuality:5]]
[2020.05.06-17.49.33:772][  0]LogConfig: Setting CVar [[r.Shadow.CSM.MaxCascades:10]]
[2020.05.06-17.49.33:772][  0]LogConfig: Setting CVar [[r.Shadow.MaxResolution:2048]]
[2020.05.06-17.49.33:772][  0]LogConfig: Setting CVar [[r.Shadow.MaxCSMResolution:2048]]
[2020.05.06-17.49.33:772][  0]LogConfig: Setting CVar [[r.Shadow.RadiusThreshold:0.01]]
[2020.05.06-17.49.33:772][  0]LogConfig: Setting CVar [[r.Shadow.DistanceScale:1.0]]
[2020.05.06-17.49.33:772][  0]LogConfig: Setting CVar [[r.Shadow.CSM.TransitionScale:1.0]]
[2020.05.06-17.49.33:772][  0]LogConfig: Setting CVar [[r.Shadow.PreShadowResolutionFactor:1.0]]
[2020.05.06-17.49.33:772][  0]LogConfig: Setting CVar [[r.DistanceFieldShadowing:1]]
[2020.05.06-17.49.33:772][  0]LogConfig: Setting CVar [[r.DistanceFieldAO:1]]
[2020.05.06-17.49.33:772][  0]LogConfig: Setting CVar [[r.AOQuality:2]]
[2020.05.06-17.49.33:772][  0]LogConfig: Setting CVar [[r.VolumetricFog:1]]
[2020.05.06-17.49.33:772][  0]LogConfig: Setting CVar [[r.VolumetricFog.GridPixelSize:8]]
[2020.05.06-17.49.33:772][  0]LogConfig: Setting CVar [[r.VolumetricFog.GridSizeZ:128]]
[2020.05.06-17.49.33:772][  0]LogConfig: Setting CVar [[r.VolumetricFog.HistoryMissSupersampleCount:4]]
[2020.05.06-17.49.33:772][  0]LogConfig: Setting CVar [[r.LightMaxDrawDistanceScale:1]]
[2020.05.06-17.49.33:772][  0]LogConfig: Setting CVar [[r.CapsuleShadows:1]]
[2020.05.06-17.49.33:772][  0]LogConfig: Applying CVar settings from Section [PostProcessQuality@3] File [E:/Unreal Projects/FlockingAssignment/Flocking/Saved/Config/Windows/Scalability.ini]
[2020.05.06-17.49.33:772][  0]LogConfig: Setting CVar [[r.MotionBlurQuality:4]]
[2020.05.06-17.49.33:772][  0]LogConfig: Setting CVar [[r.AmbientOcclusionMipLevelFactor:0.4]]
[2020.05.06-17.49.33:772][  0]LogConfig: Setting CVar [[r.AmbientOcclusionMaxQuality:100]]
[2020.05.06-17.49.33:772][  0]LogConfig: Setting CVar [[r.AmbientOcclusionLevels:-1]]
[2020.05.06-17.49.33:772][  0]LogConfig: Setting CVar [[r.AmbientOcclusionRadiusScale:1.0]]
[2020.05.06-17.49.33:772][  0]LogConfig: Setting CVar [[r.DepthOfFieldQuality:2]]
[2020.05.06-17.49.33:772][  0]LogConfig: Setting CVar [[r.RenderTargetPoolMin:400]]
[2020.05.06-17.49.33:772][  0]LogConfig: Setting CVar [[r.LensFlareQuality:2]]
[2020.05.06-17.49.33:772][  0]LogConfig: Setting CVar [[r.SceneColorFringeQuality:1]]
[2020.05.06-17.49.33:772][  0]LogConfig: Setting CVar [[r.EyeAdaptationQuality:2]]
[2020.05.06-17.49.33:772][  0]LogConfig: Setting CVar [[r.BloomQuality:5]]
[2020.05.06-17.49.33:772][  0]LogConfig: Setting CVar [[r.FastBlurThreshold:100]]
[2020.05.06-17.49.33:772][  0]LogConfig: Setting CVar [[r.Upscale.Quality:3]]
[2020.05.06-17.49.33:772][  0]LogConfig: Setting CVar [[r.Tonemapper.GrainQuantization:1]]
[2020.05.06-17.49.33:772][  0]LogConfig: Setting CVar [[r.LightShaftQuality:1]]
[2020.05.06-17.49.33:772][  0]LogConfig: Setting CVar [[r.Filter.SizeScale:1]]
[2020.05.06-17.49.33:772][  0]LogConfig: Setting CVar [[r.Tonemapper.Quality:5]]
[2020.05.06-17.49.33:772][  0]LogConfig: Setting CVar [[r.DOF.Gather.AccumulatorQuality:1        ; higher gathering accumulator quality]]
[2020.05.06-17.49.33:772][  0]LogConfig: Setting CVar [[r.DOF.Gather.PostfilterMethod:1          ; Median3x3 postfilering method]]
[2020.05.06-17.49.33:772][  0]LogConfig: Setting CVar [[r.DOF.Gather.EnableBokehSettings:0       ; no bokeh simulation when gathering]]
[2020.05.06-17.49.33:772][  0]LogConfig: Setting CVar [[r.DOF.Gather.RingCount:4                 ; medium number of samples when gathering]]
[2020.05.06-17.49.33:772][  0]LogConfig: Setting CVar [[r.DOF.Scatter.ForegroundCompositing:1    ; additive foreground scattering]]
[2020.05.06-17.49.33:772][  0]LogConfig: Setting CVar [[r.DOF.Scatter.BackgroundCompositing:2    ; additive background scattering]]
[2020.05.06-17.49.33:772][  0]LogConfig: Setting CVar [[r.DOF.Scatter.EnableBokehSettings:1      ; bokeh simulation when scattering]]
[2020.05.06-17.49.33:772][  0]LogConfig: Setting CVar [[r.DOF.Scatter.MaxSpriteRatio:0.1         ; only a maximum of 10% of scattered bokeh]]
[2020.05.06-17.49.33:772][  0]LogConfig: Setting CVar [[r.DOF.Recombine.Quality:1                ; cheap slight out of focus]]
[2020.05.06-17.49.33:772][  0]LogConfig: Setting CVar [[r.DOF.Recombine.EnableBokehSettings:0    ; no bokeh simulation on slight out of focus]]
[2020.05.06-17.49.33:772][  0]LogConfig: Setting CVar [[r.DOF.TemporalAAQuality:1                ; more stable temporal accumulation]]
[2020.05.06-17.49.33:772][  0]LogConfig: Setting CVar [[r.DOF.Kernel.MaxForegroundRadius:0.025]]
[2020.05.06-17.49.33:772][  0]LogConfig: Setting CVar [[r.DOF.Kernel.MaxBackgroundRadius:0.025]]
[2020.05.06-17.49.33:772][  0]LogConfig: Applying CVar settings from Section [TextureQuality@3] File [E:/Unreal Projects/FlockingAssignment/Flocking/Saved/Config/Windows/Scalability.ini]
[2020.05.06-17.49.33:772][  0]LogConfig: Setting CVar [[r.Streaming.MipBias:0]]
[2020.05.06-17.49.33:772][  0]LogConfig: Setting CVar [[r.Streaming.AmortizeCPUToGPUCopy:0]]
[2020.05.06-17.49.33:772][  0]LogConfig: Setting CVar [[r.Streaming.MaxNumTexturesToStreamPerFrame:0]]
[2020.05.06-17.49.33:772][  0]LogConfig: Setting CVar [[r.Streaming.Boost:1]]
[2020.05.06-17.49.33:772][  0]LogConfig: Setting CVar [[r.MaxAnisotropy:8]]
[2020.05.06-17.49.33:772][  0]LogConfig: Setting CVar [[r.VT.MaxAnisotropy:8]]
[2020.05.06-17.49.33:772][  0]LogConfig: Setting CVar [[r.Streaming.LimitPoolSizeToVRAM:0]]
[2020.05.06-17.49.33:772][  0]LogConfig: Setting CVar [[r.Streaming.PoolSize:1000]]
[2020.05.06-17.49.33:772][  0]LogConfig: Setting CVar [[r.Streaming.MaxEffectiveScreenSize:0]]
[2020.05.06-17.49.33:772][  0]LogConfig: Applying CVar settings from Section [EffectsQuality@3] File [E:/Unreal Projects/FlockingAssignment/Flocking/Saved/Config/Windows/Scalability.ini]
[2020.05.06-17.49.33:772][  0]LogConfig: Setting CVar [[r.TranslucencyLightingVolumeDim:64]]
[2020.05.06-17.49.33:772][  0]LogConfig: Setting CVar [[r.RefractionQuality:2]]
[2020.05.06-17.49.33:772][  0]LogConfig: Setting CVar [[r.SSR.Quality:3]]
[2020.05.06-17.49.33:772][  0]LogConfig: Setting CVar [[r.SSR.HalfResSceneColor:0]]
[2020.05.06-17.49.33:772][  0]LogConfig: Setting CVar [[r.SceneColorFormat:4]]
[2020.05.06-17.49.33:772][  0]LogConfig: Setting CVar [[r.DetailMode:2]]
[2020.05.06-17.49.33:773][  0]LogConfig: Setting CVar [[r.TranslucencyVolumeBlur:1]]
[2020.05.06-17.49.33:773][  0]LogConfig: Setting CVar [[r.MaterialQualityLevel:1 ; High quality]]
[2020.05.06-17.49.33:773][  0]LogConfig: Setting CVar [[r.SSS.Scale:1]]
[2020.05.06-17.49.33:773][  0]LogConfig: Setting CVar [[r.SSS.SampleSet:2]]
[2020.05.06-17.49.33:773][  0]LogConfig: Setting CVar [[r.SSS.Quality:1]]
[2020.05.06-17.49.33:773][  0]LogConfig: Setting CVar [[r.SSS.HalfRes:1]]
[2020.05.06-17.49.33:773][  0]LogConfig: Setting CVar [[r.SSGI.Quality:3]]
[2020.05.06-17.49.33:773][  0]LogConfig: Setting CVar [[r.EmitterSpawnRateScale:1.0]]
[2020.05.06-17.49.33:773][  0]LogConfig: Setting CVar [[r.ParticleLightQuality:2]]
[2020.05.06-17.49.33:773][  0]LogConfig: Setting CVar [[r.SkyAtmosphere.AerialPerspectiveLUT.FastApplyOnOpaque:1 ; Always have FastSkyLUT 1 in this case to avoid wrong sky]]
[2020.05.06-17.49.33:773][  0]LogConfig: Setting CVar [[r.SkyAtmosphere.AerialPerspectiveLUT.SampleCountPerSlice:1]]
[2020.05.06-17.49.33:773][  0]LogConfig: Setting CVar [[r.SkyAtmosphere.AerialPerspectiveLUT.DepthResolution:16.0]]
[2020.05.06-17.49.33:773][  0]LogConfig: Setting CVar [[r.SkyAtmosphere.FastSkyLUT:1]]
[2020.05.06-17.49.33:773][  0]LogConfig: Setting CVar [[r.SkyAtmosphere.FastSkyLUT.SampleCountMin:4.0]]
[2020.05.06-17.49.33:773][  0]LogConfig: Setting CVar [[r.SkyAtmosphere.FastSkyLUT.SampleCountMax:32.0]]
[2020.05.06-17.49.33:773][  0]LogConfig: Setting CVar [[r.SkyAtmosphere.SampleCountMin:4.0]]
[2020.05.06-17.49.33:773][  0]LogConfig: Setting CVar [[r.SkyAtmosphere.SampleCountMax:32.0]]
[2020.05.06-17.49.33:773][  0]LogConfig: Setting CVar [[r.SkyAtmosphere.TransmittanceLUT.UseSmallFormat:0]]
[2020.05.06-17.49.33:773][  0]LogConfig: Setting CVar [[r.SkyAtmosphere.TransmittanceLUT.SampleCount:10.0]]
[2020.05.06-17.49.33:773][  0]LogConfig: Setting CVar [[r.SkyAtmosphere.MultiScatteringLUT.SampleCount:15.0]]
[2020.05.06-17.49.33:773][  0]LogConfig: Applying CVar settings from Section [FoliageQuality@3] File [E:/Unreal Projects/FlockingAssignment/Flocking/Saved/Config/Windows/Scalability.ini]
[2020.05.06-17.49.33:773][  0]LogConfig: Setting CVar [[foliage.DensityScale:1.0]]
[2020.05.06-17.49.33:773][  0]LogConfig: Setting CVar [[grass.DensityScale:1.0]]
[2020.05.06-17.49.33:773][  0]LogConfig: Applying CVar settings from Section [ShadingQuality@3] File [E:/Unreal Projects/FlockingAssignment/Flocking/Saved/Config/Windows/Scalability.ini]
[2020.05.06-17.49.33:773][  0]LogConfig: Setting CVar [[r.HairStrands.SkyLighting.SampleCount:16]]
[2020.05.06-17.49.33:773][  0]LogConfig: Setting CVar [[r.HairStrands.SkyLighting.JitterIntegration:0]]
[2020.05.06-17.49.33:773][  0]LogConfig: Setting CVar [[r.HairStrands.SkyAO.SampleCount:16]]
[2020.05.06-17.49.33:773][  0]LogInit: Selected Device Profile: [Windows]
[2020.05.06-17.49.33:773][  0]LogInit: Applying CVar settings loaded from the selected device profile: [Windows]
[2020.05.06-17.49.33:775][  0]LogHAL: Display: Platform has ~ 16 GB [17137213440 / 17179869184 / 16], which maps to Larger [LargestMinGB=32, LargerMinGB=12, DefaultMinGB=8, SmallerMinGB=6, SmallestMinGB=0)
[2020.05.06-17.49.33:775][  0]LogInit: Going up to parent DeviceProfile []
[2020.05.06-17.49.33:775][  0]LogConfig: Applying CVar settings from Section [ViewDistanceQuality@3] File [E:/Unreal Projects/FlockingAssignment/Flocking/Saved/Config/Windows/Scalability.ini]
[2020.05.06-17.49.33:775][  0]LogConfig: Setting CVar [[r.SkeletalMeshLODBias:0]]
[2020.05.06-17.49.33:775][  0]LogConfig: Setting CVar [[r.ViewDistanceScale:1.0]]
[2020.05.06-17.49.33:775][  0]LogConfig: Applying CVar settings from Section [AntiAliasingQuality@3] File [E:/Unreal Projects/FlockingAssignment/Flocking/Saved/Config/Windows/Scalability.ini]
[2020.05.06-17.49.33:775][  0]LogConfig: Setting CVar [[r.PostProcessAAQuality:4]]
[2020.05.06-17.49.33:775][  0]LogConfig: Applying CVar settings from Section [ShadowQuality@3] File [E:/Unreal Projects/FlockingAssignment/Flocking/Saved/Config/Windows/Scalability.ini]
[2020.05.06-17.49.33:775][  0]LogConfig: Setting CVar [[r.LightFunctionQuality:1]]
[2020.05.06-17.49.33:775][  0]LogConfig: Setting CVar [[r.ShadowQuality:5]]
[2020.05.06-17.49.33:775][  0]LogConfig: Setting CVar [[r.Shadow.CSM.MaxCascades:10]]
[2020.05.06-17.49.33:775][  0]LogConfig: Setting CVar [[r.Shadow.MaxResolution:2048]]
[2020.05.06-17.49.33:775][  0]LogConfig: Setting CVar [[r.Shadow.MaxCSMResolution:2048]]
[2020.05.06-17.49.33:775][  0]LogConfig: Setting CVar [[r.Shadow.RadiusThreshold:0.01]]
[2020.05.06-17.49.33:775][  0]LogConfig: Setting CVar [[r.Shadow.DistanceScale:1.0]]
[2020.05.06-17.49.33:775][  0]LogConfig: Setting CVar [[r.Shadow.CSM.TransitionScale:1.0]]
[2020.05.06-17.49.33:775][  0]LogConfig: Setting CVar [[r.Shadow.PreShadowResolutionFactor:1.0]]
[2020.05.06-17.49.33:775][  0]LogConfig: Setting CVar [[r.DistanceFieldShadowing:1]]
[2020.05.06-17.49.33:775][  0]LogConfig: Setting CVar [[r.DistanceFieldAO:1]]
[2020.05.06-17.49.33:775][  0]LogConfig: Setting CVar [[r.AOQuality:2]]
[2020.05.06-17.49.33:775][  0]LogConfig: Setting CVar [[r.VolumetricFog:1]]
[2020.05.06-17.49.33:775][  0]LogConfig: Setting CVar [[r.VolumetricFog.GridPixelSize:8]]
[2020.05.06-17.49.33:775][  0]LogConfig: Setting CVar [[r.VolumetricFog.GridSizeZ:128]]
[2020.05.06-17.49.33:775][  0]LogConfig: Setting CVar [[r.VolumetricFog.HistoryMissSupersampleCount:4]]
[2020.05.06-17.49.33:775][  0]LogConfig: Setting CVar [[r.LightMaxDrawDistanceScale:1]]
[2020.05.06-17.49.33:775][  0]LogConfig: Setting CVar [[r.CapsuleShadows:1]]
[2020.05.06-17.49.33:775][  0]LogConfig: Applying CVar settings from Section [PostProcessQuality@3] File [E:/Unreal Projects/FlockingAssignment/Flocking/Saved/Config/Windows/Scalability.ini]
[2020.05.06-17.49.33:775][  0]LogConfig: Setting CVar [[r.MotionBlurQuality:4]]
[2020.05.06-17.49.33:775][  0]LogConfig: Setting CVar [[r.AmbientOcclusionMipLevelFactor:0.4]]
[2020.05.06-17.49.33:775][  0]LogConfig: Setting CVar [[r.AmbientOcclusionMaxQuality:100]]
[2020.05.06-17.49.33:775][  0]LogConfig: Setting CVar [[r.AmbientOcclusionLevels:-1]]
[2020.05.06-17.49.33:775][  0]LogConfig: Setting CVar [[r.AmbientOcclusionRadiusScale:1.0]]
[2020.05.06-17.49.33:775][  0]LogConfig: Setting CVar [[r.DepthOfFieldQuality:2]]
[2020.05.06-17.49.33:775][  0]LogConfig: Setting CVar [[r.RenderTargetPoolMin:400]]
[2020.05.06-17.49.33:775][  0]LogConfig: Setting CVar [[r.LensFlareQuality:2]]
[2020.05.06-17.49.33:775][  0]LogConfig: Setting CVar [[r.SceneColorFringeQuality:1]]
[2020.05.06-17.49.33:775][  0]LogConfig: Setting CVar [[r.EyeAdaptationQuality:2]]
[2020.05.06-17.49.33:775][  0]LogConfig: Setting CVar [[r.BloomQuality:5]]
[2020.05.06-17.49.33:775][  0]LogConfig: Setting CVar [[r.FastBlurThreshold:100]]
[2020.05.06-17.49.33:775][  0]LogConfig: Setting CVar [[r.Upscale.Quality:3]]
[2020.05.06-17.49.33:775][  0]LogConfig: Setting CVar [[r.Tonemapper.GrainQuantization:1]]
[2020.05.06-17.49.33:775][  0]LogConfig: Setting CVar [[r.LightShaftQuality:1]]
[2020.05.06-17.49.33:775][  0]LogConfig: Setting CVar [[r.Filter.SizeScale:1]]
[2020.05.06-17.49.33:775][  0]LogConfig: Setting CVar [[r.Tonemapper.Quality:5]]
[2020.05.06-17.49.33:775][  0]LogConfig: Setting CVar [[r.DOF.Gather.AccumulatorQuality:1        ; higher gathering accumulator quality]]
[2020.05.06-17.49.33:775][  0]LogConfig: Setting CVar [[r.DOF.Gather.PostfilterMethod:1          ; Median3x3 postfilering method]]
[2020.05.06-17.49.33:775][  0]LogConfig: Setting CVar [[r.DOF.Gather.EnableBokehSettings:0       ; no bokeh simulation when gathering]]
[2020.05.06-17.49.33:775][  0]LogConfig: Setting CVar [[r.DOF.Gather.RingCount:4                 ; medium number of samples when gathering]]
[2020.05.06-17.49.33:775][  0]LogConfig: Setting CVar [[r.DOF.Scatter.ForegroundCompositing:1    ; additive foreground scattering]]
[2020.05.06-17.49.33:775][  0]LogConfig: Setting CVar [[r.DOF.Scatter.BackgroundCompositing:2    ; additive background scattering]]
[2020.05.06-17.49.33:775][  0]LogConfig: Setting CVar [[r.DOF.Scatter.EnableBokehSettings:1      ; bokeh simulation when scattering]]
[2020.05.06-17.49.33:775][  0]LogConfig: Setting CVar [[r.DOF.Scatter.MaxSpriteRatio:0.1         ; only a maximum of 10% of scattered bokeh]]
[2020.05.06-17.49.33:775][  0]LogConfig: Setting CVar [[r.DOF.Recombine.Quality:1                ; cheap slight out of focus]]
[2020.05.06-17.49.33:775][  0]LogConfig: Setting CVar [[r.DOF.Recombine.EnableBokehSettings:0    ; no bokeh simulation on slight out of focus]]
[2020.05.06-17.49.33:775][  0]LogConfig: Setting CVar [[r.DOF.TemporalAAQuality:1                ; more stable temporal accumulation]]
[2020.05.06-17.49.33:775][  0]LogConfig: Setting CVar [[r.DOF.Kernel.MaxForegroundRadius:0.025]]
[2020.05.06-17.49.33:775][  0]LogConfig: Setting CVar [[r.DOF.Kernel.MaxBackgroundRadius:0.025]]
[2020.05.06-17.49.33:775][  0]LogConfig: Applying CVar settings from Section [TextureQuality@3] File [E:/Unreal Projects/FlockingAssignment/Flocking/Saved/Config/Windows/Scalability.ini]
[2020.05.06-17.49.33:775][  0]LogConfig: Setting CVar [[r.Streaming.MipBias:0]]
[2020.05.06-17.49.33:775][  0]LogConfig: Setting CVar [[r.Streaming.AmortizeCPUToGPUCopy:0]]
[2020.05.06-17.49.33:775][  0]LogConfig: Setting CVar [[r.Streaming.MaxNumTexturesToStreamPerFrame:0]]
[2020.05.06-17.49.33:775][  0]LogConfig: Setting CVar [[r.Streaming.Boost:1]]
[2020.05.06-17.49.33:775][  0]LogConfig: Setting CVar [[r.MaxAnisotropy:8]]
[2020.05.06-17.49.33:775][  0]LogConfig: Setting CVar [[r.VT.MaxAnisotropy:8]]
[2020.05.06-17.49.33:775][  0]LogConfig: Setting CVar [[r.Streaming.LimitPoolSizeToVRAM:0]]
[2020.05.06-17.49.33:775][  0]LogConfig: Setting CVar [[r.Streaming.PoolSize:1000]]
[2020.05.06-17.49.33:775][  0]LogConfig: Setting CVar [[r.Streaming.MaxEffectiveScreenSize:0]]
[2020.05.06-17.49.33:775][  0]LogConfig: Applying CVar settings from Section [EffectsQuality@3] File [E:/Unreal Projects/FlockingAssignment/Flocking/Saved/Config/Windows/Scalability.ini]
[2020.05.06-17.49.33:775][  0]LogConfig: Setting CVar [[r.TranslucencyLightingVolumeDim:64]]
[2020.05.06-17.49.33:775][  0]LogConfig: Setting CVar [[r.RefractionQuality:2]]
[2020.05.06-17.49.33:775][  0]LogConfig: Setting CVar [[r.SSR.Quality:3]]
[2020.05.06-17.49.33:775][  0]LogConfig: Setting CVar [[r.SSR.HalfResSceneColor:0]]
[2020.05.06-17.49.33:775][  0]LogConfig: Setting CVar [[r.SceneColorFormat:4]]
[2020.05.06-17.49.33:775][  0]LogConfig: Setting CVar [[r.DetailMode:2]]
[2020.05.06-17.49.33:775][  0]LogConfig: Setting CVar [[r.TranslucencyVolumeBlur:1]]
[2020.05.06-17.49.33:775][  0]LogConfig: Setting CVar [[r.MaterialQualityLevel:1 ; High quality]]
[2020.05.06-17.49.33:775][  0]LogConfig: Setting CVar [[r.SSS.Scale:1]]
[2020.05.06-17.49.33:775][  0]LogConfig: Setting CVar [[r.SSS.SampleSet:2]]
[2020.05.06-17.49.33:775][  0]LogConfig: Setting CVar [[r.SSS.Quality:1]]
[2020.05.06-17.49.33:775][  0]LogConfig: Setting CVar [[r.SSS.HalfRes:1]]
[2020.05.06-17.49.33:775][  0]LogConfig: Setting CVar [[r.SSGI.Quality:3]]
[2020.05.06-17.49.33:775][  0]LogConfig: Setting CVar [[r.EmitterSpawnRateScale:1.0]]
[2020.05.06-17.49.33:775][  0]LogConfig: Setting CVar [[r.ParticleLightQuality:2]]
[2020.05.06-17.49.33:775][  0]LogConfig: Setting CVar [[r.SkyAtmosphere.AerialPerspectiveLUT.FastApplyOnOpaque:1 ; Always have FastSkyLUT 1 in this case to avoid wrong sky]]
[2020.05.06-17.49.33:775][  0]LogConfig: Setting CVar [[r.SkyAtmosphere.AerialPerspectiveLUT.SampleCountPerSlice:1]]
[2020.05.06-17.49.33:775][  0]LogConfig: Setting CVar [[r.SkyAtmosphere.AerialPerspectiveLUT.DepthResolution:16.0]]
[2020.05.06-17.49.33:775][  0]LogConfig: Setting CVar [[r.SkyAtmosphere.FastSkyLUT:1]]
[2020.05.06-17.49.33:775][  0]LogConfig: Setting CVar [[r.SkyAtmosphere.FastSkyLUT.SampleCountMin:4.0]]
[2020.05.06-17.49.33:775][  0]LogConfig: Setting CVar [[r.SkyAtmosphere.FastSkyLUT.SampleCountMax:32.0]]
[2020.05.06-17.49.33:775][  0]LogConfig: Setting CVar [[r.SkyAtmosphere.SampleCountMin:4.0]]
[2020.05.06-17.49.33:776][  0]LogConfig: Setting CVar [[r.SkyAtmosphere.SampleCountMax:32.0]]
[2020.05.06-17.49.33:776][  0]LogConfig: Setting CVar [[r.SkyAtmosphere.TransmittanceLUT.UseSmallFormat:0]]
[2020.05.06-17.49.33:776][  0]LogConfig: Setting CVar [[r.SkyAtmosphere.TransmittanceLUT.SampleCount:10.0]]
[2020.05.06-17.49.33:776][  0]LogConfig: Setting CVar [[r.SkyAtmosphere.MultiScatteringLUT.SampleCount:15.0]]
[2020.05.06-17.49.33:776][  0]LogConfig: Applying CVar settings from Section [FoliageQuality@3] File [E:/Unreal Projects/FlockingAssignment/Flocking/Saved/Config/Windows/Scalability.ini]
[2020.05.06-17.49.33:776][  0]LogConfig: Setting CVar [[foliage.DensityScale:1.0]]
[2020.05.06-17.49.33:776][  0]LogConfig: Setting CVar [[grass.DensityScale:1.0]]
[2020.05.06-17.49.33:776][  0]LogConfig: Applying CVar settings from Section [ShadingQuality@3] File [E:/Unreal Projects/FlockingAssignment/Flocking/Saved/Config/Windows/Scalability.ini]
[2020.05.06-17.49.33:776][  0]LogConfig: Setting CVar [[r.HairStrands.SkyLighting.SampleCount:16]]
[2020.05.06-17.49.33:776][  0]LogConfig: Setting CVar [[r.HairStrands.SkyLighting.JitterIntegration:0]]
[2020.05.06-17.49.33:776][  0]LogConfig: Setting CVar [[r.HairStrands.SkyAO.SampleCount:16]]
[2020.05.06-17.49.33:776][  0]LogConfig: Applying CVar settings from Section [Startup] File [../../../Engine/Config/ConsoleVariables.ini]
[2020.05.06-17.49.33:776][  0]LogConfig: Setting CVar [[net.UseAdaptiveNetUpdateFrequency:0]]
[2020.05.06-17.49.33:776][  0]LogConfig: Setting CVar [[p.chaos.AllowCreatePhysxBodies:1]]
[2020.05.06-17.49.33:776][  0]LogConfig: Applying CVar settings from Section [ConsoleVariables] File [E:/Unreal Projects/FlockingAssignment/Flocking/Saved/Config/Windows/Engine.ini]
[2020.05.06-17.49.33:776][  0]LogInit: Computer: DESKTOP-4UTISHD
[2020.05.06-17.49.33:776][  0]LogInit: User: Alex
[2020.05.06-17.49.33:776][  0]LogInit: CPU Page size=4096, Cores=4
[2020.05.06-17.49.33:776][  0]LogInit: High frequency timer resolution =10.000000 MHz
[2020.05.06-17.49.33:776][  0]LogMemory: Memory total: Physical=16.0GB (16GB approx)
[2020.05.06-17.49.33:776][  0]LogMemory: Platform Memory Stats for Windows
[2020.05.06-17.49.33:776][  0]LogMemory: Process Physical Memory: 105.21 MB used, 105.21 MB peak
[2020.05.06-17.49.33:776][  0]LogMemory: Process Virtual Memory: 100.69 MB used, 100.69 MB peak
[2020.05.06-17.49.33:776][  0]LogMemory: Physical Memory: 8469.09 MB used,  7874.23 MB free, 16343.32 MB total
[2020.05.06-17.49.33:776][  0]LogMemory: Virtual Memory: 5137.66 MB used,  134212592.00 MB free, 134217728.00 MB total
[2020.05.06-17.49.33:779][  0]LogWindows: WindowsPlatformFeatures enabled
[2020.05.06-17.49.33:790][  0]LogInit: Using OS detected language (en-US).
[2020.05.06-17.49.33:790][  0]LogInit: Using OS detected locale (en-US).
[2020.05.06-17.49.33:791][  0]LogTextLocalizationManager: No specific localization for 'en-US' exists, so the 'en' localization will be used.
[2020.05.06-17.49.33:919][  0]LogInit: Setting process to per monitor DPI aware
[2020.05.06-17.49.33:951][  0]LogSlate: New Slate User Created.  User Index 0, Is Virtual User: 0
[2020.05.06-17.49.33:951][  0]LogSlate: Slate User Registered.  User Index 0, Is Virtual User: 0
[2020.05.06-17.49.34:040][  0]LogHMD: Failed to initialize OpenVR with code 110
[2020.05.06-17.49.34:040][  0]LogD3D11RHI: D3D11 min allowed feature level: 11_0
[2020.05.06-17.49.34:040][  0]LogD3D11RHI: D3D11 max allowed feature level: 11_0
[2020.05.06-17.49.34:040][  0]LogD3D11RHI: D3D11 adapters:
[2020.05.06-17.49.34:097][  0]LogD3D11RHI:    0. 'NVIDIA GeForce GTX 1080' (Feature Level 11_0)
[2020.05.06-17.49.34:097][  0]LogD3D11RHI:       8079/0/8171 MB DedicatedVideo/DedicatedSystem/SharedSystem, Outputs:2, VendorId:0x10de
[2020.05.06-17.49.34:099][  0]LogD3D11RHI:    1. 'Microsoft Basic Render Driver' (Feature Level 11_0)
[2020.05.06-17.49.34:099][  0]LogD3D11RHI:       0/0/8171 MB DedicatedVideo/DedicatedSystem/SharedSystem, Outputs:0, VendorId:0x1414
[2020.05.06-17.49.34:099][  0]LogD3D11RHI: Chosen D3D11 Adapter: 0
[2020.05.06-17.49.34:112][  0]LogD3D11RHI: Creating new Direct3DDevice
[2020.05.06-17.49.34:113][  0]LogD3D11RHI:     GPU DeviceId: 0x1b80 (for the marketing name, search the web for "GPU Device Id")
[2020.05.06-17.49.34:113][  0]LogWindows: EnumDisplayDevices:
[2020.05.06-17.49.34:113][  0]LogWindows:    0. 'NVIDIA GeForce GTX 1080' (P:1 D:1)
[2020.05.06-17.49.34:114][  0]LogWindows:    1. 'NVIDIA GeForce GTX 1080' (P:0 D:1)
[2020.05.06-17.49.34:114][  0]LogWindows:    2. 'NVIDIA GeForce GTX 1080' (P:0 D:0)
[2020.05.06-17.49.34:114][  0]LogWindows:    3. 'NVIDIA GeForce GTX 1080' (P:0 D:0)
[2020.05.06-17.49.34:115][  0]LogWindows: DebugString: FoundDriverCount:4 
[2020.05.06-17.49.34:115][  0]LogD3D11RHI:     Adapter Name: NVIDIA GeForce GTX 1080
[2020.05.06-17.49.34:115][  0]LogD3D11RHI:   Driver Version: 445.75 (internal:26.21.14.4575, unified:445.75)
[2020.05.06-17.49.34:115][  0]LogD3D11RHI:      Driver Date: 3-17-2020
[2020.05.06-17.49.34:115][  0]LogRHI: Texture pool is 5655 MB (70% of 8079 MB)
[2020.05.06-17.49.34:173][  0]LogD3D11RHI: RHI has support for 64 bit atomics
[2020.05.06-17.49.34:173][  0]LogD3D11RHI: Async texture creation enabled
[2020.05.06-17.49.34:210][  0]LogD3D11RHI: GPU Timing Frequency: 1000.000000 (Debug: 2 1)
[2020.05.06-17.49.34:488][  0]LogTargetPlatformManager: Display: Loaded TargetPlatform 'AllDesktop'
[2020.05.06-17.49.34:515][  0]LogTargetPlatformManager: Display: Loaded TargetPlatform 'Android'
[2020.05.06-17.49.34:515][  0]LogTargetPlatformManager: Display: Loaded TargetPlatform 'Android_ASTC'
[2020.05.06-17.49.34:515][  0]LogTargetPlatformManager: Display: Loaded TargetPlatform 'Android_ATC'
[2020.05.06-17.49.34:515][  0]LogTargetPlatformManager: Display: Loaded TargetPlatform 'Android_DXT'
[2020.05.06-17.49.34:515][  0]LogTargetPlatformManager: Display: Loaded TargetPlatform 'Android_ETC1'
[2020.05.06-17.49.34:515][  0]LogTargetPlatformManager: Display: Loaded TargetPlatform 'Android_ETC1a'
[2020.05.06-17.49.34:515][  0]LogTargetPlatformManager: Display: Loaded TargetPlatform 'Android_ETC2'
[2020.05.06-17.49.34:515][  0]LogTargetPlatformManager: Display: Loaded TargetPlatform 'Android_PVRTC'
[2020.05.06-17.49.34:515][  0]LogTargetPlatformManager: Display: Loaded TargetPlatform 'AndroidClient'
[2020.05.06-17.49.34:515][  0]LogTargetPlatformManager: Display: Loaded TargetPlatform 'Android_ASTCClient'
[2020.05.06-17.49.34:515][  0]LogTargetPlatformManager: Display: Loaded TargetPlatform 'Android_ATCClient'
[2020.05.06-17.49.34:515][  0]LogTargetPlatformManager: Display: Loaded TargetPlatform 'Android_DXTClient'
[2020.05.06-17.49.34:515][  0]LogTargetPlatformManager: Display: Loaded TargetPlatform 'Android_ETC1Client'
[2020.05.06-17.49.34:515][  0]LogTargetPlatformManager: Display: Loaded TargetPlatform 'Android_ETC1aClient'
[2020.05.06-17.49.34:515][  0]LogTargetPlatformManager: Display: Loaded TargetPlatform 'Android_ETC2Client'
[2020.05.06-17.49.34:515][  0]LogTargetPlatformManager: Display: Loaded TargetPlatform 'Android_PVRTCClient'
[2020.05.06-17.49.34:515][  0]LogTargetPlatformManager: Display: Loaded TargetPlatform 'Android_Multi'
[2020.05.06-17.49.34:515][  0]LogTargetPlatformManager: Display: Loaded TargetPlatform 'Android_MultiClient'
[2020.05.06-17.49.34:528][  0]LogTargetPlatformManager: Display: Loaded TargetPlatform 'IOSClient'
[2020.05.06-17.49.34:528][  0]LogTargetPlatformManager: Display: Loaded TargetPlatform 'IOS'
[2020.05.06-17.49.34:535][  0]LogTargetPlatformManager: Display: Loaded TargetPlatform 'LinuxNoEditor'
[2020.05.06-17.49.34:541][  0]LogTargetPlatformManager: Display: Loaded TargetPlatform 'LinuxClient'
[2020.05.06-17.49.34:547][  0]LogTargetPlatformManager: Display: Loaded TargetPlatform 'LinuxServer'
[2020.05.06-17.49.34:553][  0]LogTargetPlatformManager: Display: Loaded TargetPlatform 'LinuxAArch64NoEditor'
[2020.05.06-17.49.34:558][  0]LogTargetPlatformManager: Display: Loaded TargetPlatform 'LinuxAArch64Client'
[2020.05.06-17.49.34:563][  0]LogTargetPlatformManager: Display: Loaded TargetPlatform 'LinuxAArch64Server'
[2020.05.06-17.49.34:581][  0]LogTargetPlatformManager: Display: Loaded TargetPlatform 'Lumin'
[2020.05.06-17.49.34:581][  0]LogTargetPlatformManager: Display: Loaded TargetPlatform 'LuminClient'
[2020.05.06-17.49.34:591][  0]LogTargetPlatformManager: Display: Loaded TargetPlatform 'TVOSClient'
[2020.05.06-17.49.34:591][  0]LogTargetPlatformManager: Display: Loaded TargetPlatform 'TVOS'
[2020.05.06-17.49.34:596][  0]LogTargetPlatformManager: Display: Loaded TargetPlatform 'WindowsNoEditor'
[2020.05.06-17.49.34:602][  0]LogTargetPlatformManager: Display: Loaded TargetPlatform 'Windows'
[2020.05.06-17.49.34:608][  0]LogTargetPlatformManager: Display: Loaded TargetPlatform 'WindowsClient'
[2020.05.06-17.49.34:613][  0]LogTargetPlatformManager: Display: Loaded TargetPlatform 'WindowsServer'
[2020.05.06-17.49.34:613][  0]LogTargetPlatformManager: Display: Building Assets For Windows
[2020.05.06-17.49.34:615][  0]LogAudioDebug: Display: Lib vorbis DLL was dynamically loaded.
[2020.05.06-17.49.34:627][  0]LogShaderCompilers: Guid format shader working directory is -17 characters bigger than the processId version (../../../../../../Unreal Projects/FlockingAssignment/Flocking/Intermediate/Shaders/WorkingDirectory/20368/).
[2020.05.06-17.49.34:627][  0]LogShaderCompilers: Cleaned the shader compiler working directory 'C:/Users/Alex/AppData/Local/Temp/UnrealShaderWorkingDir/AB88349E4985C0FA6BD20E8971BB9548/'.
[2020.05.06-17.49.34:628][  0]LogXGEController: Cannot use XGE Controller as Incredibuild is not installed on this machine.
[2020.05.06-17.49.34:628][  0]LogShaderCompilers: Cannot use XGE Shader Compiler as Incredibuild is not installed on this machine.
[2020.05.06-17.49.34:628][  0]LogShaderCompilers: Display: Using Local Shader Compiler.
[2020.05.06-17.49.35:240][  0]LogDerivedDataCache: Display: Max Cache Size: 512 MB
[2020.05.06-17.49.35:296][  0]LogDerivedDataCache: Loaded boot cache 0.06s 78MB C:/Users/Alex/AppData/Local/UnrealEngine/4.24/DerivedDataCache/Boot.ddc.
[2020.05.06-17.49.35:296][  0]LogDerivedDataCache: Display: Loaded Boot cache: C:/Users/Alex/AppData/Local/UnrealEngine/4.24/DerivedDataCache/Boot.ddc
[2020.05.06-17.49.35:296][  0]LogDerivedDataCache: FDerivedDataBackendGraph:  Pak pak cache file ../../../../../../Unreal Projects/FlockingAssignment/Flocking/DerivedDataCache/DDC.ddp not found, will not use a pak cache.
[2020.05.06-17.49.35:296][  0]LogDerivedDataCache: Unable to find inner node Pak for hierarchical cache Hierarchy.
[2020.05.06-17.49.35:296][  0]LogDerivedDataCache: FDerivedDataBackendGraph:  CompressedPak pak cache file ../../../../../../Unreal Projects/FlockingAssignment/Flocking/DerivedDataCache/Compressed.ddp not found, will not use a pak cache.
[2020.05.06-17.49.35:296][  0]LogDerivedDataCache: Unable to find inner node CompressedPak for hierarchical cache Hierarchy.
[2020.05.06-17.49.35:306][  0]LogDerivedDataCache: Display: Pak cache opened for reading ../../../Engine/DerivedDataCache/Compressed.ddp.
[2020.05.06-17.49.35:306][  0]LogDerivedDataCache: FDerivedDataBackendGraph:  EnterprisePak pak cache file ../../../Enterprise/DerivedDataCache/Compressed.ddp not found, will not use a pak cache.
[2020.05.06-17.49.35:306][  0]LogDerivedDataCache: Unable to find inner node EnterprisePak for hierarchical cache Hierarchy.
[2020.05.06-17.49.35:307][  0]LogDerivedDataCache: Using Local data cache path C:/Users/Alex/AppData/Local/UnrealEngine/Common/DerivedDataCache: Writable
[2020.05.06-17.49.35:307][  0]LogDerivedDataCache: Shared data cache path not found in *engine.ini, will not use an Shared cache.
[2020.05.06-17.49.35:307][  0]LogDerivedDataCache: Unable to find inner node Shared for hierarchical cache Hierarchy.
[2020.05.06-17.49.35:329][  0]LogMaterial: Verifying Global Shaders for PCD3D_SM5
[2020.05.06-17.49.35:331][  0]LogSlate: Using FreeType 2.10.0
[2020.05.06-17.49.35:331][  0]LogSlate: SlateFontServices - WITH_FREETYPE: 1, WITH_HARFBUZZ: 1
[2020.05.06-17.49.35:376][  0]LogAssetRegistry: FAssetRegistry took 0.0029 seconds to start up
[2020.05.06-17.49.35:644][  0]LogInit: Selected Device Profile: [Windows]
[2020.05.06-17.49.35:826][  0]LogMeshReduction: Using QuadricMeshReduction for automatic static mesh reduction
[2020.05.06-17.49.35:826][  0]LogMeshReduction: Using SimplygonMeshReduction for automatic skeletal mesh reduction
[2020.05.06-17.49.35:826][  0]LogMeshReduction: Using ProxyLODMeshReduction for automatic mesh merging
[2020.05.06-17.49.35:826][  0]LogMeshReduction: No distributed automatic mesh merging module available
[2020.05.06-17.49.35:826][  0]LogMeshMerging: No distributed automatic mesh merging module available
[2020.05.06-17.49.35:843][  0]LogNetVersion: Flocking 1.0.0, NetCL: 10570792, EngineNetVer: 13, GameNetVer: 0 (Checksum: 1320047615)
[2020.05.06-17.49.36:855][  0]LogPackageLocalizationCache: Processed 10 localized package path(s) for 1 prioritized culture(s) in 0.036766 seconds
[2020.05.06-17.49.36:863][  0]LogUObjectArray: 46750 objects as part of root set at end of initial load.
[2020.05.06-17.49.36:863][  0]LogUObjectAllocator: 8137160 out of 0 bytes used by permanent object pool.
[2020.05.06-17.49.36:863][  0]LogUObjectArray: CloseDisregardForGC: 0/0 objects in disregard for GC pool
[2020.05.06-17.49.37:198][  0]LogTcpMessaging: Initializing TcpMessaging bridge
[2020.05.06-17.49.37:201][  0]LogUdpMessaging: Initializing bridge on interface 0.0.0.0:0 to multicast group 230.0.0.1:6666.
[2020.05.06-17.49.37:265][  0]SourceControl: Source control is disabled
[2020.05.06-17.49.37:635][  0]LogAndroidPermission: UAndroidPermissionCallbackProxy::GetInstance
[2020.05.06-17.49.37:645][  0]LogAudioCaptureCore: Display: No Audio Capture implementations found. Audio input will be silent.
[2020.05.06-17.49.37:645][  0]LogAudioCaptureCore: Display: No Audio Capture implementations found. Audio input will be silent.
[2020.05.06-17.49.37:711][  0]LogOcInput: OculusInput pre-init called
[2020.05.06-17.49.37:717][  0]LogWindows: Failed to load 'OVRPlugin.dll' (GetLastError=126)
[2020.05.06-17.49.37:717][  0]LogWindows: File 'OVRPlugin.dll' does not exist
[2020.05.06-17.49.37:776][  0]LogEngine: Initializing Engine...
[2020.05.06-17.49.37:777][  0]LogHMD: Failed to initialize OpenVR with code 110
[2020.05.06-17.49.37:778][  0]LogStats: UGameplayTagsManager::InitializeManager -  0.000 s
[2020.05.06-17.49.38:089][  0]LogInit: Initializing FReadOnlyCVARCache
[2020.05.06-17.49.38:094][  0]LogAIModule: Creating AISystem for world Untitled
[2020.05.06-17.49.38:110][  0]LogAudioMixer: Display: Audio Mixer Platform Settings:
[2020.05.06-17.49.38:110][  0]LogAudioMixer: Display: 	Sample Rate:						  48000
[2020.05.06-17.49.38:110][  0]LogAudioMixer: Display: 	Callback Buffer Frame Size Requested: 1024
[2020.05.06-17.49.38:110][  0]LogAudioMixer: Display: 	Callback Buffer Frame Size To Use:	  1024
[2020.05.06-17.49.38:110][  0]LogAudioMixer: Display: 	Number of buffers to queue:			  2
[2020.05.06-17.49.38:110][  0]LogAudioMixer: Display: 	Max Channels (voices):				  32
[2020.05.06-17.49.38:110][  0]LogAudioMixer: Display: 	Number of Async Source Workers:		  0
[2020.05.06-17.49.38:110][  0]LogAudio: Display: AudioDevice MaxSources: 32
[2020.05.06-17.49.38:111][  0]LogAudio: Display: Using built-in audio occlusion.
[2020.05.06-17.49.38:111][  0]LogAudioMixer: Display: Initializing audio mixer.
[2020.05.06-17.49.38:134][  0]LogAudioMixer: Display: Audio Device Output Speaker Info:
[2020.05.06-17.49.38:134][  0]LogAudioMixer: Display: Name: Dell S2417DG (NVIDIA High Definition Audio)
[2020.05.06-17.49.38:134][  0]LogAudioMixer: Display: Is Default: Yes
[2020.05.06-17.49.38:134][  0]LogAudioMixer: Display: Sample Rate: 48000
[2020.05.06-17.49.38:134][  0]LogAudioMixer: Display: Channel Count Used: 2
[2020.05.06-17.49.38:134][  0]LogAudioMixer: Display: Device Channel Count: 2
[2020.05.06-17.49.38:134][  0]LogAudioMixer: Display: Channel Order:
[2020.05.06-17.49.38:134][  0]LogAudioMixer: Display: 0: FrontLeft
[2020.05.06-17.49.38:134][  0]LogAudioMixer: Display: 1: FrontRight
[2020.05.06-17.49.38:146][  0]LogAudioMixer: Display: Using Audio Device Dell S2417DG (NVIDIA High Definition Audio)
[2020.05.06-17.49.38:154][  0]LogInit: FAudioDevice initialized.
[2020.05.06-17.49.38:154][  0]LogNetVersion: Set ProjectVersion to 1.0.0.0. Version Checksum will be recalculated on next use.
[2020.05.06-17.49.38:227][  0]LogDerivedDataCache: Saved boot cache 0.07s 78MB C:/Users/Alex/AppData/Local/UnrealEngine/4.24/DerivedDataCache/Boot.ddc.
[2020.05.06-17.49.38:231][  0]LogInit: Texture streaming: Enabled
[2020.05.06-17.49.38:240][  0]LogEngineSessionManager: EngineSessionManager initialized
[2020.05.06-17.49.38:240][  0]LogEngineSessionManager: EngineSessionManager sent abnormal shutdown report. Type=Crashed, SessionId={34730E16-438F-FB5F-D2DC-7285D3D98C00}
[2020.05.06-17.49.38:240][  0]LogEditorSessionSummary: Verbose: Initializing EditorSessionSummaryWriter for editor session tracking
[2020.05.06-17.49.38:241][  0]LogEditorSessionSummary: EditorSessionSummaryWriter initialized
[2020.05.06-17.49.38:287][  0]LogInit: Transaction tracking system initialized
[2020.05.06-17.49.38:295][  0]BlueprintLog: New page: Editor Load
[2020.05.06-17.49.38:318][  0]LocalizationService: Localization service is disabled
[2020.05.06-17.49.38:551][  0]LogFileCache: Scanning file cache for directory 'E:/Unreal Projects/FlockingAssignment/Flocking/Content/' took 0.00s
[2020.05.06-17.49.38:551][  0]LogCook: Display: Max memory allowance for cook 16384mb min free memory 0mb
[2020.05.06-17.49.38:551][  0]LogCook: Display: Mobile HDR setting 1
[2020.05.06-17.49.39:070][  0]Cmd: MAP LOAD FILE="../../../../../../Unreal Projects/FlockingAssignment/Flocking/Content/NewMap.umap" TEMPLATE=0 SHOWPROGRESS=1 FEATURELEVEL=3
[2020.05.06-17.49.39:070][  0]LightingResults: New page: Lighting Build
[2020.05.06-17.49.39:070][  0]LogWorld: UWorld::CleanupWorld for Untitled, bSessionEnded=true, bCleanupResources=true
[2020.05.06-17.49.39:070][  0]LogSlate: InvalidateAllWidgets triggered.  All widgets were invalidated
[2020.05.06-17.49.39:071][  0]MapCheck: New page: Map Check
[2020.05.06-17.49.39:071][  0]LightingResults: New page: Lighting Build
[2020.05.06-17.49.39:092][  0]LogUObjectHash: Compacting FUObjectHashTables data took   1.35ms
[2020.05.06-17.49.39:158][  0]LogAIModule: Creating AISystem for world NewMap
[2020.05.06-17.49.39:162][  0]LogEditorServer: Finished looking for orphan Actors (0.000 secs)
[2020.05.06-17.49.39:185][  0]LogUObjectHash: Compacting FUObjectHashTables data took   1.59ms
[2020.05.06-17.49.39:186][  0]Cmd: MAP CHECKDEP NOCLEARLOG
[2020.05.06-17.49.39:186][  0]MapCheck: Map check complete: 0 Error(s), 0 Warning(s), took 0.074ms to complete.
[2020.05.06-17.49.39:186][  0]LogFileHelpers: Loading map 'NewMap' took 0.116
[2020.05.06-17.49.39:314][  0]LogSlate: Updating window title bar state: overlay mode, drag disabled, window buttons hidden, title bar hidden
[2020.05.06-17.49.39:322][  0]LogSlate: Updating window title bar state: overlay mode, drag disabled, window buttons hidden, title bar hidden
[2020.05.06-17.49.39:330][  0]LogSlate: Updating window title bar state: overlay mode, drag disabled, window buttons hidden, title bar hidden
[2020.05.06-17.49.39:337][  0]LogSlate: Updating window title bar state: overlay mode, drag disabled, window buttons hidden, title bar hidden
[2020.05.06-17.49.39:343][  0]LogCollectionManager: Loaded 0 collections in 0.000577 seconds
[2020.05.06-17.49.39:355][  0]LogFileCache: Scanning file cache for directory 'E:/Unreal Projects/FlockingAssignment/Flocking/Saved/Collections/' took 0.00s
[2020.05.06-17.49.39:356][  0]LogFileCache: Scanning file cache for directory 'E:/Unreal Projects/FlockingAssignment/Flocking/Content/Developers/Alex/Collections/' took 0.00s
[2020.05.06-17.49.39:356][  0]LogFileCache: Scanning file cache for directory 'E:/Unreal Projects/FlockingAssignment/Flocking/Content/Collections/' took 0.00s
[2020.05.06-17.49.39:356][  0]LogContentBrowser: Native class hierarchy populated in 0.0099 seconds. Added 3021 classes and 719 folders.
[2020.05.06-17.49.39:360][  0]LogContentBrowser: Native class hierarchy updated for 'WidgetCarousel' in 0.0004 seconds. Added 0 classes and 0 folders.
[2020.05.06-17.49.39:394][  0]LogContentBrowser: Native class hierarchy updated for 'AddContentDialog' in 0.0004 seconds. Added 0 classes and 0 folders.
[2020.05.06-17.49.39:399][  0]LogContentBrowser: Native class hierarchy updated for 'SceneOutliner' in 0.0004 seconds. Added 2 classes and 3 folders.
[2020.05.06-17.49.39:432][  0]LogSlate: Took 0.000155 seconds to synchronously load lazily loaded font '../../../Engine/Content/Slate/Fonts/Roboto-Regular.ttf' (155K)
[2020.05.06-17.49.39:434][  0]LogSlate: Took 0.000157 seconds to synchronously load lazily loaded font '../../../Engine/Content/Slate/Fonts/Roboto-Bold.ttf' (160K)
[2020.05.06-17.49.39:439][  0]LogSlate: Took 0.000131 seconds to synchronously load lazily loaded font '../../../Engine/Content/Editor/Slate/Fonts/FontAwesome.ttf' (139K)
[2020.05.06-17.49.39:524][  0]LogRenderer: Reallocating scene render targets to support 1004x628 Format 10 NumSamples 1 (Frame:1).
[2020.05.06-17.49.39:617][  0]LogContentBrowser: Native class hierarchy updated for 'HierarchicalLODOutliner' in 0.0003 seconds. Added 0 classes and 0 folders.
[2020.05.06-17.49.39:617][  0]LogLoad: (Engine Initialization) Total time: 6.53 seconds
[2020.05.06-17.49.39:617][  0]LogLoad: (Engine Initialization) Total Blueprint compile time: 0.00 seconds
[2020.05.06-17.49.39:652][  0]LogAssetRegistry: Asset discovery search completed in 4.2762 seconds
[2020.05.06-17.49.39:654][  0]LogCollectionManager: Fixed up redirectors for 0 collections in 0.000008 seconds (updated 0 objects)
[2020.05.06-17.49.39:661][  0]LogContentStreaming: Texture pool size now 1000 MB
[2020.05.06-17.50.36:326][321]Candidate modules for hot reload:
[2020.05.06-17.50.36:326][321]  Flocking
[2020.05.06-17.50.36:326][321]Launching UnrealBuildTool... [E:/UE4/Epic Games/UE_4.24/Engine/Binaries/DotNET/UnrealBuildTool.exe  -ModuleWithSuffix=Flocking,5968 Win64 Development -TargetType=Editor -Project="E:/Unreal Projects/FlockingAssignment/Flocking/Flocking.uproject" "E:/Unreal Projects/FlockingAssignment/Flocking/Flocking.uproject"  -IgnoreJunk]
[2020.05.06-17.50.36:327][321]Warning: Starting HotReload took  0.0s.
[2020.05.06-17.50.42:082][725]CompilerResultsLog: New page: Compilation - May 6, 2020, 9:50:42 AM
[2020.05.06-17.50.42:083][725]CompilerResultsLog: Using 'git status' to determine working set for adaptive non-unity build (E:\Unreal Projects\FlockingAssignment).
[2020.05.06-17.50.42:083][725]CompilerResultsLog: Building FlockingEditor...
[2020.05.06-17.50.42:083][725]CompilerResultsLog: Using Visual Studio 2017 14.16.27034 toolchain (C:\Program Files (x86)\Microsoft Visual Studio\2017\Community\VC\Tools\MSVC\14.16.27023) and Windows 10.0.17763.0 SDK (C:\Program Files (x86)\Windows Kits\10).
[2020.05.06-17.50.42:083][725]CompilerResultsLog: Building 4 actions with 8 processes...
[2020.05.06-17.50.42:083][725]CompilerResultsLog:   [1/4] FlockingManager.cpp
[2020.05.06-17.50.42:083][725]CompilerResultsLog:   [2/4] UE4Editor-Flocking-5968.lib
[2020.05.06-17.50.42:083][725]CompilerResultsLog:      Creating library E:\Unreal Projects\FlockingAssignment\Flocking\Intermediate\Build\Win64\UE4Editor\Development\Flocking\UE4Editor-Flocking-5968.lib and object E:\Unreal Projects\FlockingAssignment\Flocking\Intermediate\Build\Win64\UE4Editor\Development\Flocking\UE4Editor-Flocking-5968.exp
[2020.05.06-17.50.42:083][725]CompilerResultsLog:   [3/4] UE4Editor-Flocking-5968.dll
[2020.05.06-17.50.42:083][725]CompilerResultsLog:      Creating library E:\Unreal Projects\FlockingAssignment\Flocking\Intermediate\Build\Win64\UE4Editor\Development\Flocking\UE4Editor-Flocking-5968.suppressed.lib and object E:\Unreal Projects\FlockingAssignment\Flocking\Intermediate\Build\Win64\UE4Editor\Development\Flocking\UE4Editor-Flocking-5968.suppressed.exp
[2020.05.06-17.50.42:083][725]CompilerResultsLog:   [4/4] FlockingEditor.target
[2020.05.06-17.50.42:083][725]CompilerResultsLog: Total time in Parallel executor: 1.72 seconds
[2020.05.06-17.50.42:083][725]CompilerResultsLog: Total execution time: 5.67 seconds
[2020.05.06-17.50.42:083][725]LogMainFrame: MainFrame: Module compiling took 5.762 seconds
[2020.05.06-17.50.42:103][725]LogUObjectHash: Compacting FUObjectHashTables data took   0.68ms
[2020.05.06-17.50.42:129][725]LogContentBrowser: Native class hierarchy updated for 'Flocking' in 0.0003 seconds. Added 6 classes and 2 folders.
[2020.05.06-17.50.42:132][725]Display: HotReload successful (1 functions remapped  0 scriptstructs remapped)
[2020.05.06-17.50.42:185][725]LogUObjectHash: Compacting FUObjectHashTables data took   1.07ms
[2020.05.06-17.50.42:195][725]LogContentBrowser: Native class hierarchy populated in 0.0066 seconds. Added 3023 classes and 722 folders.
[2020.05.06-17.50.42:195][725]Display: HotReload took  5.9s.
[2020.05.06-17.50.43:856][810]LogTemp: Repeating last play command: Selected Viewport
[2020.05.06-17.50.43:871][810]LogPlayLevel: PlayLevel: No blueprints needed recompiling
[2020.05.06-17.50.43:871][810]PIE: New page: PIE session: NewMap (May 6, 2020, 9:50:43 AM)
[2020.05.06-17.50.43:871][810]LogOnline: OSS: Creating online subsystem instance for: NULL
[2020.05.06-17.50.43:872][810]LogOnline: OSS: TryLoadSubsystemAndSetDefault: Loaded subsystem for module [NULL]
[2020.05.06-17.50.43:872][810]LogPlayLevel: Creating play world package: /Game/UEDPIE_0_NewMap
[2020.05.06-17.50.43:874][810]LogPlayLevel: PIE: StaticDuplicateObject took: (0.002142s)
[2020.05.06-17.50.43:875][810]LogAIModule: Creating AISystem for world NewMap
[2020.05.06-17.50.43:875][810]LogPlayLevel: PIE: World Init took: (0.000846s)
[2020.05.06-17.50.43:875][810]LogPlayLevel: PIE: Created PIE world by copying editor world from /Game/NewMap.NewMap to /Game/UEDPIE_0_NewMap.NewMap (0.003261s)
[2020.05.06-17.50.43:895][810]LogUObjectHash: Compacting FUObjectHashTables data took   1.13ms
[2020.05.06-17.50.43:896][810]LogAudioMixer: Display: Audio Mixer Platform Settings:
[2020.05.06-17.50.43:896][810]LogAudioMixer: Display: 	Sample Rate:						  48000
[2020.05.06-17.50.43:896][810]LogAudioMixer: Display: 	Callback Buffer Frame Size Requested: 1024
[2020.05.06-17.50.43:896][810]LogAudioMixer: Display: 	Callback Buffer Frame Size To Use:	  1024
[2020.05.06-17.50.43:896][810]LogAudioMixer: Display: 	Number of buffers to queue:			  2
[2020.05.06-17.50.43:896][810]LogAudioMixer: Display: 	Max Channels (voices):				  32
[2020.05.06-17.50.43:896][810]LogAudioMixer: Display: 	Number of Async Source Workers:		  0
[2020.05.06-17.50.43:896][810]LogAudio: Display: AudioDevice MaxSources: 32
[2020.05.06-17.50.43:896][810]LogAudio: Display: Using built-in audio occlusion.
[2020.05.06-17.50.43:896][810]LogAudioMixer: Display: Initializing audio mixer.
[2020.05.06-17.50.43:913][810]LogAudioMixer: Display: Audio Device Output Speaker Info:
[2020.05.06-17.50.43:913][810]LogAudioMixer: Display: Name: Dell S2417DG (NVIDIA High Definition Audio)
[2020.05.06-17.50.43:913][810]LogAudioMixer: Display: Is Default: Yes
[2020.05.06-17.50.43:913][810]LogAudioMixer: Display: Sample Rate: 48000
[2020.05.06-17.50.43:913][810]LogAudioMixer: Display: Channel Count Used: 2
[2020.05.06-17.50.43:913][810]LogAudioMixer: Display: Device Channel Count: 2
[2020.05.06-17.50.43:913][810]LogAudioMixer: Display: Channel Order:
[2020.05.06-17.50.43:913][810]LogAudioMixer: Display: 0: FrontLeft
[2020.05.06-17.50.43:913][810]LogAudioMixer: Display: 1: FrontRight
[2020.05.06-17.50.43:919][810]LogAudioMixer: Display: Using Audio Device Dell S2417DG (NVIDIA High Definition Audio)
[2020.05.06-17.50.43:921][810]LogInit: FAudioDevice initialized.
[2020.05.06-17.50.43:930][810]LogLoad: Game class is 'MyFlockingGameModeBaseBP_C'
[2020.05.06-17.50.43:930][810]LogActor: Warning: MyFlockingGameModeBaseBP_C /Game/UEDPIE_0_NewMap.NewMap:PersistentLevel.MyFlockingGameModeBaseBP_C_0 has natively added scene component(s), but none of them were set as the actor's RootComponent - picking one arbitrarily
[2020.05.06-17.50.43:932][810]LogWorld: Bringing World /Game/UEDPIE_0_NewMap.NewMap up for play (max tick rate 0) at 2020.05.06-13.50.43
[2020.05.06-17.50.43:932][810]LogWorld: Bringing up level for play took: 0.000755
[2020.05.06-17.50.43:932][810]LogOnline: OSS: Creating online subsystem instance for: :Context_1
[2020.05.06-17.50.43:944][810]LogContentBrowser: Native class hierarchy updated for 'MovieSceneCapture' in 0.0003 seconds. Added 20 classes and 0 folders.
[2020.05.06-17.50.43:944][810]LogTemp: Warning: GAMEMODE BEGINPLAY()
[2020.05.06-17.50.43:944][810]LogTemp: Warning: Manager initialized
[2020.05.06-17.50.43:944][810]LogTemp: Warning: Agent initialized.
[2020.05.06-17.50.43:945][810]LogTemp: Warning: Agent initialized.
[2020.05.06-17.50.43:945][810]LogTemp: Warning: Agent initialized.
[2020.05.06-17.50.43:945][810]LogTemp: Warning: Agent initialized.
[2020.05.06-17.50.43:945][810]LogTemp: Warning: Agent initialized.
[2020.05.06-17.50.43:945][810]LogTemp: Warning: Agent initialized.
[2020.05.06-17.50.43:945][810]LogTemp: Warning: Agent initialized.
[2020.05.06-17.50.43:945][810]LogTemp: Warning: Agent initialized.
[2020.05.06-17.50.43:945][810]LogTemp: Warning: Agent initialized.
[2020.05.06-17.50.43:945][810]LogTemp: Warning: Agent initialized.
[2020.05.06-17.50.43:945][810]PIE: Play in editor start time for /Game/UEDPIE_0_NewMap -0.179
[2020.05.06-17.50.45:309][810]LogWindows: Error: === Critical error: ===
[2020.05.06-17.50.45:309][810]LogWindows: Error: 
[2020.05.06-17.50.45:309][810]LogWindows: Error: Fatal error!
[2020.05.06-17.50.45:309][810]LogWindows: Error: 
[2020.05.06-17.50.45:309][810]LogWindows: Error: Unhandled Exception: EXCEPTION_ACCESS_VIOLATION reading address 0x00000210
[2020.05.06-17.50.45:309][810]LogWindows: Error: 
[2020.05.06-17.50.45:309][810]LogWindows: Error: [Callstack] 0x00007ffb9d8932c4 UE4Editor-Engine.dll!UnknownFunction []
[2020.05.06-17.50.45:309][810]LogWindows: Error: [Callstack] 0x00007ffbf87b464c UE4Editor-Flocking-5968.dll!UFlockingManager::tend_to_player() [e:\unreal projects\flockingassignment\flocking\source\flocking\flockingmanager.cpp:165]
[2020.05.06-17.50.45:309][810]LogWindows: Error: [Callstack] 0x00007ffbf87b3a5f UE4Editor-Flocking-5968.dll!UFlockingManager::Flock() [e:\unreal projects\flockingassignment\flocking\source\flocking\flockingmanager.cpp:91]
[2020.05.06-17.50.45:309][810]LogWindows: Error: [Callstack] 0x00007ffb9c60f402 UE4Editor-Engine.dll!UnknownFunction []
[2020.05.06-17.50.45:309][810]LogWindows: Error: [Callstack] 0x00007ffb9c5d7866 UE4Editor-Engine.dll!UnknownFunction []
[2020.05.06-17.50.45:309][810]LogWindows: Error: [Callstack] 0x00007ffb9d717223 UE4Editor-Engine.dll!UnknownFunction []
[2020.05.06-17.50.45:309][810]LogWindows: Error: [Callstack] 0x00007ffb9d725256 UE4Editor-Engine.dll!UnknownFunction []
[2020.05.06-17.50.45:309][810]LogWindows: Error: [Callstack] 0x00007ffb9fa19ff2 UE4Editor-Core.dll!UnknownFunction []
[2020.05.06-17.50.45:309][810]LogWindows: Error: [Callstack] 0x00007ffb9fa1a393 UE4Editor-Core.dll!UnknownFunction []
[2020.05.06-17.50.45:309][810]LogWindows: Error: [Callstack] 0x00007ffb9fa2aa68 UE4Editor-Core.dll!UnknownFunction []
[2020.05.06-17.50.45:309][810]LogWindows: Error: [Callstack] 0x00007ffb9d7438b0 UE4Editor-Engine.dll!UnknownFunction []
[2020.05.06-17.50.45:309][810]LogWindows: Error: [Callstack] 0x00007ffb9d7497c2 UE4Editor-Engine.dll!UnknownFunction []
[2020.05.06-17.50.45:309][810]LogWindows: Error: [Callstack] 0x00007ffb9ceca25f UE4Editor-Engine.dll!UnknownFunction []
[2020.05.06-17.50.45:309][810]LogWindows: Error: [Callstack] 0x00007ffb9ced5127 UE4Editor-Engine.dll!UnknownFunction []
[2020.05.06-17.50.45:309][810]LogWindows: Error: [Callstack] 0x00007ffb9a6aad60 UE4Editor-UnrealEd.dll!UnknownFunction []
[2020.05.06-17.50.45:309][810]LogWindows: Error: [Callstack] 0x00007ffb9af0e476 UE4Editor-UnrealEd.dll!UnknownFunction []
[2020.05.06-17.50.45:309][810]LogWindows: Error: [Callstack] 0x00007ff68f2c7f62 UE4Editor.exe!UnknownFunction []
[2020.05.06-17.50.45:309][810]LogWindows: Error: [Callstack] 0x00007ff68f2dc3ec UE4Editor.exe!UnknownFunction []
[2020.05.06-17.50.45:309][810]LogWindows: Error: [Callstack] 0x00007ff68f2dc4ca UE4Editor.exe!UnknownFunction []
[2020.05.06-17.50.45:309][810]LogWindows: Error: [Callstack] 0x00007ff68f2eceae UE4Editor.exe!UnknownFunction []
[2020.05.06-17.50.45:309][810]LogWindows: Error: [Callstack] 0x00007ff68f2efcbe UE4Editor.exe!UnknownFunction []
[2020.05.06-17.50.45:309][810]LogWindows: Error: [Callstack] 0x00007ffc11bb7bd4 KERNEL32.DLL!UnknownFunction []
[2020.05.06-17.50.45:309][810]LogWindows: Error: [Callstack] 0x00007ffc11dace51 ntdll.dll!UnknownFunction []
[2020.05.06-17.50.45:309][810]LogWindows: Error: 
[2020.05.06-17.50.45:346][810]LogExit: Executing StaticShutdownAfterError
[2020.05.06-17.50.45:348][810]LogWindows: FPlatformMisc::RequestExit(1)
[2020.05.06-17.50.45:348][810]LogCore: Engine exit requested (reason: Win RequestExit)
[2020.05.06-17.50.45:375][810]Log file closed, 05/06/20 13:50:45
