Log file open, 04/30/20 16:29:20
LogWindows: Failed to load 'aqProf.dll' (GetLastError=126)
LogWindows: File 'aqProf.dll' does not exist
LogWindows: Failed to load 'VtuneApi.dll' (GetLastError=126)
LogWindows: File 'VtuneApi.dll' does not exist
LogWindows: Failed to load 'VtuneApi32e.dll' (GetLastError=126)
LogWindows: File 'VtuneApi32e.dll' does not exist
LogConsoleResponse: Display: Failed to find resolution value strings in scalability ini. Falling back to default.
LogInit: Display: Running engine for game: Flocking
LogPlatformFile: Not using cached read wrapper
LogTaskGraph: Started task graph with 5 named threads and 23 total threads with 3 sets of task threads.
LogStats: Stats thread started at 0.067113
LogD3D11RHI: Loaded GFSDK_Aftermath_Lib.x64.dll
LogICUInternationalization: ICU TimeZone Detection - Raw Offset: -5:00, Platform Override: ''
LogPluginManager: Mounting plugin Paper2D
LogPluginManager: Mounting plugin AISupport
LogPluginManager: Mounting plugin LightPropagationVolume
LogPluginManager: Mounting plugin ActorLayerUtilities
LogPluginManager: Mounting plugin AnimationSharing
LogPluginManager: Mounting plugin CLionSourceCodeAccess
LogPluginManager: Mounting plugin CodeLiteSourceCodeAccess
LogPluginManager: Mounting plugin GitSourceControl
LogPluginManager: Mounting plugin KDevelopSourceCodeAccess
LogPluginManager: Mounting plugin NullSourceCodeAccess
LogPluginManager: Mounting plugin PerforceSourceControl
LogPluginManager: Mounting plugin PlasticSourceControl
LogPluginManager: Mounting plugin SubversionSourceControl
LogPluginManager: Mounting plugin UObjectPlugin
LogPluginManager: Mounting plugin VisualStudioCodeSourceCodeAccess
LogPluginManager: Mounting plugin VisualStudioSourceCodeAccess
LogPluginManager: Mounting plugin XCodeSourceCodeAccess
LogPluginManager: Mounting plugin AssetManagerEditor
LogPluginManager: Mounting plugin CryptoKeys
LogPluginManager: Mounting plugin CurveEditorTools
LogPluginManager: Mounting plugin DataValidation
LogPluginManager: Mounting plugin FacialAnimation
LogPluginManager: Mounting plugin GameplayTagsEditor
LogPluginManager: Mounting plugin MacGraphicsSwitching
LogPluginManager: Mounting plugin MaterialAnalyzer
LogPluginManager: Mounting plugin MobileLauncherProfileWizard
LogPluginManager: Mounting plugin PluginBrowser
LogPluginManager: Mounting plugin SpeedTreeImporter
LogPluginManager: Mounting plugin DatasmithContent
LogPluginManager: Mounting plugin VariantManagerContent
LogPluginManager: Mounting plugin AlembicImporter
LogPluginManager: Mounting plugin AutomationUtils
LogPluginManager: Mounting plugin BackChannel
LogPluginManager: Mounting plugin CharacterAI
LogPluginManager: Mounting plugin GeometryCache
LogPluginManager: Mounting plugin PlatformCrypto
LogPluginManager: Mounting plugin ProxyLODPlugin
LogPluginManager: Mounting plugin SkeletalReduction
LogPluginManager: Mounting plugin MagicLeap
LogPluginManager: Mounting plugin MagicLeapMedia
LogPluginManager: Mounting plugin MLSDK
LogPluginManager: Mounting plugin AndroidMedia
LogPluginManager: Mounting plugin AvfMedia
LogPluginManager: Mounting plugin ImgMedia
LogPluginManager: Mounting plugin MediaCompositing
LogPluginManager: Mounting plugin MediaPlayerEditor
LogPluginManager: Mounting plugin WebMMedia
LogPluginManager: Mounting plugin WmfMedia
LogPluginManager: Mounting plugin TcpMessaging
LogPluginManager: Mounting plugin UdpMessaging
LogPluginManager: Mounting plugin ActorSequence
LogPluginManager: Mounting plugin LevelSequenceEditor
LogPluginManager: Mounting plugin MatineeToLevelSequence
LogPluginManager: Mounting plugin NetcodeUnitTest
LogPluginManager: Mounting plugin NUTUnrealEngine4
LogPluginManager: Mounting plugin OnlineSubsystemGooglePlay
LogPluginManager: Mounting plugin OnlineSubsystemIOS
LogPluginManager: Mounting plugin OnlineSubsystem
LogPluginManager: Mounting plugin OnlineSubsystemNull
LogPluginManager: Mounting plugin OnlineSubsystemUtils
LogPluginManager: Mounting plugin LauncherChunkInstaller
LogPluginManager: Mounting plugin AndroidDeviceProfileSelector
LogPluginManager: Mounting plugin AndroidMoviePlayer
LogPluginManager: Mounting plugin AndroidPermission
LogPluginManager: Mounting plugin AppleImageUtils
LogPluginManager: Mounting plugin AppleMoviePlayer
LogPluginManager: Mounting plugin ArchVisCharacter
LogPluginManager: Mounting plugin AssetTags
LogPluginManager: Mounting plugin AudioCapture
LogPluginManager: Mounting plugin CableComponent
LogPluginManager: Mounting plugin CustomMeshComponent
LogPluginManager: Mounting plugin EditableMesh
LogPluginManager: Mounting plugin ExampleDeviceProfileSelector
LogPluginManager: Mounting plugin GoogleCloudMessaging
LogPluginManager: Mounting plugin IOSDeviceProfileSelector
LogPluginManager: Mounting plugin LinuxDeviceProfileSelector
LogPluginManager: Mounting plugin LocationServicesBPLibrary
LogPluginManager: Mounting plugin MobilePatchingUtils
LogPluginManager: Mounting plugin OculusVR
LogPluginManager: Mounting plugin PhysXVehicles
LogPluginManager: Mounting plugin PostSplashScreen
LogPluginManager: Mounting plugin ProceduralMeshComponent
LogPluginManager: Mounting plugin RuntimePhysXCooking
LogPluginManager: Mounting plugin SignificanceManager
LogPluginManager: Mounting plugin SteamVR
LogPluginManager: Mounting plugin WebMMoviePlayer
LogPluginManager: Mounting plugin WindowsMoviePlayer
LogPluginManager: Mounting plugin ScreenshotTools
LogInit: Using libcurl 7.55.1-DEV
LogInit:  - built for x86_64-pc-win32
LogInit:  - supports SSL with OpenSSL/1.1.1
LogInit:  - supports HTTP deflate (compression) using libz 1.2.8
LogInit:  - other features:
LogInit:      CURL_VERSION_SSL
LogInit:      CURL_VERSION_LIBZ
LogInit:      CURL_VERSION_IPV6
LogInit:      CURL_VERSION_ASYNCHDNS
LogInit:      CURL_VERSION_LARGEFILE
LogInit:      CURL_VERSION_IDN
LogInit:  CurlRequestOptions (configurable via config and command line):
LogInit:  - bVerifyPeer = true  - Libcurl will verify peer certificate
LogInit:  - bUseHttpProxy = false  - Libcurl will NOT use HTTP proxy
LogInit:  - bDontReuseConnections = false  - Libcurl will reuse connections
LogInit:  - MaxHostConnections = 16  - Libcurl will limit the number of connections to a host
LogInit:  - LocalHostAddr = Default
LogInit:  - BufferSize = 65536
LogOnline: OSS: Creating online subsystem instance for: NULL
LogInit: WinSock: version 1.1 (2.2), MaxSocks=32767, MaxUdp=65467
LogOnline: OSS: TryLoadSubsystemAndSetDefault: Loaded subsystem for module [NULL]
LogInit: Build: ++UE4+Release-4.24-CL-11590370
LogInit: Engine Version: 4.24.3-11590370+++UE4+Release-4.24
LogInit: Compatible Engine Version: 4.24.0-10570792+++UE4+Release-4.24
LogInit: Net CL: 10570792
LogInit: OS: Windows 10 (Release 1903) (), CPU: Intel(R) Core(TM) i7-7700K CPU @ 4.20GHz, GPU: NVIDIA GeForce GTX 1080
LogInit: Compiled (64-bit): Feb 24 2020 15:39:18
LogInit: Compiled with Visual C++: 19.16.27032.01
LogInit: Build Configuration: Development
LogInit: Branch Name: ++UE4+Release-4.24
LogInit: Command Line: 
LogInit: Base Directory: E:/UE4/Epic Games/UE_4.24/Engine/Binaries/Win64/
LogInit: Installed Engine Build: 1
LogDevObjectVersion: Number of dev versions registered: 25
LogDevObjectVersion:   Dev-Blueprints (B0D832E4-1F89-4F0D-ACCF-7EB736FD4AA2): 10
LogDevObjectVersion:   Dev-Build (E1C64328-A22C-4D53-A36C-8E866417BD8C): 0
LogDevObjectVersion:   Dev-Core (375EC13C-06E4-48FB-B500-84F0262A717E): 3
LogDevObjectVersion:   Dev-Editor (E4B068ED-F494-42E9-A231-DA0B2E46BB41): 37
LogDevObjectVersion:   Dev-Framework (CFFC743F-43B0-4480-9391-14DF171D2073): 36
LogDevObjectVersion:   Dev-Mobile (B02B49B5-BB20-44E9-A304-32B752E40360): 2
LogDevObjectVersion:   Dev-Networking (A4E4105C-59A1-49B5-A7C5-40C4547EDFEE): 0
LogDevObjectVersion:   Dev-Online (39C831C9-5AE6-47DC-9A44-9C173E1C8E7C): 0
LogDevObjectVersion:   Dev-Physics (78F01B33-EBEA-4F98-B9B4-84EACCB95AA2): 2
LogDevObjectVersion:   Dev-Platform (6631380F-2D4D-43E0-8009-CF276956A95A): 0
LogDevObjectVersion:   Dev-Rendering (12F88B9F-8875-4AFC-A67C-D90C383ABD29): 36
LogDevObjectVersion:   Dev-Sequencer (7B5AE74C-D270-4C10-A958-57980B212A5A): 11
LogDevObjectVersion:   Dev-VR (D7296918-1DD6-4BDD-9DE2-64A83CC13884): 2
LogDevObjectVersion:   Dev-LoadTimes (C2A15278-BFE7-4AFE-6C17-90FF531DF755): 1
LogDevObjectVersion:   Private-Geometry (6EACA3D4-40EC-4CC1-B786-8BED09428FC5): 3
LogDevObjectVersion:   Dev-AnimPhys (29E575DD-E0A3-4627-9D10-D276232CDCEA): 17
LogDevObjectVersion:   Dev-Anim (AF43A65D-7FD3-4947-9873-3E8ED9C1BB05): 2
LogDevObjectVersion:   Dev-ReflectionCapture (6B266CEC-1EC7-4B8F-A30B-E4D90942FC07): 1
LogDevObjectVersion:   Dev-Automation (0DF73D61-A23F-47EA-B727-89E90C41499A): 1
LogDevObjectVersion:   FortniteMain (601D1886-AC64-4F84-AA16-D3DE0DEAC7D6): 31
LogDevObjectVersion:   Dev-Enterprise (9DFFBCD6-494F-0158-E221-12823C92A888): 8
LogDevObjectVersion:   Dev-Niagara (F2AED0AC-9AFE-416F-8664-AA7FFA26D6FC): 1
LogDevObjectVersion:   Dev-Destruction (174F1F0B-B4C6-45A5-B13F-2EE8D0FB917D): 9
LogDevObjectVersion:   Dev-Physics-Ext (35F94A83-E258-406C-A318-09F59610247C): 8
LogDevObjectVersion:   Dev-CineCamera (B2E18506-4273-CFC2-A54E-F4BB758BBA07): 1
LogInit: Presizing for max 25165824 objects, including 0 objects not considered by GC, pre-allocating 0 bytes for permanent pool.
LogInit: Object subsystem initialized
LogConfig: Setting CVar [[con.DebugEarlyDefault:1]]
LogConfig: Setting CVar [[r.setres:1280x720]]
[2020.04.30-20.29.21:100][  0]LogConfig: Setting CVar [[r.VSync:0]]
[2020.04.30-20.29.21:100][  0]LogConfig: Setting CVar [[r.RHICmdBypass:0]]
[2020.04.30-20.29.21:100][  0]LogConfig: Applying CVar settings from Section [/Script/Engine.RendererSettings] File [E:/Unreal Projects/Flocking/Saved/Config/Windows/Engine.ini]
[2020.04.30-20.29.21:100][  0]LogConfig: Setting CVar [[r.GPUCrashDebugging:0]]
[2020.04.30-20.29.21:100][  0]LogConfig: Applying CVar settings from Section [/Script/Engine.RendererOverrideSettings] File [E:/Unreal Projects/Flocking/Saved/Config/Windows/Engine.ini]
[2020.04.30-20.29.21:100][  0]LogConfig: Applying CVar settings from Section [/Script/Engine.StreamingSettings] File [E:/Unreal Projects/Flocking/Saved/Config/Windows/Engine.ini]
[2020.04.30-20.29.21:100][  0]LogConfig: Setting CVar [[s.MinBulkDataSizeForAsyncLoading:131072]]
[2020.04.30-20.29.21:100][  0]LogConfig: Setting CVar [[s.AsyncLoadingThreadEnabled:0]]
[2020.04.30-20.29.21:100][  0]LogConfig: Setting CVar [[s.EventDrivenLoaderEnabled:1]]
[2020.04.30-20.29.21:100][  0]LogConfig: Setting CVar [[s.WarnIfTimeLimitExceeded:0]]
[2020.04.30-20.29.21:100][  0]LogConfig: Setting CVar [[s.TimeLimitExceededMultiplier:1.5]]
[2020.04.30-20.29.21:100][  0]LogConfig: Setting CVar [[s.TimeLimitExceededMinTime:0.005]]
[2020.04.30-20.29.21:100][  0]LogConfig: Setting CVar [[s.UseBackgroundLevelStreaming:1]]
[2020.04.30-20.29.21:100][  0]LogConfig: Setting CVar [[s.PriorityAsyncLoadingExtraTime:15.0]]
[2020.04.30-20.29.21:100][  0]LogConfig: Setting CVar [[s.LevelStreamingActorsUpdateTimeLimit:5.0]]
[2020.04.30-20.29.21:100][  0]LogConfig: Setting CVar [[s.PriorityLevelStreamingActorsUpdateExtraTime:5.0]]
[2020.04.30-20.29.21:100][  0]LogConfig: Setting CVar [[s.LevelStreamingComponentsRegistrationGranularity:10]]
[2020.04.30-20.29.21:100][  0]LogConfig: Setting CVar [[s.UnregisterComponentsTimeLimit:1.0]]
[2020.04.30-20.29.21:100][  0]LogConfig: Setting CVar [[s.LevelStreamingComponentsUnregistrationGranularity:5]]
[2020.04.30-20.29.21:100][  0]LogConfig: Setting CVar [[s.FlushStreamingOnExit:1]]
[2020.04.30-20.29.21:100][  0]LogConfig: Applying CVar settings from Section [/Script/Engine.GarbageCollectionSettings] File [E:/Unreal Projects/Flocking/Saved/Config/Windows/Engine.ini]
[2020.04.30-20.29.21:100][  0]LogConfig: Setting CVar [[gc.MaxObjectsNotConsideredByGC:1]]
[2020.04.30-20.29.21:100][  0]LogConfig: Setting CVar [[gc.SizeOfPermanentObjectPool:0]]
[2020.04.30-20.29.21:100][  0]LogConfig: Setting CVar [[gc.FlushStreamingOnGC:0]]
[2020.04.30-20.29.21:100][  0]LogConfig: Setting CVar [[gc.NumRetriesBeforeForcingGC:10]]
[2020.04.30-20.29.21:100][  0]LogConfig: Setting CVar [[gc.AllowParallelGC:1]]
[2020.04.30-20.29.21:101][  0]LogConfig: Setting CVar [[gc.TimeBetweenPurgingPendingKillObjects:61.1]]
[2020.04.30-20.29.21:101][  0]LogConfig: Setting CVar [[gc.MaxObjectsInEditor:25165824]]
[2020.04.30-20.29.21:101][  0]LogConfig: Setting CVar [[gc.IncrementalBeginDestroyEnabled:1]]
[2020.04.30-20.29.21:101][  0]LogConfig: Setting CVar [[gc.CreateGCClusters:1]]
[2020.04.30-20.29.21:101][  0]LogConfig: Setting CVar [[gc.MinGCClusterSize:5]]
[2020.04.30-20.29.21:101][  0]LogConfig: Setting CVar [[gc.ActorClusteringEnabled:0]]
[2020.04.30-20.29.21:101][  0]LogConfig: Setting CVar [[gc.BlueprintClusteringEnabled:0]]
[2020.04.30-20.29.21:101][  0]LogConfig: Setting CVar [[gc.UseDisregardForGCOnDedicatedServers:0]]
[2020.04.30-20.29.21:101][  0]LogConfig: Applying CVar settings from Section [/Script/Engine.NetworkSettings] File [E:/Unreal Projects/Flocking/Saved/Config/Windows/Engine.ini]
[2020.04.30-20.29.21:101][  0]LogConfig: Applying CVar settings from Section [/Script/UnrealEd.CookerSettings] File [E:/Unreal Projects/Flocking/Saved/Config/Windows/Engine.ini]
[2020.04.30-20.29.21:106][  0]LogConfig: Applying CVar settings from Section [ViewDistanceQuality@3] File [E:/Unreal Projects/Flocking/Saved/Config/Windows/Scalability.ini]
[2020.04.30-20.29.21:106][  0]LogConfig: Setting CVar [[r.SkeletalMeshLODBias:0]]
[2020.04.30-20.29.21:106][  0]LogConfig: Setting CVar [[r.ViewDistanceScale:1.0]]
[2020.04.30-20.29.21:106][  0]LogConfig: Applying CVar settings from Section [AntiAliasingQuality@3] File [E:/Unreal Projects/Flocking/Saved/Config/Windows/Scalability.ini]
[2020.04.30-20.29.21:106][  0]LogConfig: Setting CVar [[r.PostProcessAAQuality:4]]
[2020.04.30-20.29.21:106][  0]LogConfig: Applying CVar settings from Section [ShadowQuality@3] File [E:/Unreal Projects/Flocking/Saved/Config/Windows/Scalability.ini]
[2020.04.30-20.29.21:106][  0]LogConfig: Setting CVar [[r.LightFunctionQuality:1]]
[2020.04.30-20.29.21:106][  0]LogConfig: Setting CVar [[r.ShadowQuality:5]]
[2020.04.30-20.29.21:106][  0]LogConfig: Setting CVar [[r.Shadow.CSM.MaxCascades:10]]
[2020.04.30-20.29.21:106][  0]LogConfig: Setting CVar [[r.Shadow.MaxResolution:2048]]
[2020.04.30-20.29.21:106][  0]LogConfig: Setting CVar [[r.Shadow.MaxCSMResolution:2048]]
[2020.04.30-20.29.21:106][  0]LogConfig: Setting CVar [[r.Shadow.RadiusThreshold:0.01]]
[2020.04.30-20.29.21:106][  0]LogConfig: Setting CVar [[r.Shadow.DistanceScale:1.0]]
[2020.04.30-20.29.21:106][  0]LogConfig: Setting CVar [[r.Shadow.CSM.TransitionScale:1.0]]
[2020.04.30-20.29.21:106][  0]LogConfig: Setting CVar [[r.Shadow.PreShadowResolutionFactor:1.0]]
[2020.04.30-20.29.21:106][  0]LogConfig: Setting CVar [[r.DistanceFieldShadowing:1]]
[2020.04.30-20.29.21:106][  0]LogConfig: Setting CVar [[r.DistanceFieldAO:1]]
[2020.04.30-20.29.21:106][  0]LogConfig: Setting CVar [[r.AOQuality:2]]
[2020.04.30-20.29.21:106][  0]LogConfig: Setting CVar [[r.VolumetricFog:1]]
[2020.04.30-20.29.21:106][  0]LogConfig: Setting CVar [[r.VolumetricFog.GridPixelSize:8]]
[2020.04.30-20.29.21:106][  0]LogConfig: Setting CVar [[r.VolumetricFog.GridSizeZ:128]]
[2020.04.30-20.29.21:106][  0]LogConfig: Setting CVar [[r.VolumetricFog.HistoryMissSupersampleCount:4]]
[2020.04.30-20.29.21:106][  0]LogConfig: Setting CVar [[r.LightMaxDrawDistanceScale:1]]
[2020.04.30-20.29.21:106][  0]LogConfig: Setting CVar [[r.CapsuleShadows:1]]
[2020.04.30-20.29.21:106][  0]LogConfig: Applying CVar settings from Section [PostProcessQuality@3] File [E:/Unreal Projects/Flocking/Saved/Config/Windows/Scalability.ini]
[2020.04.30-20.29.21:106][  0]LogConfig: Setting CVar [[r.MotionBlurQuality:4]]
[2020.04.30-20.29.21:106][  0]LogConfig: Setting CVar [[r.AmbientOcclusionMipLevelFactor:0.4]]
[2020.04.30-20.29.21:106][  0]LogConfig: Setting CVar [[r.AmbientOcclusionMaxQuality:100]]
[2020.04.30-20.29.21:106][  0]LogConfig: Setting CVar [[r.AmbientOcclusionLevels:-1]]
[2020.04.30-20.29.21:106][  0]LogConfig: Setting CVar [[r.AmbientOcclusionRadiusScale:1.0]]
[2020.04.30-20.29.21:106][  0]LogConfig: Setting CVar [[r.DepthOfFieldQuality:2]]
[2020.04.30-20.29.21:106][  0]LogConfig: Setting CVar [[r.RenderTargetPoolMin:400]]
[2020.04.30-20.29.21:106][  0]LogConfig: Setting CVar [[r.LensFlareQuality:2]]
[2020.04.30-20.29.21:106][  0]LogConfig: Setting CVar [[r.SceneColorFringeQuality:1]]
[2020.04.30-20.29.21:106][  0]LogConfig: Setting CVar [[r.EyeAdaptationQuality:2]]
[2020.04.30-20.29.21:106][  0]LogConfig: Setting CVar [[r.BloomQuality:5]]
[2020.04.30-20.29.21:106][  0]LogConfig: Setting CVar [[r.FastBlurThreshold:100]]
[2020.04.30-20.29.21:106][  0]LogConfig: Setting CVar [[r.Upscale.Quality:3]]
[2020.04.30-20.29.21:106][  0]LogConfig: Setting CVar [[r.Tonemapper.GrainQuantization:1]]
[2020.04.30-20.29.21:106][  0]LogConfig: Setting CVar [[r.LightShaftQuality:1]]
[2020.04.30-20.29.21:106][  0]LogConfig: Setting CVar [[r.Filter.SizeScale:1]]
[2020.04.30-20.29.21:106][  0]LogConfig: Setting CVar [[r.Tonemapper.Quality:5]]
[2020.04.30-20.29.21:107][  0]LogConfig: Setting CVar [[r.DOF.Gather.AccumulatorQuality:1        ; higher gathering accumulator quality]]
[2020.04.30-20.29.21:107][  0]LogConfig: Setting CVar [[r.DOF.Gather.PostfilterMethod:1          ; Median3x3 postfilering method]]
[2020.04.30-20.29.21:107][  0]LogConfig: Setting CVar [[r.DOF.Gather.EnableBokehSettings:0       ; no bokeh simulation when gathering]]
[2020.04.30-20.29.21:107][  0]LogConfig: Setting CVar [[r.DOF.Gather.RingCount:4                 ; medium number of samples when gathering]]
[2020.04.30-20.29.21:107][  0]LogConfig: Setting CVar [[r.DOF.Scatter.ForegroundCompositing:1    ; additive foreground scattering]]
[2020.04.30-20.29.21:107][  0]LogConfig: Setting CVar [[r.DOF.Scatter.BackgroundCompositing:2    ; additive background scattering]]
[2020.04.30-20.29.21:107][  0]LogConfig: Setting CVar [[r.DOF.Scatter.EnableBokehSettings:1      ; bokeh simulation when scattering]]
[2020.04.30-20.29.21:107][  0]LogConfig: Setting CVar [[r.DOF.Scatter.MaxSpriteRatio:0.1         ; only a maximum of 10% of scattered bokeh]]
[2020.04.30-20.29.21:107][  0]LogConfig: Setting CVar [[r.DOF.Recombine.Quality:1                ; cheap slight out of focus]]
[2020.04.30-20.29.21:107][  0]LogConfig: Setting CVar [[r.DOF.Recombine.EnableBokehSettings:0    ; no bokeh simulation on slight out of focus]]
[2020.04.30-20.29.21:107][  0]LogConfig: Setting CVar [[r.DOF.TemporalAAQuality:1                ; more stable temporal accumulation]]
[2020.04.30-20.29.21:107][  0]LogConfig: Setting CVar [[r.DOF.Kernel.MaxForegroundRadius:0.025]]
[2020.04.30-20.29.21:107][  0]LogConfig: Setting CVar [[r.DOF.Kernel.MaxBackgroundRadius:0.025]]
[2020.04.30-20.29.21:107][  0]LogConfig: Applying CVar settings from Section [TextureQuality@3] File [E:/Unreal Projects/Flocking/Saved/Config/Windows/Scalability.ini]
[2020.04.30-20.29.21:107][  0]LogConfig: Setting CVar [[r.Streaming.MipBias:0]]
[2020.04.30-20.29.21:107][  0]LogConfig: Setting CVar [[r.Streaming.AmortizeCPUToGPUCopy:0]]
[2020.04.30-20.29.21:107][  0]LogConfig: Setting CVar [[r.Streaming.MaxNumTexturesToStreamPerFrame:0]]
[2020.04.30-20.29.21:107][  0]LogConfig: Setting CVar [[r.Streaming.Boost:1]]
[2020.04.30-20.29.21:107][  0]LogConfig: Setting CVar [[r.MaxAnisotropy:8]]
[2020.04.30-20.29.21:107][  0]LogConfig: Setting CVar [[r.VT.MaxAnisotropy:8]]
[2020.04.30-20.29.21:107][  0]LogConfig: Setting CVar [[r.Streaming.LimitPoolSizeToVRAM:0]]
[2020.04.30-20.29.21:107][  0]LogConfig: Setting CVar [[r.Streaming.PoolSize:1000]]
[2020.04.30-20.29.21:107][  0]LogConfig: Setting CVar [[r.Streaming.MaxEffectiveScreenSize:0]]
[2020.04.30-20.29.21:107][  0]LogConfig: Applying CVar settings from Section [EffectsQuality@3] File [E:/Unreal Projects/Flocking/Saved/Config/Windows/Scalability.ini]
[2020.04.30-20.29.21:107][  0]LogConfig: Setting CVar [[r.TranslucencyLightingVolumeDim:64]]
[2020.04.30-20.29.21:107][  0]LogConfig: Setting CVar [[r.RefractionQuality:2]]
[2020.04.30-20.29.21:107][  0]LogConfig: Setting CVar [[r.SSR.Quality:3]]
[2020.04.30-20.29.21:107][  0]LogConfig: Setting CVar [[r.SSR.HalfResSceneColor:0]]
[2020.04.30-20.29.21:107][  0]LogConfig: Setting CVar [[r.SceneColorFormat:4]]
[2020.04.30-20.29.21:107][  0]LogConfig: Setting CVar [[r.DetailMode:2]]
[2020.04.30-20.29.21:107][  0]LogConfig: Setting CVar [[r.TranslucencyVolumeBlur:1]]
[2020.04.30-20.29.21:107][  0]LogConfig: Setting CVar [[r.MaterialQualityLevel:1 ; High quality]]
[2020.04.30-20.29.21:107][  0]LogConfig: Setting CVar [[r.SSS.Scale:1]]
[2020.04.30-20.29.21:107][  0]LogConfig: Setting CVar [[r.SSS.SampleSet:2]]
[2020.04.30-20.29.21:107][  0]LogConfig: Setting CVar [[r.SSS.Quality:1]]
[2020.04.30-20.29.21:107][  0]LogConfig: Setting CVar [[r.SSS.HalfRes:1]]
[2020.04.30-20.29.21:107][  0]LogConfig: Setting CVar [[r.SSGI.Quality:3]]
[2020.04.30-20.29.21:107][  0]LogConfig: Setting CVar [[r.EmitterSpawnRateScale:1.0]]
[2020.04.30-20.29.21:107][  0]LogConfig: Setting CVar [[r.ParticleLightQuality:2]]
[2020.04.30-20.29.21:107][  0]LogConfig: Setting CVar [[r.SkyAtmosphere.AerialPerspectiveLUT.FastApplyOnOpaque:1 ; Always have FastSkyLUT 1 in this case to avoid wrong sky]]
[2020.04.30-20.29.21:107][  0]LogConfig: Setting CVar [[r.SkyAtmosphere.AerialPerspectiveLUT.SampleCountPerSlice:1]]
[2020.04.30-20.29.21:107][  0]LogConfig: Setting CVar [[r.SkyAtmosphere.AerialPerspectiveLUT.DepthResolution:16.0]]
[2020.04.30-20.29.21:107][  0]LogConfig: Setting CVar [[r.SkyAtmosphere.FastSkyLUT:1]]
[2020.04.30-20.29.21:107][  0]LogConfig: Setting CVar [[r.SkyAtmosphere.FastSkyLUT.SampleCountMin:4.0]]
[2020.04.30-20.29.21:107][  0]LogConfig: Setting CVar [[r.SkyAtmosphere.FastSkyLUT.SampleCountMax:32.0]]
[2020.04.30-20.29.21:107][  0]LogConfig: Setting CVar [[r.SkyAtmosphere.SampleCountMin:4.0]]
[2020.04.30-20.29.21:107][  0]LogConfig: Setting CVar [[r.SkyAtmosphere.SampleCountMax:32.0]]
[2020.04.30-20.29.21:107][  0]LogConfig: Setting CVar [[r.SkyAtmosphere.TransmittanceLUT.UseSmallFormat:0]]
[2020.04.30-20.29.21:107][  0]LogConfig: Setting CVar [[r.SkyAtmosphere.TransmittanceLUT.SampleCount:10.0]]
[2020.04.30-20.29.21:107][  0]LogConfig: Setting CVar [[r.SkyAtmosphere.MultiScatteringLUT.SampleCount:15.0]]
[2020.04.30-20.29.21:107][  0]LogConfig: Applying CVar settings from Section [FoliageQuality@3] File [E:/Unreal Projects/Flocking/Saved/Config/Windows/Scalability.ini]
[2020.04.30-20.29.21:107][  0]LogConfig: Setting CVar [[foliage.DensityScale:1.0]]
[2020.04.30-20.29.21:107][  0]LogConfig: Setting CVar [[grass.DensityScale:1.0]]
[2020.04.30-20.29.21:107][  0]LogConfig: Applying CVar settings from Section [ShadingQuality@3] File [E:/Unreal Projects/Flocking/Saved/Config/Windows/Scalability.ini]
[2020.04.30-20.29.21:107][  0]LogConfig: Setting CVar [[r.HairStrands.SkyLighting.SampleCount:16]]
[2020.04.30-20.29.21:107][  0]LogConfig: Setting CVar [[r.HairStrands.SkyLighting.JitterIntegration:0]]
[2020.04.30-20.29.21:107][  0]LogConfig: Setting CVar [[r.HairStrands.SkyAO.SampleCount:16]]
[2020.04.30-20.29.21:107][  0]LogInit: Selected Device Profile: [Windows]
[2020.04.30-20.29.21:107][  0]LogInit: Applying CVar settings loaded from the selected device profile: [Windows]
[2020.04.30-20.29.21:110][  0]LogHAL: Display: Platform has ~ 16 GB [17137213440 / 17179869184 / 16], which maps to Larger [LargestMinGB=32, LargerMinGB=12, DefaultMinGB=8, SmallerMinGB=6, SmallestMinGB=0)
[2020.04.30-20.29.21:110][  0]LogInit: Going up to parent DeviceProfile []
[2020.04.30-20.29.21:110][  0]LogConfig: Applying CVar settings from Section [ViewDistanceQuality@3] File [E:/Unreal Projects/Flocking/Saved/Config/Windows/Scalability.ini]
[2020.04.30-20.29.21:110][  0]LogConfig: Setting CVar [[r.SkeletalMeshLODBias:0]]
[2020.04.30-20.29.21:110][  0]LogConfig: Setting CVar [[r.ViewDistanceScale:1.0]]
[2020.04.30-20.29.21:110][  0]LogConfig: Applying CVar settings from Section [AntiAliasingQuality@3] File [E:/Unreal Projects/Flocking/Saved/Config/Windows/Scalability.ini]
[2020.04.30-20.29.21:110][  0]LogConfig: Setting CVar [[r.PostProcessAAQuality:4]]
[2020.04.30-20.29.21:110][  0]LogConfig: Applying CVar settings from Section [ShadowQuality@3] File [E:/Unreal Projects/Flocking/Saved/Config/Windows/Scalability.ini]
[2020.04.30-20.29.21:110][  0]LogConfig: Setting CVar [[r.LightFunctionQuality:1]]
[2020.04.30-20.29.21:110][  0]LogConfig: Setting CVar [[r.ShadowQuality:5]]
[2020.04.30-20.29.21:110][  0]LogConfig: Setting CVar [[r.Shadow.CSM.MaxCascades:10]]
[2020.04.30-20.29.21:110][  0]LogConfig: Setting CVar [[r.Shadow.MaxResolution:2048]]
[2020.04.30-20.29.21:110][  0]LogConfig: Setting CVar [[r.Shadow.MaxCSMResolution:2048]]
[2020.04.30-20.29.21:110][  0]LogConfig: Setting CVar [[r.Shadow.RadiusThreshold:0.01]]
[2020.04.30-20.29.21:110][  0]LogConfig: Setting CVar [[r.Shadow.DistanceScale:1.0]]
[2020.04.30-20.29.21:110][  0]LogConfig: Setting CVar [[r.Shadow.CSM.TransitionScale:1.0]]
[2020.04.30-20.29.21:110][  0]LogConfig: Setting CVar [[r.Shadow.PreShadowResolutionFactor:1.0]]
[2020.04.30-20.29.21:110][  0]LogConfig: Setting CVar [[r.DistanceFieldShadowing:1]]
[2020.04.30-20.29.21:110][  0]LogConfig: Setting CVar [[r.DistanceFieldAO:1]]
[2020.04.30-20.29.21:110][  0]LogConfig: Setting CVar [[r.AOQuality:2]]
[2020.04.30-20.29.21:110][  0]LogConfig: Setting CVar [[r.VolumetricFog:1]]
[2020.04.30-20.29.21:110][  0]LogConfig: Setting CVar [[r.VolumetricFog.GridPixelSize:8]]
[2020.04.30-20.29.21:110][  0]LogConfig: Setting CVar [[r.VolumetricFog.GridSizeZ:128]]
[2020.04.30-20.29.21:110][  0]LogConfig: Setting CVar [[r.VolumetricFog.HistoryMissSupersampleCount:4]]
[2020.04.30-20.29.21:110][  0]LogConfig: Setting CVar [[r.LightMaxDrawDistanceScale:1]]
[2020.04.30-20.29.21:110][  0]LogConfig: Setting CVar [[r.CapsuleShadows:1]]
[2020.04.30-20.29.21:110][  0]LogConfig: Applying CVar settings from Section [PostProcessQuality@3] File [E:/Unreal Projects/Flocking/Saved/Config/Windows/Scalability.ini]
[2020.04.30-20.29.21:110][  0]LogConfig: Setting CVar [[r.MotionBlurQuality:4]]
[2020.04.30-20.29.21:110][  0]LogConfig: Setting CVar [[r.AmbientOcclusionMipLevelFactor:0.4]]
[2020.04.30-20.29.21:110][  0]LogConfig: Setting CVar [[r.AmbientOcclusionMaxQuality:100]]
[2020.04.30-20.29.21:110][  0]LogConfig: Setting CVar [[r.AmbientOcclusionLevels:-1]]
[2020.04.30-20.29.21:110][  0]LogConfig: Setting CVar [[r.AmbientOcclusionRadiusScale:1.0]]
[2020.04.30-20.29.21:110][  0]LogConfig: Setting CVar [[r.DepthOfFieldQuality:2]]
[2020.04.30-20.29.21:110][  0]LogConfig: Setting CVar [[r.RenderTargetPoolMin:400]]
[2020.04.30-20.29.21:110][  0]LogConfig: Setting CVar [[r.LensFlareQuality:2]]
[2020.04.30-20.29.21:110][  0]LogConfig: Setting CVar [[r.SceneColorFringeQuality:1]]
[2020.04.30-20.29.21:110][  0]LogConfig: Setting CVar [[r.EyeAdaptationQuality:2]]
[2020.04.30-20.29.21:110][  0]LogConfig: Setting CVar [[r.BloomQuality:5]]
[2020.04.30-20.29.21:110][  0]LogConfig: Setting CVar [[r.FastBlurThreshold:100]]
[2020.04.30-20.29.21:110][  0]LogConfig: Setting CVar [[r.Upscale.Quality:3]]
[2020.04.30-20.29.21:110][  0]LogConfig: Setting CVar [[r.Tonemapper.GrainQuantization:1]]
[2020.04.30-20.29.21:110][  0]LogConfig: Setting CVar [[r.LightShaftQuality:1]]
[2020.04.30-20.29.21:110][  0]LogConfig: Setting CVar [[r.Filter.SizeScale:1]]
[2020.04.30-20.29.21:110][  0]LogConfig: Setting CVar [[r.Tonemapper.Quality:5]]
[2020.04.30-20.29.21:110][  0]LogConfig: Setting CVar [[r.DOF.Gather.AccumulatorQuality:1        ; higher gathering accumulator quality]]
[2020.04.30-20.29.21:110][  0]LogConfig: Setting CVar [[r.DOF.Gather.PostfilterMethod:1          ; Median3x3 postfilering method]]
[2020.04.30-20.29.21:110][  0]LogConfig: Setting CVar [[r.DOF.Gather.EnableBokehSettings:0       ; no bokeh simulation when gathering]]
[2020.04.30-20.29.21:110][  0]LogConfig: Setting CVar [[r.DOF.Gather.RingCount:4                 ; medium number of samples when gathering]]
[2020.04.30-20.29.21:110][  0]LogConfig: Setting CVar [[r.DOF.Scatter.ForegroundCompositing:1    ; additive foreground scattering]]
[2020.04.30-20.29.21:110][  0]LogConfig: Setting CVar [[r.DOF.Scatter.BackgroundCompositing:2    ; additive background scattering]]
[2020.04.30-20.29.21:110][  0]LogConfig: Setting CVar [[r.DOF.Scatter.EnableBokehSettings:1      ; bokeh simulation when scattering]]
[2020.04.30-20.29.21:110][  0]LogConfig: Setting CVar [[r.DOF.Scatter.MaxSpriteRatio:0.1         ; only a maximum of 10% of scattered bokeh]]
[2020.04.30-20.29.21:110][  0]LogConfig: Setting CVar [[r.DOF.Recombine.Quality:1                ; cheap slight out of focus]]
[2020.04.30-20.29.21:110][  0]LogConfig: Setting CVar [[r.DOF.Recombine.EnableBokehSettings:0    ; no bokeh simulation on slight out of focus]]
[2020.04.30-20.29.21:110][  0]LogConfig: Setting CVar [[r.DOF.TemporalAAQuality:1                ; more stable temporal accumulation]]
[2020.04.30-20.29.21:110][  0]LogConfig: Setting CVar [[r.DOF.Kernel.MaxForegroundRadius:0.025]]
[2020.04.30-20.29.21:110][  0]LogConfig: Setting CVar [[r.DOF.Kernel.MaxBackgroundRadius:0.025]]
[2020.04.30-20.29.21:110][  0]LogConfig: Applying CVar settings from Section [TextureQuality@3] File [E:/Unreal Projects/Flocking/Saved/Config/Windows/Scalability.ini]
[2020.04.30-20.29.21:110][  0]LogConfig: Setting CVar [[r.Streaming.MipBias:0]]
[2020.04.30-20.29.21:110][  0]LogConfig: Setting CVar [[r.Streaming.AmortizeCPUToGPUCopy:0]]
[2020.04.30-20.29.21:110][  0]LogConfig: Setting CVar [[r.Streaming.MaxNumTexturesToStreamPerFrame:0]]
[2020.04.30-20.29.21:110][  0]LogConfig: Setting CVar [[r.Streaming.Boost:1]]
[2020.04.30-20.29.21:110][  0]LogConfig: Setting CVar [[r.MaxAnisotropy:8]]
[2020.04.30-20.29.21:110][  0]LogConfig: Setting CVar [[r.VT.MaxAnisotropy:8]]
[2020.04.30-20.29.21:110][  0]LogConfig: Setting CVar [[r.Streaming.LimitPoolSizeToVRAM:0]]
[2020.04.30-20.29.21:110][  0]LogConfig: Setting CVar [[r.Streaming.PoolSize:1000]]
[2020.04.30-20.29.21:110][  0]LogConfig: Setting CVar [[r.Streaming.MaxEffectiveScreenSize:0]]
[2020.04.30-20.29.21:110][  0]LogConfig: Applying CVar settings from Section [EffectsQuality@3] File [E:/Unreal Projects/Flocking/Saved/Config/Windows/Scalability.ini]
[2020.04.30-20.29.21:110][  0]LogConfig: Setting CVar [[r.TranslucencyLightingVolumeDim:64]]
[2020.04.30-20.29.21:110][  0]LogConfig: Setting CVar [[r.RefractionQuality:2]]
[2020.04.30-20.29.21:111][  0]LogConfig: Setting CVar [[r.SSR.Quality:3]]
[2020.04.30-20.29.21:111][  0]LogConfig: Setting CVar [[r.SSR.HalfResSceneColor:0]]
[2020.04.30-20.29.21:111][  0]LogConfig: Setting CVar [[r.SceneColorFormat:4]]
[2020.04.30-20.29.21:111][  0]LogConfig: Setting CVar [[r.DetailMode:2]]
[2020.04.30-20.29.21:111][  0]LogConfig: Setting CVar [[r.TranslucencyVolumeBlur:1]]
[2020.04.30-20.29.21:111][  0]LogConfig: Setting CVar [[r.MaterialQualityLevel:1 ; High quality]]
[2020.04.30-20.29.21:111][  0]LogConfig: Setting CVar [[r.SSS.Scale:1]]
[2020.04.30-20.29.21:111][  0]LogConfig: Setting CVar [[r.SSS.SampleSet:2]]
[2020.04.30-20.29.21:111][  0]LogConfig: Setting CVar [[r.SSS.Quality:1]]
[2020.04.30-20.29.21:111][  0]LogConfig: Setting CVar [[r.SSS.HalfRes:1]]
[2020.04.30-20.29.21:111][  0]LogConfig: Setting CVar [[r.SSGI.Quality:3]]
[2020.04.30-20.29.21:111][  0]LogConfig: Setting CVar [[r.EmitterSpawnRateScale:1.0]]
[2020.04.30-20.29.21:111][  0]LogConfig: Setting CVar [[r.ParticleLightQuality:2]]
[2020.04.30-20.29.21:111][  0]LogConfig: Setting CVar [[r.SkyAtmosphere.AerialPerspectiveLUT.FastApplyOnOpaque:1 ; Always have FastSkyLUT 1 in this case to avoid wrong sky]]
[2020.04.30-20.29.21:111][  0]LogConfig: Setting CVar [[r.SkyAtmosphere.AerialPerspectiveLUT.SampleCountPerSlice:1]]
[2020.04.30-20.29.21:111][  0]LogConfig: Setting CVar [[r.SkyAtmosphere.AerialPerspectiveLUT.DepthResolution:16.0]]
[2020.04.30-20.29.21:111][  0]LogConfig: Setting CVar [[r.SkyAtmosphere.FastSkyLUT:1]]
[2020.04.30-20.29.21:111][  0]LogConfig: Setting CVar [[r.SkyAtmosphere.FastSkyLUT.SampleCountMin:4.0]]
[2020.04.30-20.29.21:111][  0]LogConfig: Setting CVar [[r.SkyAtmosphere.FastSkyLUT.SampleCountMax:32.0]]
[2020.04.30-20.29.21:111][  0]LogConfig: Setting CVar [[r.SkyAtmosphere.SampleCountMin:4.0]]
[2020.04.30-20.29.21:111][  0]LogConfig: Setting CVar [[r.SkyAtmosphere.SampleCountMax:32.0]]
[2020.04.30-20.29.21:111][  0]LogConfig: Setting CVar [[r.SkyAtmosphere.TransmittanceLUT.UseSmallFormat:0]]
[2020.04.30-20.29.21:111][  0]LogConfig: Setting CVar [[r.SkyAtmosphere.TransmittanceLUT.SampleCount:10.0]]
[2020.04.30-20.29.21:111][  0]LogConfig: Setting CVar [[r.SkyAtmosphere.MultiScatteringLUT.SampleCount:15.0]]
[2020.04.30-20.29.21:111][  0]LogConfig: Applying CVar settings from Section [FoliageQuality@3] File [E:/Unreal Projects/Flocking/Saved/Config/Windows/Scalability.ini]
[2020.04.30-20.29.21:111][  0]LogConfig: Setting CVar [[foliage.DensityScale:1.0]]
[2020.04.30-20.29.21:111][  0]LogConfig: Setting CVar [[grass.DensityScale:1.0]]
[2020.04.30-20.29.21:111][  0]LogConfig: Applying CVar settings from Section [ShadingQuality@3] File [E:/Unreal Projects/Flocking/Saved/Config/Windows/Scalability.ini]
[2020.04.30-20.29.21:111][  0]LogConfig: Setting CVar [[r.HairStrands.SkyLighting.SampleCount:16]]
[2020.04.30-20.29.21:111][  0]LogConfig: Setting CVar [[r.HairStrands.SkyLighting.JitterIntegration:0]]
[2020.04.30-20.29.21:111][  0]LogConfig: Setting CVar [[r.HairStrands.SkyAO.SampleCount:16]]
[2020.04.30-20.29.21:111][  0]LogConfig: Applying CVar settings from Section [Startup] File [../../../Engine/Config/ConsoleVariables.ini]
[2020.04.30-20.29.21:111][  0]LogConfig: Setting CVar [[net.UseAdaptiveNetUpdateFrequency:0]]
[2020.04.30-20.29.21:111][  0]LogConfig: Setting CVar [[p.chaos.AllowCreatePhysxBodies:1]]
[2020.04.30-20.29.21:111][  0]LogConfig: Applying CVar settings from Section [ConsoleVariables] File [E:/Unreal Projects/Flocking/Saved/Config/Windows/Engine.ini]
[2020.04.30-20.29.21:111][  0]LogInit: Computer: DESKTOP-4UTISHD
[2020.04.30-20.29.21:112][  0]LogInit: User: Alex
[2020.04.30-20.29.21:112][  0]LogInit: CPU Page size=4096, Cores=4
[2020.04.30-20.29.21:112][  0]LogInit: High frequency timer resolution =10.000000 MHz
[2020.04.30-20.29.21:112][  0]LogMemory: Memory total: Physical=16.0GB (16GB approx)
[2020.04.30-20.29.21:112][  0]LogMemory: Platform Memory Stats for Windows
[2020.04.30-20.29.21:112][  0]LogMemory: Process Physical Memory: 104.52 MB used, 104.53 MB peak
[2020.04.30-20.29.21:112][  0]LogMemory: Process Virtual Memory: 100.62 MB used, 100.62 MB peak
[2020.04.30-20.29.21:112][  0]LogMemory: Physical Memory: 11360.76 MB used,  4982.56 MB free, 16343.32 MB total
[2020.04.30-20.29.21:112][  0]LogMemory: Virtual Memory: 5137.66 MB used,  134212592.00 MB free, 134217728.00 MB total
[2020.04.30-20.29.21:117][  0]LogWindows: WindowsPlatformFeatures enabled
[2020.04.30-20.29.21:132][  0]LogInit: Using OS detected language (en-US).
[2020.04.30-20.29.21:132][  0]LogInit: Using OS detected locale (en-US).
[2020.04.30-20.29.21:133][  0]LogTextLocalizationManager: No specific localization for 'en-US' exists, so the 'en' localization will be used.
[2020.04.30-20.29.21:314][  0]LogInit: Setting process to per monitor DPI aware
[2020.04.30-20.29.21:357][  0]LogSlate: New Slate User Created.  User Index 0, Is Virtual User: 0
[2020.04.30-20.29.21:358][  0]LogSlate: Slate User Registered.  User Index 0, Is Virtual User: 0
[2020.04.30-20.29.21:545][  0]LogHMD: Failed to initialize OpenVR with code 110
[2020.04.30-20.29.21:545][  0]LogD3D11RHI: D3D11 min allowed feature level: 11_0
[2020.04.30-20.29.21:545][  0]LogD3D11RHI: D3D11 max allowed feature level: 11_0
[2020.04.30-20.29.21:545][  0]LogD3D11RHI: D3D11 adapters:
[2020.04.30-20.29.21:621][  0]LogD3D11RHI:    0. 'NVIDIA GeForce GTX 1080' (Feature Level 11_0)
[2020.04.30-20.29.21:621][  0]LogD3D11RHI:       8079/0/8171 MB DedicatedVideo/DedicatedSystem/SharedSystem, Outputs:2, VendorId:0x10de
[2020.04.30-20.29.21:623][  0]LogD3D11RHI:    1. 'Microsoft Basic Render Driver' (Feature Level 11_0)
[2020.04.30-20.29.21:623][  0]LogD3D11RHI:       0/0/8171 MB DedicatedVideo/DedicatedSystem/SharedSystem, Outputs:0, VendorId:0x1414
[2020.04.30-20.29.21:623][  0]LogD3D11RHI: Chosen D3D11 Adapter: 0
[2020.04.30-20.29.21:638][  0]LogD3D11RHI: Creating new Direct3DDevice
[2020.04.30-20.29.21:638][  0]LogD3D11RHI:     GPU DeviceId: 0x1b80 (for the marketing name, search the web for "GPU Device Id")
[2020.04.30-20.29.21:638][  0]LogWindows: EnumDisplayDevices:
[2020.04.30-20.29.21:638][  0]LogWindows:    0. 'NVIDIA GeForce GTX 1080' (P:1 D:1)
[2020.04.30-20.29.21:638][  0]LogWindows:    1. 'NVIDIA GeForce GTX 1080' (P:0 D:1)
[2020.04.30-20.29.21:638][  0]LogWindows:    2. 'NVIDIA GeForce GTX 1080' (P:0 D:0)
[2020.04.30-20.29.21:639][  0]LogWindows:    3. 'NVIDIA GeForce GTX 1080' (P:0 D:0)
[2020.04.30-20.29.21:639][  0]LogWindows: DebugString: FoundDriverCount:4 
[2020.04.30-20.29.21:639][  0]LogD3D11RHI:     Adapter Name: NVIDIA GeForce GTX 1080
[2020.04.30-20.29.21:639][  0]LogD3D11RHI:   Driver Version: 445.75 (internal:26.21.14.4575, unified:445.75)
[2020.04.30-20.29.21:639][  0]LogD3D11RHI:      Driver Date: 3-17-2020
[2020.04.30-20.29.21:639][  0]LogRHI: Texture pool is 5655 MB (70% of 8079 MB)
[2020.04.30-20.29.21:692][  0]LogD3D11RHI: RHI has support for 64 bit atomics
[2020.04.30-20.29.21:692][  0]LogD3D11RHI: Async texture creation enabled
[2020.04.30-20.29.21:741][  0]LogD3D11RHI: GPU Timing Frequency: 1000.000000 (Debug: 2 2)
[2020.04.30-20.29.22:034][  0]LogTargetPlatformManager: Display: Loaded TargetPlatform 'AllDesktop'
[2020.04.30-20.29.22:064][  0]LogTargetPlatformManager: Display: Loaded TargetPlatform 'Android'
[2020.04.30-20.29.22:064][  0]LogTargetPlatformManager: Display: Loaded TargetPlatform 'Android_ASTC'
[2020.04.30-20.29.22:064][  0]LogTargetPlatformManager: Display: Loaded TargetPlatform 'Android_ATC'
[2020.04.30-20.29.22:064][  0]LogTargetPlatformManager: Display: Loaded TargetPlatform 'Android_DXT'
[2020.04.30-20.29.22:064][  0]LogTargetPlatformManager: Display: Loaded TargetPlatform 'Android_ETC1'
[2020.04.30-20.29.22:064][  0]LogTargetPlatformManager: Display: Loaded TargetPlatform 'Android_ETC1a'
[2020.04.30-20.29.22:064][  0]LogTargetPlatformManager: Display: Loaded TargetPlatform 'Android_ETC2'
[2020.04.30-20.29.22:065][  0]LogTargetPlatformManager: Display: Loaded TargetPlatform 'Android_PVRTC'
[2020.04.30-20.29.22:065][  0]LogTargetPlatformManager: Display: Loaded TargetPlatform 'AndroidClient'
[2020.04.30-20.29.22:065][  0]LogTargetPlatformManager: Display: Loaded TargetPlatform 'Android_ASTCClient'
[2020.04.30-20.29.22:065][  0]LogTargetPlatformManager: Display: Loaded TargetPlatform 'Android_ATCClient'
[2020.04.30-20.29.22:065][  0]LogTargetPlatformManager: Display: Loaded TargetPlatform 'Android_DXTClient'
[2020.04.30-20.29.22:065][  0]LogTargetPlatformManager: Display: Loaded TargetPlatform 'Android_ETC1Client'
[2020.04.30-20.29.22:065][  0]LogTargetPlatformManager: Display: Loaded TargetPlatform 'Android_ETC1aClient'
[2020.04.30-20.29.22:065][  0]LogTargetPlatformManager: Display: Loaded TargetPlatform 'Android_ETC2Client'
[2020.04.30-20.29.22:065][  0]LogTargetPlatformManager: Display: Loaded TargetPlatform 'Android_PVRTCClient'
[2020.04.30-20.29.22:065][  0]LogTargetPlatformManager: Display: Loaded TargetPlatform 'Android_Multi'
[2020.04.30-20.29.22:065][  0]LogTargetPlatformManager: Display: Loaded TargetPlatform 'Android_MultiClient'
[2020.04.30-20.29.22:080][  0]LogTargetPlatformManager: Display: Loaded TargetPlatform 'IOSClient'
[2020.04.30-20.29.22:080][  0]LogTargetPlatformManager: Display: Loaded TargetPlatform 'IOS'
[2020.04.30-20.29.22:086][  0]LogTargetPlatformManager: Display: Loaded TargetPlatform 'LinuxNoEditor'
[2020.04.30-20.29.22:092][  0]LogTargetPlatformManager: Display: Loaded TargetPlatform 'LinuxClient'
[2020.04.30-20.29.22:098][  0]LogTargetPlatformManager: Display: Loaded TargetPlatform 'LinuxServer'
[2020.04.30-20.29.22:104][  0]LogTargetPlatformManager: Display: Loaded TargetPlatform 'LinuxAArch64NoEditor'
[2020.04.30-20.29.22:111][  0]LogTargetPlatformManager: Display: Loaded TargetPlatform 'LinuxAArch64Client'
[2020.04.30-20.29.22:117][  0]LogTargetPlatformManager: Display: Loaded TargetPlatform 'LinuxAArch64Server'
[2020.04.30-20.29.22:137][  0]LogTargetPlatformManager: Display: Loaded TargetPlatform 'Lumin'
[2020.04.30-20.29.22:137][  0]LogTargetPlatformManager: Display: Loaded TargetPlatform 'LuminClient'
[2020.04.30-20.29.22:149][  0]LogTargetPlatformManager: Display: Loaded TargetPlatform 'TVOSClient'
[2020.04.30-20.29.22:149][  0]LogTargetPlatformManager: Display: Loaded TargetPlatform 'TVOS'
[2020.04.30-20.29.22:154][  0]LogTargetPlatformManager: Display: Loaded TargetPlatform 'WindowsNoEditor'
[2020.04.30-20.29.22:161][  0]LogTargetPlatformManager: Display: Loaded TargetPlatform 'Windows'
[2020.04.30-20.29.22:167][  0]LogTargetPlatformManager: Display: Loaded TargetPlatform 'WindowsClient'
[2020.04.30-20.29.22:175][  0]LogTargetPlatformManager: Display: Loaded TargetPlatform 'WindowsServer'
[2020.04.30-20.29.22:175][  0]LogTargetPlatformManager: Display: Building Assets For Windows
[2020.04.30-20.29.22:177][  0]LogAudioDebug: Display: Lib vorbis DLL was dynamically loaded.
[2020.04.30-20.29.22:193][  0]LogShaderCompilers: Guid format shader working directory is 2 characters bigger than the processId version (../../../../../../Unreal Projects/Flocking/Intermediate/Shaders/WorkingDirectory/32588/).
[2020.04.30-20.29.22:193][  0]LogShaderCompilers: Cleaned the shader compiler working directory 'C:/Users/Alex/AppData/Local/Temp/UnrealShaderWorkingDir/236485A5460AD48D1C92A4BE38D5573F/'.
[2020.04.30-20.29.22:193][  0]LogXGEController: Cannot use XGE Controller as Incredibuild is not installed on this machine.
[2020.04.30-20.29.22:194][  0]LogShaderCompilers: Cannot use XGE Shader Compiler as Incredibuild is not installed on this machine.
[2020.04.30-20.29.22:194][  0]LogShaderCompilers: Display: Using Local Shader Compiler.
[2020.04.30-20.29.22:850][  0]LogDerivedDataCache: Display: Max Cache Size: 512 MB
[2020.04.30-20.29.22:915][  0]LogDerivedDataCache: Loaded boot cache 0.06s 78MB C:/Users/Alex/AppData/Local/UnrealEngine/4.24/DerivedDataCache/Boot.ddc.
[2020.04.30-20.29.22:915][  0]LogDerivedDataCache: Display: Loaded Boot cache: C:/Users/Alex/AppData/Local/UnrealEngine/4.24/DerivedDataCache/Boot.ddc
[2020.04.30-20.29.22:915][  0]LogDerivedDataCache: FDerivedDataBackendGraph:  Pak pak cache file ../../../../../../Unreal Projects/Flocking/DerivedDataCache/DDC.ddp not found, will not use a pak cache.
[2020.04.30-20.29.22:915][  0]LogDerivedDataCache: Unable to find inner node Pak for hierarchical cache Hierarchy.
[2020.04.30-20.29.22:915][  0]LogDerivedDataCache: FDerivedDataBackendGraph:  CompressedPak pak cache file ../../../../../../Unreal Projects/Flocking/DerivedDataCache/Compressed.ddp not found, will not use a pak cache.
[2020.04.30-20.29.22:916][  0]LogDerivedDataCache: Unable to find inner node CompressedPak for hierarchical cache Hierarchy.
[2020.04.30-20.29.22:924][  0]LogDerivedDataCache: Display: Pak cache opened for reading ../../../Engine/DerivedDataCache/Compressed.ddp.
[2020.04.30-20.29.22:924][  0]LogDerivedDataCache: FDerivedDataBackendGraph:  EnterprisePak pak cache file ../../../Enterprise/DerivedDataCache/Compressed.ddp not found, will not use a pak cache.
[2020.04.30-20.29.22:924][  0]LogDerivedDataCache: Unable to find inner node EnterprisePak for hierarchical cache Hierarchy.
[2020.04.30-20.29.22:925][  0]LogDerivedDataCache: Using Local data cache path C:/Users/Alex/AppData/Local/UnrealEngine/Common/DerivedDataCache: Writable
[2020.04.30-20.29.22:925][  0]LogDerivedDataCache: Shared data cache path not found in *engine.ini, will not use an Shared cache.
[2020.04.30-20.29.22:925][  0]LogDerivedDataCache: Unable to find inner node Shared for hierarchical cache Hierarchy.
[2020.04.30-20.29.22:950][  0]LogMaterial: Verifying Global Shaders for PCD3D_SM5
[2020.04.30-20.29.22:952][  0]LogSlate: Using FreeType 2.10.0
[2020.04.30-20.29.22:953][  0]LogSlate: SlateFontServices - WITH_FREETYPE: 1, WITH_HARFBUZZ: 1
[2020.04.30-20.29.22:997][  0]LogAssetRegistry: FAssetRegistry took 0.0028 seconds to start up
[2020.04.30-20.29.23:279][  0]LogInit: Selected Device Profile: [Windows]
[2020.04.30-20.29.23:421][  0]LogMeshReduction: Using QuadricMeshReduction for automatic static mesh reduction
[2020.04.30-20.29.23:421][  0]LogMeshReduction: Using SimplygonMeshReduction for automatic skeletal mesh reduction
[2020.04.30-20.29.23:421][  0]LogMeshReduction: Using ProxyLODMeshReduction for automatic mesh merging
[2020.04.30-20.29.23:421][  0]LogMeshReduction: No distributed automatic mesh merging module available
[2020.04.30-20.29.23:421][  0]LogMeshMerging: No distributed automatic mesh merging module available
[2020.04.30-20.29.23:436][  0]LogNetVersion: Flocking 1.0.0, NetCL: 10570792, EngineNetVer: 13, GameNetVer: 0 (Checksum: 1320047615)
[2020.04.30-20.29.24:501][  0]LogPackageLocalizationCache: Processed 10 localized package path(s) for 1 prioritized culture(s) in 0.074947 seconds
[2020.04.30-20.29.24:512][  0]LogUObjectArray: 46750 objects as part of root set at end of initial load.
[2020.04.30-20.29.24:512][  0]LogUObjectAllocator: 8137160 out of 0 bytes used by permanent object pool.
[2020.04.30-20.29.24:512][  0]LogUObjectArray: CloseDisregardForGC: 0/0 objects in disregard for GC pool
[2020.04.30-20.29.24:903][  0]LogTcpMessaging: Initializing TcpMessaging bridge
[2020.04.30-20.29.24:908][  0]LogUdpMessaging: Initializing bridge on interface 0.0.0.0:0 to multicast group 230.0.0.1:6666.
[2020.04.30-20.29.24:971][  0]SourceControl: Source control is disabled
[2020.04.30-20.29.24:971][  0]SourceControl: Source control is disabled
[2020.04.30-20.29.24:972][  0]SourceControl: Source control is disabled
[2020.04.30-20.29.24:972][  0]SourceControl: Source control is disabled
[2020.04.30-20.29.24:973][  0]SourceControl: Source control is disabled
[2020.04.30-20.29.25:080][  0]LogAndroidPermission: UAndroidPermissionCallbackProxy::GetInstance
[2020.04.30-20.29.25:096][  0]LogAudioCaptureCore: Display: No Audio Capture implementations found. Audio input will be silent.
[2020.04.30-20.29.25:096][  0]LogAudioCaptureCore: Display: No Audio Capture implementations found. Audio input will be silent.
[2020.04.30-20.29.25:223][  0]LogOcInput: OculusInput pre-init called
[2020.04.30-20.29.25:229][  0]LogWindows: Failed to load 'OVRPlugin.dll' (GetLastError=126)
[2020.04.30-20.29.25:229][  0]LogWindows: File 'OVRPlugin.dll' does not exist
[2020.04.30-20.29.25:308][  0]LogEngine: Initializing Engine...
[2020.04.30-20.29.25:308][  0]LogHMD: Failed to initialize OpenVR with code 110
[2020.04.30-20.29.25:309][  0]LogStats: UGameplayTagsManager::InitializeManager -  0.000 s
[2020.04.30-20.29.25:806][  0]LogInit: Initializing FReadOnlyCVARCache
[2020.04.30-20.29.25:815][  0]LogAIModule: Creating AISystem for world Untitled
[2020.04.30-20.29.25:837][  0]LogAudioMixer: Display: Audio Mixer Platform Settings:
[2020.04.30-20.29.25:838][  0]LogAudioMixer: Display: 	Sample Rate:						  48000
[2020.04.30-20.29.25:838][  0]LogAudioMixer: Display: 	Callback Buffer Frame Size Requested: 1024
[2020.04.30-20.29.25:838][  0]LogAudioMixer: Display: 	Callback Buffer Frame Size To Use:	  1024
[2020.04.30-20.29.25:838][  0]LogAudioMixer: Display: 	Number of buffers to queue:			  2
[2020.04.30-20.29.25:838][  0]LogAudioMixer: Display: 	Max Channels (voices):				  32
[2020.04.30-20.29.25:838][  0]LogAudioMixer: Display: 	Number of Async Source Workers:		  0
[2020.04.30-20.29.25:838][  0]LogAudio: Display: AudioDevice MaxSources: 32
[2020.04.30-20.29.25:839][  0]LogAudio: Display: Using built-in audio occlusion.
[2020.04.30-20.29.25:839][  0]LogAudioMixer: Display: Initializing audio mixer.
[2020.04.30-20.29.25:885][  0]LogAudioMixer: Display: Audio Device Output Speaker Info:
[2020.04.30-20.29.25:885][  0]LogAudioMixer: Display: Name: Dell S2417DG (NVIDIA High Definition Audio)
[2020.04.30-20.29.25:885][  0]LogAudioMixer: Display: Is Default: Yes
[2020.04.30-20.29.25:885][  0]LogAudioMixer: Display: Sample Rate: 48000
[2020.04.30-20.29.25:885][  0]LogAudioMixer: Display: Channel Count Used: 2
[2020.04.30-20.29.25:885][  0]LogAudioMixer: Display: Device Channel Count: 2
[2020.04.30-20.29.25:885][  0]LogAudioMixer: Display: Channel Order:
[2020.04.30-20.29.25:885][  0]LogAudioMixer: Display: 0: FrontLeft
[2020.04.30-20.29.25:885][  0]LogAudioMixer: Display: 1: FrontRight
[2020.04.30-20.29.25:901][  0]LogAudioMixer: Display: Using Audio Device Dell S2417DG (NVIDIA High Definition Audio)
[2020.04.30-20.29.25:907][  0]LogInit: FAudioDevice initialized.
[2020.04.30-20.29.25:908][  0]LogNetVersion: Set ProjectVersion to 1.0.0.0. Version Checksum will be recalculated on next use.
[2020.04.30-20.29.26:001][  0]LogDerivedDataCache: Saved boot cache 0.09s 78MB C:/Users/Alex/AppData/Local/UnrealEngine/4.24/DerivedDataCache/Boot.ddc.
[2020.04.30-20.29.26:008][  0]LogInit: Texture streaming: Enabled
[2020.04.30-20.29.26:039][  0]LogEngineSessionManager: EngineSessionManager initialized
[2020.04.30-20.29.26:040][  0]LogEngineSessionManager: EngineSessionManager sent abnormal shutdown report. Type=AbnormalShutdown, SessionId={0491CF80-45E3-A3BE-0A2F-BF9BE0DFFFD2}
[2020.04.30-20.29.26:040][  0]LogEditorSessionSummary: Verbose: Initializing EditorSessionSummaryWriter for editor session tracking
[2020.04.30-20.29.26:042][  0]LogEditorSessionSummary: EditorSessionSummaryWriter initialized
[2020.04.30-20.29.26:102][  0]LogInit: Transaction tracking system initialized
[2020.04.30-20.29.26:114][  0]BlueprintLog: New page: Editor Load
[2020.04.30-20.29.26:148][  0]LocalizationService: Localization service is disabled
[2020.04.30-20.29.26:551][  0]LogFileCache: Scanning file cache for directory 'E:/Unreal Projects/Flocking/Content/' took 0.01s
[2020.04.30-20.29.26:551][  0]LogCook: Display: Max memory allowance for cook 16384mb min free memory 0mb
[2020.04.30-20.29.26:552][  0]LogCook: Display: Mobile HDR setting 1
[2020.04.30-20.29.27:193][  0]SourceControl: Source control is disabled
[2020.04.30-20.29.27:194][  0]Cmd: MAP LOAD FILE="../../../Engine/Content/Maps/Templates/Template_Default.umap" TEMPLATE=1 SHOWPROGRESS=1 FEATURELEVEL=3
[2020.04.30-20.29.27:194][  0]LightingResults: New page: Lighting Build
[2020.04.30-20.29.27:195][  0]LogWorld: UWorld::CleanupWorld for Untitled, bSessionEnded=true, bCleanupResources=true
[2020.04.30-20.29.27:195][  0]LogSlate: InvalidateAllWidgets triggered.  All widgets were invalidated
[2020.04.30-20.29.27:195][  0]MapCheck: New page: Map Check
[2020.04.30-20.29.27:195][  0]LightingResults: New page: Lighting Build
[2020.04.30-20.29.27:219][  0]LogUObjectHash: Compacting FUObjectHashTables data took   1.55ms
[2020.04.30-20.29.27:314][  0]LogAIModule: Creating AISystem for world Untitled_1
[2020.04.30-20.29.27:320][  0]LogEditorServer: Finished looking for orphan Actors (0.000 secs)
[2020.04.30-20.29.27:344][  0]LogUObjectHash: Compacting FUObjectHashTables data took   1.80ms
[2020.04.30-20.29.27:344][  0]Cmd: MAP CHECKDEP NOCLEARLOG
[2020.04.30-20.29.27:344][  0]MapCheck: Map check complete: 0 Error(s), 0 Warning(s), took 0.095ms to complete.
[2020.04.30-20.29.27:344][  0]LogFileHelpers: Loading map 'Template_Default' took 0.151
[2020.04.30-20.29.27:644][  0]LogSlate: Updating window title bar state: overlay mode, drag disabled, window buttons hidden, title bar hidden
[2020.04.30-20.29.27:653][  0]LogSlate: Updating window title bar state: overlay mode, drag disabled, window buttons hidden, title bar hidden
[2020.04.30-20.29.27:660][  0]LogSlate: Updating window title bar state: overlay mode, drag disabled, window buttons hidden, title bar hidden
[2020.04.30-20.29.27:669][  0]LogSlate: Updating window title bar state: overlay mode, drag disabled, window buttons hidden, title bar hidden
[2020.04.30-20.29.27:685][  0]LogCollectionManager: Loaded 0 collections in 0.000589 seconds
[2020.04.30-20.29.27:769][  0]LogFileCache: Scanning file cache for directory 'E:/Unreal Projects/Flocking/Saved/Collections/' took 0.00s
[2020.04.30-20.29.27:769][  0]LogFileCache: Scanning file cache for directory 'E:/Unreal Projects/Flocking/Content/Developers/Alex/Collections/' took 0.00s
[2020.04.30-20.29.27:769][  0]LogFileCache: Scanning file cache for directory 'E:/Unreal Projects/Flocking/Content/Collections/' took 0.00s
[2020.04.30-20.29.27:769][  0]LogContentBrowser: Native class hierarchy populated in 0.0071 seconds. Added 3018 classes and 719 folders.
[2020.04.30-20.29.27:804][  0]LogContentBrowser: Native class hierarchy updated for 'WidgetCarousel' in 0.0004 seconds. Added 0 classes and 0 folders.
[2020.04.30-20.29.28:856][  0]LogContentBrowser: Native class hierarchy updated for 'AddContentDialog' in 0.0005 seconds. Added 0 classes and 0 folders.
[2020.04.30-20.29.28:931][  0]LogContentBrowser: Native class hierarchy updated for 'SceneOutliner' in 0.0005 seconds. Added 2 classes and 3 folders.
[2020.04.30-20.29.28:977][  0]LogSlate: Took 0.000168 seconds to synchronously load lazily loaded font '../../../Engine/Content/Slate/Fonts/Roboto-Regular.ttf' (155K)
[2020.04.30-20.29.28:979][  0]LogSlate: Took 0.000216 seconds to synchronously load lazily loaded font '../../../Engine/Content/Slate/Fonts/Roboto-Bold.ttf' (160K)
[2020.04.30-20.29.29:001][  0]LogSlate: Took 0.015950 seconds to synchronously load lazily loaded font '../../../Engine/Content/Editor/Slate/Fonts/FontAwesome.ttf' (139K)
[2020.04.30-20.29.29:273][  0]LogRenderer: Reallocating scene render targets to support 1004x628 Format 10 NumSamples 1 (Frame:1).
[2020.04.30-20.29.29:411][  0]LogContentBrowser: Native class hierarchy updated for 'HierarchicalLODOutliner' in 0.0005 seconds. Added 0 classes and 0 folders.
[2020.04.30-20.29.29:411][  0]LogLoad: (Engine Initialization) Total time: 9.20 seconds
[2020.04.30-20.29.29:411][  0]LogLoad: (Engine Initialization) Total Blueprint compile time: 0.00 seconds
[2020.04.30-20.29.29:455][  0]LogAssetRegistry: Asset discovery search completed in 6.4591 seconds
[2020.04.30-20.29.29:460][  0]LogCollectionManager: Fixed up redirectors for 0 collections in 0.000011 seconds (updated 0 objects)
[2020.04.30-20.29.29:469][  0]LogContentStreaming: Texture pool size now 1000 MB
[2020.04.30-20.30.01:255][834]LogEditorViewport: Clicking on Actor (LMB): StaticMeshActor (Floor)
[2020.04.30-20.30.01:940][892]LogEditorViewport: Clicking on Actor (LMB): StaticMeshActor (Floor)
[2020.04.30-20.30.02:598][969]Cmd: DELETE
[2020.04.30-20.30.02:598][969]Cmd: ACTOR DELETE
[2020.04.30-20.30.02:600][969]LogEditorActor: Deleted Actor: StaticMeshActor
[2020.04.30-20.30.02:617][969]LogUObjectHash: Compacting FUObjectHashTables data took   0.55ms
[2020.04.30-20.30.02:617][969]LogEditorActor: Deleted 1 Actors (0.019 secs)
[2020.04.30-20.30.04:439][125]LogSlate: Took 0.022235 seconds to synchronously load lazily loaded font '../../../Engine/Content/Slate/Fonts/Roboto-Light.ttf' (167K)
[2020.04.30-20.30.07:071][125]LogSlate: Window 'Save Level As' being destroyed
[2020.04.30-20.30.07:806][191]LogSlate: Took 0.000125 seconds to synchronously load lazily loaded font '../../../Engine/Content/Slate/Fonts/Roboto-Light.ttf' (167K)
[2020.04.30-20.30.07:905][191]LogAIModule: Creating AISystem for world NewMap
[2020.04.30-20.30.07:920][191]LogAssetEditorSubsystem: Opening Asset editor for World /Game/NewMap.NewMap
[2020.04.30-20.30.07:999][191]LogUObjectHash: Compacting FUObjectHashTables data took   1.67ms
[2020.04.30-20.30.09:529][191]LogSlate: Window 'Save Content' being destroyed
[2020.04.30-20.30.09:550][191]Cmd: MAP LOAD FILE="../../../../../../Unreal Projects/Flocking/Content/NewMap.umap" TEMPLATE=0 SHOWPROGRESS=1 FEATURELEVEL=3
[2020.04.30-20.30.09:553][191]LightingResults: New page: Lighting Build
[2020.04.30-20.30.09:554][191]LoadErrors: New page: Loading map: NewMap.umap
[2020.04.30-20.30.09:555][191]LogWorld: UWorld::CleanupWorld for Untitled_1, bSessionEnded=true, bCleanupResources=true
[2020.04.30-20.30.09:555][191]LogSlate: InvalidateAllWidgets triggered.  All widgets were invalidated
[2020.04.30-20.30.09:555][191]MapCheck: New page: Map Check
[2020.04.30-20.30.09:555][191]LightingResults: New page: Lighting Build
[2020.04.30-20.30.09:577][191]LogUObjectHash: Compacting FUObjectHashTables data took   1.31ms
[2020.04.30-20.30.09:580][191]LogEditorServer: Finished looking for orphan Actors (0.000 secs)
[2020.04.30-20.30.09:599][191]LogUObjectHash: Compacting FUObjectHashTables data took   2.08ms
[2020.04.30-20.30.09:613][191]Cmd: MAP CHECKDEP NOCLEARLOG
[2020.04.30-20.30.09:614][191]MapCheck: Map check complete: 0 Error(s), 0 Warning(s), took 0.063ms to complete.
[2020.04.30-20.30.09:614][191]LogFileHelpers: Loading map 'NewMap' took 0.065
[2020.04.30-20.30.20:912][862]LogActor: Warning: MyFlockingGameModeBaseBP_C /Engine/Transient.World_2:PersistentLevel.MyFlockingGameModeBaseBP_C_0 has natively added scene component(s), but none of them were set as the actor's RootComponent - picking one arbitrarily
[2020.04.30-20.30.29:622][305]LogSlate: Window 'Project Settings' being destroyed
[2020.04.30-20.30.29:648][305]LogSlate: Window 'Project Settings' being destroyed
[2020.04.30-20.30.30:591][382]LogTemp: Repeating last play command: Selected Viewport
[2020.04.30-20.30.30:602][382]LogPlayLevel: PlayLevel: No blueprints needed recompiling
[2020.04.30-20.30.30:619][382]PIE: New page: PIE session: NewMap (Apr 30, 2020, 12:30:30 PM)
[2020.04.30-20.30.30:620][382]LogOnline: OSS: Creating online subsystem instance for: NULL
[2020.04.30-20.30.30:621][382]LogOnline: OSS: TryLoadSubsystemAndSetDefault: Loaded subsystem for module [NULL]
[2020.04.30-20.30.30:621][382]LogPlayLevel: Creating play world package: /Game/UEDPIE_0_NewMap
[2020.04.30-20.30.30:623][382]LogPlayLevel: PIE: StaticDuplicateObject took: (0.002284s)
[2020.04.30-20.30.30:624][382]LogAIModule: Creating AISystem for world NewMap
[2020.04.30-20.30.30:624][382]LogPlayLevel: PIE: World Init took: (0.000891s)
[2020.04.30-20.30.30:624][382]LogPlayLevel: PIE: Created PIE world by copying editor world from /Game/NewMap.NewMap to /Game/UEDPIE_0_NewMap.NewMap (0.003344s)
[2020.04.30-20.30.30:642][382]LogUObjectHash: Compacting FUObjectHashTables data took   1.13ms
[2020.04.30-20.30.30:643][382]LogAudioMixer: Display: Audio Mixer Platform Settings:
[2020.04.30-20.30.30:643][382]LogAudioMixer: Display: 	Sample Rate:						  48000
[2020.04.30-20.30.30:643][382]LogAudioMixer: Display: 	Callback Buffer Frame Size Requested: 1024
[2020.04.30-20.30.30:643][382]LogAudioMixer: Display: 	Callback Buffer Frame Size To Use:	  1024
[2020.04.30-20.30.30:643][382]LogAudioMixer: Display: 	Number of buffers to queue:			  2
[2020.04.30-20.30.30:643][382]LogAudioMixer: Display: 	Max Channels (voices):				  32
[2020.04.30-20.30.30:643][382]LogAudioMixer: Display: 	Number of Async Source Workers:		  0
[2020.04.30-20.30.30:643][382]LogAudio: Display: AudioDevice MaxSources: 32
[2020.04.30-20.30.30:644][382]LogAudio: Display: Using built-in audio occlusion.
[2020.04.30-20.30.30:644][382]LogAudioMixer: Display: Initializing audio mixer.
[2020.04.30-20.30.30:661][382]LogAudioMixer: Display: Audio Device Output Speaker Info:
[2020.04.30-20.30.30:662][382]LogAudioMixer: Display: Name: Dell S2417DG (NVIDIA High Definition Audio)
[2020.04.30-20.30.30:662][382]LogAudioMixer: Display: Is Default: Yes
[2020.04.30-20.30.30:662][382]LogAudioMixer: Display: Sample Rate: 48000
[2020.04.30-20.30.30:662][382]LogAudioMixer: Display: Channel Count Used: 2
[2020.04.30-20.30.30:662][382]LogAudioMixer: Display: Device Channel Count: 2
[2020.04.30-20.30.30:662][382]LogAudioMixer: Display: Channel Order:
[2020.04.30-20.30.30:662][382]LogAudioMixer: Display: 0: FrontLeft
[2020.04.30-20.30.30:662][382]LogAudioMixer: Display: 1: FrontRight
[2020.04.30-20.30.30:667][382]LogAudioMixer: Display: Using Audio Device Dell S2417DG (NVIDIA High Definition Audio)
[2020.04.30-20.30.30:668][382]LogInit: FAudioDevice initialized.
[2020.04.30-20.30.30:675][382]LogLoad: Game class is 'MyFlockingGameModeBaseBP_C'
[2020.04.30-20.30.30:675][382]LogActor: Warning: MyFlockingGameModeBaseBP_C /Game/UEDPIE_0_NewMap.NewMap:PersistentLevel.MyFlockingGameModeBaseBP_C_0 has natively added scene component(s), but none of them were set as the actor's RootComponent - picking one arbitrarily
[2020.04.30-20.30.30:677][382]LogWorld: Bringing World /Game/UEDPIE_0_NewMap.NewMap up for play (max tick rate 0) at 2020.04.30-16.30.30
[2020.04.30-20.30.30:677][382]LogWorld: Bringing up level for play took: 0.000502
[2020.04.30-20.30.30:677][382]LogOnline: OSS: Creating online subsystem instance for: :Context_4
[2020.04.30-20.30.30:688][382]LogContentBrowser: Native class hierarchy updated for 'MovieSceneCapture' in 0.0003 seconds. Added 20 classes and 0 folders.
[2020.04.30-20.30.30:688][382]LogTemp: Warning: GAMEMODE BEGINPLAY()
[2020.04.30-20.30.30:688][382]LogTemp: Warning: Manager initialized
[2020.04.30-20.30.30:688][382]LogTemp: Warning: Agent initialized.
[2020.04.30-20.30.30:688][382]LogTemp: Warning: Agent initialized.
[2020.04.30-20.30.30:688][382]LogTemp: Warning: Agent initialized.
[2020.04.30-20.30.30:688][382]LogTemp: Warning: Agent initialized.
[2020.04.30-20.30.30:688][382]LogTemp: Warning: Agent initialized.
[2020.04.30-20.30.30:688][382]LogTemp: Warning: Agent initialized.
[2020.04.30-20.30.30:689][382]LogTemp: Warning: Agent initialized.
[2020.04.30-20.30.30:689][382]LogTemp: Warning: Agent initialized.
[2020.04.30-20.30.30:689][382]LogTemp: Warning: Agent initialized.
[2020.04.30-20.30.30:689][382]LogTemp: Warning: Agent initialized.
[2020.04.30-20.30.30:689][382]PIE: Play in editor start time for /Game/UEDPIE_0_NewMap -0.005
[2020.04.30-20.30.33:178][382]LogWindows: Error: === Critical error: ===
[2020.04.30-20.30.33:178][382]LogWindows: Error: 
[2020.04.30-20.30.33:178][382]LogWindows: Error: Fatal error!
[2020.04.30-20.30.33:178][382]LogWindows: Error: 
[2020.04.30-20.30.33:178][382]LogWindows: Error: Unhandled Exception: EXCEPTION_ACCESS_VIOLATION reading address 0xffffffff
[2020.04.30-20.30.33:178][382]LogWindows: Error: 
[2020.04.30-20.30.33:178][382]LogWindows: Error: [Callstack] 0x00007ffc50b00188 UE4Editor-Core.dll!UnknownFunction []
[2020.04.30-20.30.33:178][382]LogWindows: Error: [Callstack] 0x00007ffc50afffc7 UE4Editor-Core.dll!UnknownFunction []
[2020.04.30-20.30.33:178][382]LogWindows: Error: [Callstack] 0x00007ffc516200b4 UE4Editor-CoreUObject.dll!UnknownFunction []
[2020.04.30-20.30.33:178][382]LogWindows: Error: [Callstack] 0x00007ffc4d38e501 UE4Editor-Engine.dll!UnknownFunction []
[2020.04.30-20.30.33:178][382]LogWindows: Error: [Callstack] 0x00007ffc2b3d1bb5 UE4Editor-Flocking-8809.dll!AAgent::AAgent() [e:\unreal projects\flocking\source\flocking\agent.cpp:6]
[2020.04.30-20.30.33:178][382]LogWindows: Error: [Callstack] 0x00007ffc2b3d2caf UE4Editor-Flocking-8809.dll!UFlockingManager::Flock() [e:\unreal projects\flocking\source\flocking\flockingmanager.cpp:33]
[2020.04.30-20.30.33:178][382]LogWindows: Error: [Callstack] 0x00007ffc4d3ff402 UE4Editor-Engine.dll!UnknownFunction []
[2020.04.30-20.30.33:179][382]LogWindows: Error: [Callstack] 0x00007ffc4d3c7866 UE4Editor-Engine.dll!UnknownFunction []
[2020.04.30-20.30.33:179][382]LogWindows: Error: [Callstack] 0x00007ffc4e507223 UE4Editor-Engine.dll!UnknownFunction []
[2020.04.30-20.30.33:179][382]LogWindows: Error: [Callstack] 0x00007ffc4e515256 UE4Editor-Engine.dll!UnknownFunction []
[2020.04.30-20.30.33:179][382]LogWindows: Error: [Callstack] 0x00007ffc50689ff2 UE4Editor-Core.dll!UnknownFunction []
[2020.04.30-20.30.33:179][382]LogWindows: Error: [Callstack] 0x00007ffc5068a393 UE4Editor-Core.dll!UnknownFunction []
[2020.04.30-20.30.33:179][382]LogWindows: Error: [Callstack] 0x00007ffc5069aa68 UE4Editor-Core.dll!UnknownFunction []
[2020.04.30-20.30.33:179][382]LogWindows: Error: [Callstack] 0x00007ffc4e5338b0 UE4Editor-Engine.dll!UnknownFunction []
[2020.04.30-20.30.33:179][382]LogWindows: Error: [Callstack] 0x00007ffc4e5397c2 UE4Editor-Engine.dll!UnknownFunction []
[2020.04.30-20.30.33:179][382]LogWindows: Error: [Callstack] 0x00007ffc4dcba25f UE4Editor-Engine.dll!UnknownFunction []
[2020.04.30-20.30.33:179][382]LogWindows: Error: [Callstack] 0x00007ffc4dcc5127 UE4Editor-Engine.dll!UnknownFunction []
[2020.04.30-20.30.33:179][382]LogWindows: Error: [Callstack] 0x00007ffc3c2dad60 UE4Editor-UnrealEd.dll!UnknownFunction []
[2020.04.30-20.30.33:179][382]LogWindows: Error: [Callstack] 0x00007ffc3cb3e476 UE4Editor-UnrealEd.dll!UnknownFunction []
[2020.04.30-20.30.33:179][382]LogWindows: Error: [Callstack] 0x00007ff60ae87f62 UE4Editor.exe!UnknownFunction []
[2020.04.30-20.30.33:179][382]LogWindows: Error: [Callstack] 0x00007ff60ae9c3ec UE4Editor.exe!UnknownFunction []
[2020.04.30-20.30.33:179][382]LogWindows: Error: [Callstack] 0x00007ff60ae9c4ca UE4Editor.exe!UnknownFunction []
[2020.04.30-20.30.33:179][382]LogWindows: Error: [Callstack] 0x00007ff60aeaceae UE4Editor.exe!UnknownFunction []
[2020.04.30-20.30.33:179][382]LogWindows: Error: [Callstack] 0x00007ff60aeafcbe UE4Editor.exe!UnknownFunction []
[2020.04.30-20.30.33:179][382]LogWindows: Error: [Callstack] 0x00007ffcc3367bd4 KERNEL32.DLL!UnknownFunction []
[2020.04.30-20.30.33:179][382]LogWindows: Error: [Callstack] 0x00007ffcc3b8ce51 ntdll.dll!UnknownFunction []
[2020.04.30-20.30.33:179][382]LogWindows: Error: 
[2020.04.30-20.30.33:235][382]LogExit: Executing StaticShutdownAfterError
[2020.04.30-20.30.33:258][382]LogWindows: FPlatformMisc::RequestExit(1)
[2020.04.30-20.30.33:258][382]LogCore: Engine exit requested (reason: Win RequestExit)
[2020.04.30-20.30.33:277][382]Log file closed, 04/30/20 16:30:33
