Log file open, 05/01/20 14:08:51
LogWindows: Failed to load 'aqProf.dll' (GetLastError=126)
LogWindows: File 'aqProf.dll' does not exist
LogWindows: Failed to load 'VtuneApi.dll' (GetLastError=126)
LogWindows: File 'VtuneApi.dll' does not exist
LogWindows: Failed to load 'VtuneApi32e.dll' (GetLastError=126)
LogWindows: File 'VtuneApi32e.dll' does not exist
LogConsoleResponse: Display: Failed to find resolution value strings in scalability ini. Falling back to default.
LogInit: Display: Running engine for game: Flocking
LogPlatformFile: Not using cached read wrapper
LogTaskGraph: Started task graph with 5 named threads and 23 total threads with 3 sets of task threads.
LogStats: Stats thread started at 0.672316
LogD3D11RHI: Loaded GFSDK_Aftermath_Lib.x64.dll
LogICUInternationalization: ICU TimeZone Detection - Raw Offset: -5:00, Platform Override: ''
LogPluginManager: Mounting plugin Paper2D
LogPluginManager: Mounting plugin AISupport
LogPluginManager: Mounting plugin LightPropagationVolume
LogPluginManager: Mounting plugin ActorLayerUtilities
LogPluginManager: Mounting plugin AnimationSharing
LogPluginManager: Mounting plugin CLionSourceCodeAccess
LogPluginManager: Mounting plugin CodeLiteSourceCodeAccess
LogPluginManager: Mounting plugin GitSourceControl
LogPluginManager: Mounting plugin KDevelopSourceCodeAccess
LogPluginManager: Mounting plugin NullSourceCodeAccess
LogPluginManager: Mounting plugin PerforceSourceControl
LogPluginManager: Mounting plugin PlasticSourceControl
LogPluginManager: Mounting plugin SubversionSourceControl
LogPluginManager: Mounting plugin UObjectPlugin
LogPluginManager: Mounting plugin VisualStudioCodeSourceCodeAccess
LogPluginManager: Mounting plugin VisualStudioSourceCodeAccess
LogPluginManager: Mounting plugin XCodeSourceCodeAccess
LogPluginManager: Mounting plugin AssetManagerEditor
LogPluginManager: Mounting plugin CryptoKeys
LogPluginManager: Mounting plugin CurveEditorTools
LogPluginManager: Mounting plugin DataValidation
LogPluginManager: Mounting plugin FacialAnimation
LogPluginManager: Mounting plugin GameplayTagsEditor
LogPluginManager: Mounting plugin MacGraphicsSwitching
LogPluginManager: Mounting plugin MaterialAnalyzer
LogPluginManager: Mounting plugin MobileLauncherProfileWizard
LogPluginManager: Mounting plugin PluginBrowser
LogPluginManager: Mounting plugin SpeedTreeImporter
LogPluginManager: Mounting plugin DatasmithContent
LogPluginManager: Mounting plugin VariantManagerContent
LogPluginManager: Mounting plugin AlembicImporter
LogPluginManager: Mounting plugin AutomationUtils
LogPluginManager: Mounting plugin BackChannel
LogPluginManager: Mounting plugin CharacterAI
LogPluginManager: Mounting plugin GeometryCache
LogPluginManager: Mounting plugin PlatformCrypto
LogPluginManager: Mounting plugin ProxyLODPlugin
LogPluginManager: Mounting plugin SkeletalReduction
LogPluginManager: Mounting plugin MagicLeap
LogPluginManager: Mounting plugin MagicLeapMedia
LogPluginManager: Mounting plugin MLSDK
LogPluginManager: Mounting plugin AndroidMedia
LogPluginManager: Mounting plugin AvfMedia
LogPluginManager: Mounting plugin ImgMedia
LogPluginManager: Mounting plugin MediaCompositing
LogPluginManager: Mounting plugin MediaPlayerEditor
LogPluginManager: Mounting plugin WebMMedia
LogPluginManager: Mounting plugin WmfMedia
LogPluginManager: Mounting plugin TcpMessaging
LogPluginManager: Mounting plugin UdpMessaging
LogPluginManager: Mounting plugin ActorSequence
LogPluginManager: Mounting plugin LevelSequenceEditor
LogPluginManager: Mounting plugin MatineeToLevelSequence
LogPluginManager: Mounting plugin NetcodeUnitTest
LogPluginManager: Mounting plugin NUTUnrealEngine4
LogPluginManager: Mounting plugin OnlineSubsystemGooglePlay
LogPluginManager: Mounting plugin OnlineSubsystemIOS
LogPluginManager: Mounting plugin OnlineSubsystem
LogPluginManager: Mounting plugin OnlineSubsystemNull
LogPluginManager: Mounting plugin OnlineSubsystemUtils
LogPluginManager: Mounting plugin LauncherChunkInstaller
LogPluginManager: Mounting plugin AndroidDeviceProfileSelector
LogPluginManager: Mounting plugin AndroidMoviePlayer
LogPluginManager: Mounting plugin AndroidPermission
LogPluginManager: Mounting plugin AppleImageUtils
LogPluginManager: Mounting plugin AppleMoviePlayer
LogPluginManager: Mounting plugin ArchVisCharacter
LogPluginManager: Mounting plugin AssetTags
LogPluginManager: Mounting plugin AudioCapture
LogPluginManager: Mounting plugin CableComponent
LogPluginManager: Mounting plugin CustomMeshComponent
LogPluginManager: Mounting plugin EditableMesh
LogPluginManager: Mounting plugin ExampleDeviceProfileSelector
LogPluginManager: Mounting plugin GoogleCloudMessaging
LogPluginManager: Mounting plugin IOSDeviceProfileSelector
LogPluginManager: Mounting plugin LinuxDeviceProfileSelector
LogPluginManager: Mounting plugin LocationServicesBPLibrary
LogPluginManager: Mounting plugin MobilePatchingUtils
LogPluginManager: Mounting plugin OculusVR
LogPluginManager: Mounting plugin PhysXVehicles
LogPluginManager: Mounting plugin PostSplashScreen
LogPluginManager: Mounting plugin ProceduralMeshComponent
LogPluginManager: Mounting plugin RuntimePhysXCooking
LogPluginManager: Mounting plugin SignificanceManager
LogPluginManager: Mounting plugin SteamVR
LogPluginManager: Mounting plugin WebMMoviePlayer
LogPluginManager: Mounting plugin WindowsMoviePlayer
LogPluginManager: Mounting plugin ScreenshotTools
LogInit: Using libcurl 7.55.1-DEV
LogInit:  - built for x86_64-pc-win32
LogInit:  - supports SSL with OpenSSL/1.1.1
LogInit:  - supports HTTP deflate (compression) using libz 1.2.8
LogInit:  - other features:
LogInit:      CURL_VERSION_SSL
LogInit:      CURL_VERSION_LIBZ
LogInit:      CURL_VERSION_IPV6
LogInit:      CURL_VERSION_ASYNCHDNS
LogInit:      CURL_VERSION_LARGEFILE
LogInit:      CURL_VERSION_IDN
LogInit:  CurlRequestOptions (configurable via config and command line):
LogInit:  - bVerifyPeer = true  - Libcurl will verify peer certificate
LogInit:  - bUseHttpProxy = false  - Libcurl will NOT use HTTP proxy
LogInit:  - bDontReuseConnections = false  - Libcurl will reuse connections
LogInit:  - MaxHostConnections = 16  - Libcurl will limit the number of connections to a host
LogInit:  - LocalHostAddr = Default
LogInit:  - BufferSize = 65536
LogOnline: OSS: Creating online subsystem instance for: NULL
LogInit: WinSock: version 1.1 (2.2), MaxSocks=32767, MaxUdp=65467
LogOnline: OSS: TryLoadSubsystemAndSetDefault: Loaded subsystem for module [NULL]
LogInit: Build: ++UE4+Release-4.24-CL-11590370
LogInit: Engine Version: 4.24.3-11590370+++UE4+Release-4.24
LogInit: Compatible Engine Version: 4.24.0-10570792+++UE4+Release-4.24
LogInit: Net CL: 10570792
LogInit: OS: Windows 10 (Release 1903) (), CPU: Intel(R) Core(TM) i7-7700K CPU @ 4.20GHz, GPU: NVIDIA GeForce GTX 1080
LogInit: Compiled (64-bit): Feb 24 2020 15:39:18
LogInit: Compiled with Visual C++: 19.16.27032.01
LogInit: Build Configuration: Development
LogInit: Branch Name: ++UE4+Release-4.24
LogInit: Command Line: 
LogInit: Base Directory: E:/UE4/Epic Games/UE_4.24/Engine/Binaries/Win64/
LogInit: Installed Engine Build: 1
LogDevObjectVersion: Number of dev versions registered: 25
LogDevObjectVersion:   Dev-Blueprints (B0D832E4-1F89-4F0D-ACCF-7EB736FD4AA2): 10
LogDevObjectVersion:   Dev-Build (E1C64328-A22C-4D53-A36C-8E866417BD8C): 0
LogDevObjectVersion:   Dev-Core (375EC13C-06E4-48FB-B500-84F0262A717E): 3
LogDevObjectVersion:   Dev-Editor (E4B068ED-F494-42E9-A231-DA0B2E46BB41): 37
LogDevObjectVersion:   Dev-Framework (CFFC743F-43B0-4480-9391-14DF171D2073): 36
LogDevObjectVersion:   Dev-Mobile (B02B49B5-BB20-44E9-A304-32B752E40360): 2
LogDevObjectVersion:   Dev-Networking (A4E4105C-59A1-49B5-A7C5-40C4547EDFEE): 0
LogDevObjectVersion:   Dev-Online (39C831C9-5AE6-47DC-9A44-9C173E1C8E7C): 0
LogDevObjectVersion:   Dev-Physics (78F01B33-EBEA-4F98-B9B4-84EACCB95AA2): 2
LogDevObjectVersion:   Dev-Platform (6631380F-2D4D-43E0-8009-CF276956A95A): 0
LogDevObjectVersion:   Dev-Rendering (12F88B9F-8875-4AFC-A67C-D90C383ABD29): 36
LogDevObjectVersion:   Dev-Sequencer (7B5AE74C-D270-4C10-A958-57980B212A5A): 11
LogDevObjectVersion:   Dev-VR (D7296918-1DD6-4BDD-9DE2-64A83CC13884): 2
LogDevObjectVersion:   Dev-LoadTimes (C2A15278-BFE7-4AFE-6C17-90FF531DF755): 1
LogDevObjectVersion:   Private-Geometry (6EACA3D4-40EC-4CC1-B786-8BED09428FC5): 3
LogDevObjectVersion:   Dev-AnimPhys (29E575DD-E0A3-4627-9D10-D276232CDCEA): 17
LogDevObjectVersion:   Dev-Anim (AF43A65D-7FD3-4947-9873-3E8ED9C1BB05): 2
LogDevObjectVersion:   Dev-ReflectionCapture (6B266CEC-1EC7-4B8F-A30B-E4D90942FC07): 1
LogDevObjectVersion:   Dev-Automation (0DF73D61-A23F-47EA-B727-89E90C41499A): 1
LogDevObjectVersion:   FortniteMain (601D1886-AC64-4F84-AA16-D3DE0DEAC7D6): 31
LogDevObjectVersion:   Dev-Enterprise (9DFFBCD6-494F-0158-E221-12823C92A888): 8
LogDevObjectVersion:   Dev-Niagara (F2AED0AC-9AFE-416F-8664-AA7FFA26D6FC): 1
LogDevObjectVersion:   Dev-Destruction (174F1F0B-B4C6-45A5-B13F-2EE8D0FB917D): 9
LogDevObjectVersion:   Dev-Physics-Ext (35F94A83-E258-406C-A318-09F59610247C): 8
LogDevObjectVersion:   Dev-CineCamera (B2E18506-4273-CFC2-A54E-F4BB758BBA07): 1
LogInit: Presizing for max 25165824 objects, including 0 objects not considered by GC, pre-allocating 0 bytes for permanent pool.
LogInit: Object subsystem initialized
LogConfig: Setting CVar [[con.DebugEarlyDefault:1]]
LogConfig: Setting CVar [[r.setres:1280x720]]
[2020.05.01-18.08.52:389][  0]LogConfig: Setting CVar [[r.VSync:0]]
[2020.05.01-18.08.52:389][  0]LogConfig: Setting CVar [[r.RHICmdBypass:0]]
[2020.05.01-18.08.52:389][  0]LogConfig: Applying CVar settings from Section [/Script/Engine.RendererSettings] File [E:/Unreal Projects/Flocking/Saved/Config/Windows/Engine.ini]
[2020.05.01-18.08.52:389][  0]LogConfig: Setting CVar [[r.GPUCrashDebugging:0]]
[2020.05.01-18.08.52:389][  0]LogConfig: Applying CVar settings from Section [/Script/Engine.RendererOverrideSettings] File [E:/Unreal Projects/Flocking/Saved/Config/Windows/Engine.ini]
[2020.05.01-18.08.52:389][  0]LogConfig: Applying CVar settings from Section [/Script/Engine.StreamingSettings] File [E:/Unreal Projects/Flocking/Saved/Config/Windows/Engine.ini]
[2020.05.01-18.08.52:389][  0]LogConfig: Setting CVar [[s.MinBulkDataSizeForAsyncLoading:131072]]
[2020.05.01-18.08.52:389][  0]LogConfig: Setting CVar [[s.AsyncLoadingThreadEnabled:0]]
[2020.05.01-18.08.52:389][  0]LogConfig: Setting CVar [[s.EventDrivenLoaderEnabled:1]]
[2020.05.01-18.08.52:389][  0]LogConfig: Setting CVar [[s.WarnIfTimeLimitExceeded:0]]
[2020.05.01-18.08.52:389][  0]LogConfig: Setting CVar [[s.TimeLimitExceededMultiplier:1.5]]
[2020.05.01-18.08.52:389][  0]LogConfig: Setting CVar [[s.TimeLimitExceededMinTime:0.005]]
[2020.05.01-18.08.52:389][  0]LogConfig: Setting CVar [[s.UseBackgroundLevelStreaming:1]]
[2020.05.01-18.08.52:389][  0]LogConfig: Setting CVar [[s.PriorityAsyncLoadingExtraTime:15.0]]
[2020.05.01-18.08.52:389][  0]LogConfig: Setting CVar [[s.LevelStreamingActorsUpdateTimeLimit:5.0]]
[2020.05.01-18.08.52:389][  0]LogConfig: Setting CVar [[s.PriorityLevelStreamingActorsUpdateExtraTime:5.0]]
[2020.05.01-18.08.52:389][  0]LogConfig: Setting CVar [[s.LevelStreamingComponentsRegistrationGranularity:10]]
[2020.05.01-18.08.52:389][  0]LogConfig: Setting CVar [[s.UnregisterComponentsTimeLimit:1.0]]
[2020.05.01-18.08.52:389][  0]LogConfig: Setting CVar [[s.LevelStreamingComponentsUnregistrationGranularity:5]]
[2020.05.01-18.08.52:389][  0]LogConfig: Setting CVar [[s.FlushStreamingOnExit:1]]
[2020.05.01-18.08.52:389][  0]LogConfig: Applying CVar settings from Section [/Script/Engine.GarbageCollectionSettings] File [E:/Unreal Projects/Flocking/Saved/Config/Windows/Engine.ini]
[2020.05.01-18.08.52:389][  0]LogConfig: Setting CVar [[gc.MaxObjectsNotConsideredByGC:1]]
[2020.05.01-18.08.52:389][  0]LogConfig: Setting CVar [[gc.SizeOfPermanentObjectPool:0]]
[2020.05.01-18.08.52:389][  0]LogConfig: Setting CVar [[gc.FlushStreamingOnGC:0]]
[2020.05.01-18.08.52:389][  0]LogConfig: Setting CVar [[gc.NumRetriesBeforeForcingGC:10]]
[2020.05.01-18.08.52:389][  0]LogConfig: Setting CVar [[gc.AllowParallelGC:1]]
[2020.05.01-18.08.52:389][  0]LogConfig: Setting CVar [[gc.TimeBetweenPurgingPendingKillObjects:61.1]]
[2020.05.01-18.08.52:389][  0]LogConfig: Setting CVar [[gc.MaxObjectsInEditor:25165824]]
[2020.05.01-18.08.52:389][  0]LogConfig: Setting CVar [[gc.IncrementalBeginDestroyEnabled:1]]
[2020.05.01-18.08.52:389][  0]LogConfig: Setting CVar [[gc.CreateGCClusters:1]]
[2020.05.01-18.08.52:389][  0]LogConfig: Setting CVar [[gc.MinGCClusterSize:5]]
[2020.05.01-18.08.52:389][  0]LogConfig: Setting CVar [[gc.ActorClusteringEnabled:0]]
[2020.05.01-18.08.52:389][  0]LogConfig: Setting CVar [[gc.BlueprintClusteringEnabled:0]]
[2020.05.01-18.08.52:389][  0]LogConfig: Setting CVar [[gc.UseDisregardForGCOnDedicatedServers:0]]
[2020.05.01-18.08.52:389][  0]LogConfig: Applying CVar settings from Section [/Script/Engine.NetworkSettings] File [E:/Unreal Projects/Flocking/Saved/Config/Windows/Engine.ini]
[2020.05.01-18.08.52:389][  0]LogConfig: Applying CVar settings from Section [/Script/UnrealEd.CookerSettings] File [E:/Unreal Projects/Flocking/Saved/Config/Windows/Engine.ini]
[2020.05.01-18.08.52:395][  0]LogConfig: Applying CVar settings from Section [ViewDistanceQuality@3] File [E:/Unreal Projects/Flocking/Saved/Config/Windows/Scalability.ini]
[2020.05.01-18.08.52:395][  0]LogConfig: Setting CVar [[r.SkeletalMeshLODBias:0]]
[2020.05.01-18.08.52:395][  0]LogConfig: Setting CVar [[r.ViewDistanceScale:1.0]]
[2020.05.01-18.08.52:395][  0]LogConfig: Applying CVar settings from Section [AntiAliasingQuality@3] File [E:/Unreal Projects/Flocking/Saved/Config/Windows/Scalability.ini]
[2020.05.01-18.08.52:395][  0]LogConfig: Setting CVar [[r.PostProcessAAQuality:4]]
[2020.05.01-18.08.52:395][  0]LogConfig: Applying CVar settings from Section [ShadowQuality@3] File [E:/Unreal Projects/Flocking/Saved/Config/Windows/Scalability.ini]
[2020.05.01-18.08.52:395][  0]LogConfig: Setting CVar [[r.LightFunctionQuality:1]]
[2020.05.01-18.08.52:395][  0]LogConfig: Setting CVar [[r.ShadowQuality:5]]
[2020.05.01-18.08.52:395][  0]LogConfig: Setting CVar [[r.Shadow.CSM.MaxCascades:10]]
[2020.05.01-18.08.52:395][  0]LogConfig: Setting CVar [[r.Shadow.MaxResolution:2048]]
[2020.05.01-18.08.52:395][  0]LogConfig: Setting CVar [[r.Shadow.MaxCSMResolution:2048]]
[2020.05.01-18.08.52:395][  0]LogConfig: Setting CVar [[r.Shadow.RadiusThreshold:0.01]]
[2020.05.01-18.08.52:395][  0]LogConfig: Setting CVar [[r.Shadow.DistanceScale:1.0]]
[2020.05.01-18.08.52:395][  0]LogConfig: Setting CVar [[r.Shadow.CSM.TransitionScale:1.0]]
[2020.05.01-18.08.52:395][  0]LogConfig: Setting CVar [[r.Shadow.PreShadowResolutionFactor:1.0]]
[2020.05.01-18.08.52:395][  0]LogConfig: Setting CVar [[r.DistanceFieldShadowing:1]]
[2020.05.01-18.08.52:395][  0]LogConfig: Setting CVar [[r.DistanceFieldAO:1]]
[2020.05.01-18.08.52:395][  0]LogConfig: Setting CVar [[r.AOQuality:2]]
[2020.05.01-18.08.52:395][  0]LogConfig: Setting CVar [[r.VolumetricFog:1]]
[2020.05.01-18.08.52:395][  0]LogConfig: Setting CVar [[r.VolumetricFog.GridPixelSize:8]]
[2020.05.01-18.08.52:395][  0]LogConfig: Setting CVar [[r.VolumetricFog.GridSizeZ:128]]
[2020.05.01-18.08.52:395][  0]LogConfig: Setting CVar [[r.VolumetricFog.HistoryMissSupersampleCount:4]]
[2020.05.01-18.08.52:395][  0]LogConfig: Setting CVar [[r.LightMaxDrawDistanceScale:1]]
[2020.05.01-18.08.52:395][  0]LogConfig: Setting CVar [[r.CapsuleShadows:1]]
[2020.05.01-18.08.52:395][  0]LogConfig: Applying CVar settings from Section [PostProcessQuality@3] File [E:/Unreal Projects/Flocking/Saved/Config/Windows/Scalability.ini]
[2020.05.01-18.08.52:396][  0]LogConfig: Setting CVar [[r.MotionBlurQuality:4]]
[2020.05.01-18.08.52:396][  0]LogConfig: Setting CVar [[r.AmbientOcclusionMipLevelFactor:0.4]]
[2020.05.01-18.08.52:396][  0]LogConfig: Setting CVar [[r.AmbientOcclusionMaxQuality:100]]
[2020.05.01-18.08.52:396][  0]LogConfig: Setting CVar [[r.AmbientOcclusionLevels:-1]]
[2020.05.01-18.08.52:396][  0]LogConfig: Setting CVar [[r.AmbientOcclusionRadiusScale:1.0]]
[2020.05.01-18.08.52:396][  0]LogConfig: Setting CVar [[r.DepthOfFieldQuality:2]]
[2020.05.01-18.08.52:396][  0]LogConfig: Setting CVar [[r.RenderTargetPoolMin:400]]
[2020.05.01-18.08.52:396][  0]LogConfig: Setting CVar [[r.LensFlareQuality:2]]
[2020.05.01-18.08.52:396][  0]LogConfig: Setting CVar [[r.SceneColorFringeQuality:1]]
[2020.05.01-18.08.52:396][  0]LogConfig: Setting CVar [[r.EyeAdaptationQuality:2]]
[2020.05.01-18.08.52:396][  0]LogConfig: Setting CVar [[r.BloomQuality:5]]
[2020.05.01-18.08.52:396][  0]LogConfig: Setting CVar [[r.FastBlurThreshold:100]]
[2020.05.01-18.08.52:396][  0]LogConfig: Setting CVar [[r.Upscale.Quality:3]]
[2020.05.01-18.08.52:396][  0]LogConfig: Setting CVar [[r.Tonemapper.GrainQuantization:1]]
[2020.05.01-18.08.52:396][  0]LogConfig: Setting CVar [[r.LightShaftQuality:1]]
[2020.05.01-18.08.52:396][  0]LogConfig: Setting CVar [[r.Filter.SizeScale:1]]
[2020.05.01-18.08.52:396][  0]LogConfig: Setting CVar [[r.Tonemapper.Quality:5]]
[2020.05.01-18.08.52:396][  0]LogConfig: Setting CVar [[r.DOF.Gather.AccumulatorQuality:1        ; higher gathering accumulator quality]]
[2020.05.01-18.08.52:396][  0]LogConfig: Setting CVar [[r.DOF.Gather.PostfilterMethod:1          ; Median3x3 postfilering method]]
[2020.05.01-18.08.52:396][  0]LogConfig: Setting CVar [[r.DOF.Gather.EnableBokehSettings:0       ; no bokeh simulation when gathering]]
[2020.05.01-18.08.52:396][  0]LogConfig: Setting CVar [[r.DOF.Gather.RingCount:4                 ; medium number of samples when gathering]]
[2020.05.01-18.08.52:396][  0]LogConfig: Setting CVar [[r.DOF.Scatter.ForegroundCompositing:1    ; additive foreground scattering]]
[2020.05.01-18.08.52:396][  0]LogConfig: Setting CVar [[r.DOF.Scatter.BackgroundCompositing:2    ; additive background scattering]]
[2020.05.01-18.08.52:396][  0]LogConfig: Setting CVar [[r.DOF.Scatter.EnableBokehSettings:1      ; bokeh simulation when scattering]]
[2020.05.01-18.08.52:396][  0]LogConfig: Setting CVar [[r.DOF.Scatter.MaxSpriteRatio:0.1         ; only a maximum of 10% of scattered bokeh]]
[2020.05.01-18.08.52:396][  0]LogConfig: Setting CVar [[r.DOF.Recombine.Quality:1                ; cheap slight out of focus]]
[2020.05.01-18.08.52:396][  0]LogConfig: Setting CVar [[r.DOF.Recombine.EnableBokehSettings:0    ; no bokeh simulation on slight out of focus]]
[2020.05.01-18.08.52:396][  0]LogConfig: Setting CVar [[r.DOF.TemporalAAQuality:1                ; more stable temporal accumulation]]
[2020.05.01-18.08.52:396][  0]LogConfig: Setting CVar [[r.DOF.Kernel.MaxForegroundRadius:0.025]]
[2020.05.01-18.08.52:396][  0]LogConfig: Setting CVar [[r.DOF.Kernel.MaxBackgroundRadius:0.025]]
[2020.05.01-18.08.52:396][  0]LogConfig: Applying CVar settings from Section [TextureQuality@3] File [E:/Unreal Projects/Flocking/Saved/Config/Windows/Scalability.ini]
[2020.05.01-18.08.52:396][  0]LogConfig: Setting CVar [[r.Streaming.MipBias:0]]
[2020.05.01-18.08.52:396][  0]LogConfig: Setting CVar [[r.Streaming.AmortizeCPUToGPUCopy:0]]
[2020.05.01-18.08.52:396][  0]LogConfig: Setting CVar [[r.Streaming.MaxNumTexturesToStreamPerFrame:0]]
[2020.05.01-18.08.52:396][  0]LogConfig: Setting CVar [[r.Streaming.Boost:1]]
[2020.05.01-18.08.52:396][  0]LogConfig: Setting CVar [[r.MaxAnisotropy:8]]
[2020.05.01-18.08.52:396][  0]LogConfig: Setting CVar [[r.VT.MaxAnisotropy:8]]
[2020.05.01-18.08.52:396][  0]LogConfig: Setting CVar [[r.Streaming.LimitPoolSizeToVRAM:0]]
[2020.05.01-18.08.52:396][  0]LogConfig: Setting CVar [[r.Streaming.PoolSize:1000]]
[2020.05.01-18.08.52:396][  0]LogConfig: Setting CVar [[r.Streaming.MaxEffectiveScreenSize:0]]
[2020.05.01-18.08.52:396][  0]LogConfig: Applying CVar settings from Section [EffectsQuality@3] File [E:/Unreal Projects/Flocking/Saved/Config/Windows/Scalability.ini]
[2020.05.01-18.08.52:396][  0]LogConfig: Setting CVar [[r.TranslucencyLightingVolumeDim:64]]
[2020.05.01-18.08.52:396][  0]LogConfig: Setting CVar [[r.RefractionQuality:2]]
[2020.05.01-18.08.52:396][  0]LogConfig: Setting CVar [[r.SSR.Quality:3]]
[2020.05.01-18.08.52:396][  0]LogConfig: Setting CVar [[r.SSR.HalfResSceneColor:0]]
[2020.05.01-18.08.52:396][  0]LogConfig: Setting CVar [[r.SceneColorFormat:4]]
[2020.05.01-18.08.52:396][  0]LogConfig: Setting CVar [[r.DetailMode:2]]
[2020.05.01-18.08.52:396][  0]LogConfig: Setting CVar [[r.TranslucencyVolumeBlur:1]]
[2020.05.01-18.08.52:396][  0]LogConfig: Setting CVar [[r.MaterialQualityLevel:1 ; High quality]]
[2020.05.01-18.08.52:396][  0]LogConfig: Setting CVar [[r.SSS.Scale:1]]
[2020.05.01-18.08.52:396][  0]LogConfig: Setting CVar [[r.SSS.SampleSet:2]]
[2020.05.01-18.08.52:396][  0]LogConfig: Setting CVar [[r.SSS.Quality:1]]
[2020.05.01-18.08.52:396][  0]LogConfig: Setting CVar [[r.SSS.HalfRes:1]]
[2020.05.01-18.08.52:396][  0]LogConfig: Setting CVar [[r.SSGI.Quality:3]]
[2020.05.01-18.08.52:396][  0]LogConfig: Setting CVar [[r.EmitterSpawnRateScale:1.0]]
[2020.05.01-18.08.52:396][  0]LogConfig: Setting CVar [[r.ParticleLightQuality:2]]
[2020.05.01-18.08.52:396][  0]LogConfig: Setting CVar [[r.SkyAtmosphere.AerialPerspectiveLUT.FastApplyOnOpaque:1 ; Always have FastSkyLUT 1 in this case to avoid wrong sky]]
[2020.05.01-18.08.52:396][  0]LogConfig: Setting CVar [[r.SkyAtmosphere.AerialPerspectiveLUT.SampleCountPerSlice:1]]
[2020.05.01-18.08.52:396][  0]LogConfig: Setting CVar [[r.SkyAtmosphere.AerialPerspectiveLUT.DepthResolution:16.0]]
[2020.05.01-18.08.52:396][  0]LogConfig: Setting CVar [[r.SkyAtmosphere.FastSkyLUT:1]]
[2020.05.01-18.08.52:396][  0]LogConfig: Setting CVar [[r.SkyAtmosphere.FastSkyLUT.SampleCountMin:4.0]]
[2020.05.01-18.08.52:396][  0]LogConfig: Setting CVar [[r.SkyAtmosphere.FastSkyLUT.SampleCountMax:32.0]]
[2020.05.01-18.08.52:396][  0]LogConfig: Setting CVar [[r.SkyAtmosphere.SampleCountMin:4.0]]
[2020.05.01-18.08.52:396][  0]LogConfig: Setting CVar [[r.SkyAtmosphere.SampleCountMax:32.0]]
[2020.05.01-18.08.52:396][  0]LogConfig: Setting CVar [[r.SkyAtmosphere.TransmittanceLUT.UseSmallFormat:0]]
[2020.05.01-18.08.52:396][  0]LogConfig: Setting CVar [[r.SkyAtmosphere.TransmittanceLUT.SampleCount:10.0]]
[2020.05.01-18.08.52:396][  0]LogConfig: Setting CVar [[r.SkyAtmosphere.MultiScatteringLUT.SampleCount:15.0]]
[2020.05.01-18.08.52:396][  0]LogConfig: Applying CVar settings from Section [FoliageQuality@3] File [E:/Unreal Projects/Flocking/Saved/Config/Windows/Scalability.ini]
[2020.05.01-18.08.52:396][  0]LogConfig: Setting CVar [[foliage.DensityScale:1.0]]
[2020.05.01-18.08.52:396][  0]LogConfig: Setting CVar [[grass.DensityScale:1.0]]
[2020.05.01-18.08.52:396][  0]LogConfig: Applying CVar settings from Section [ShadingQuality@3] File [E:/Unreal Projects/Flocking/Saved/Config/Windows/Scalability.ini]
[2020.05.01-18.08.52:396][  0]LogConfig: Setting CVar [[r.HairStrands.SkyLighting.SampleCount:16]]
[2020.05.01-18.08.52:396][  0]LogConfig: Setting CVar [[r.HairStrands.SkyLighting.JitterIntegration:0]]
[2020.05.01-18.08.52:396][  0]LogConfig: Setting CVar [[r.HairStrands.SkyAO.SampleCount:16]]
[2020.05.01-18.08.52:397][  0]LogInit: Selected Device Profile: [Windows]
[2020.05.01-18.08.52:397][  0]LogInit: Applying CVar settings loaded from the selected device profile: [Windows]
[2020.05.01-18.08.52:412][  0]LogHAL: Display: Platform has ~ 16 GB [17137213440 / 17179869184 / 16], which maps to Larger [LargestMinGB=32, LargerMinGB=12, DefaultMinGB=8, SmallerMinGB=6, SmallestMinGB=0)
[2020.05.01-18.08.52:412][  0]LogInit: Going up to parent DeviceProfile []
[2020.05.01-18.08.52:412][  0]LogConfig: Applying CVar settings from Section [ViewDistanceQuality@3] File [E:/Unreal Projects/Flocking/Saved/Config/Windows/Scalability.ini]
[2020.05.01-18.08.52:412][  0]LogConfig: Setting CVar [[r.SkeletalMeshLODBias:0]]
[2020.05.01-18.08.52:412][  0]LogConfig: Setting CVar [[r.ViewDistanceScale:1.0]]
[2020.05.01-18.08.52:412][  0]LogConfig: Applying CVar settings from Section [AntiAliasingQuality@3] File [E:/Unreal Projects/Flocking/Saved/Config/Windows/Scalability.ini]
[2020.05.01-18.08.52:412][  0]LogConfig: Setting CVar [[r.PostProcessAAQuality:4]]
[2020.05.01-18.08.52:412][  0]LogConfig: Applying CVar settings from Section [ShadowQuality@3] File [E:/Unreal Projects/Flocking/Saved/Config/Windows/Scalability.ini]
[2020.05.01-18.08.52:412][  0]LogConfig: Setting CVar [[r.LightFunctionQuality:1]]
[2020.05.01-18.08.52:412][  0]LogConfig: Setting CVar [[r.ShadowQuality:5]]
[2020.05.01-18.08.52:412][  0]LogConfig: Setting CVar [[r.Shadow.CSM.MaxCascades:10]]
[2020.05.01-18.08.52:412][  0]LogConfig: Setting CVar [[r.Shadow.MaxResolution:2048]]
[2020.05.01-18.08.52:412][  0]LogConfig: Setting CVar [[r.Shadow.MaxCSMResolution:2048]]
[2020.05.01-18.08.52:412][  0]LogConfig: Setting CVar [[r.Shadow.RadiusThreshold:0.01]]
[2020.05.01-18.08.52:412][  0]LogConfig: Setting CVar [[r.Shadow.DistanceScale:1.0]]
[2020.05.01-18.08.52:412][  0]LogConfig: Setting CVar [[r.Shadow.CSM.TransitionScale:1.0]]
[2020.05.01-18.08.52:412][  0]LogConfig: Setting CVar [[r.Shadow.PreShadowResolutionFactor:1.0]]
[2020.05.01-18.08.52:412][  0]LogConfig: Setting CVar [[r.DistanceFieldShadowing:1]]
[2020.05.01-18.08.52:412][  0]LogConfig: Setting CVar [[r.DistanceFieldAO:1]]
[2020.05.01-18.08.52:412][  0]LogConfig: Setting CVar [[r.AOQuality:2]]
[2020.05.01-18.08.52:412][  0]LogConfig: Setting CVar [[r.VolumetricFog:1]]
[2020.05.01-18.08.52:412][  0]LogConfig: Setting CVar [[r.VolumetricFog.GridPixelSize:8]]
[2020.05.01-18.08.52:412][  0]LogConfig: Setting CVar [[r.VolumetricFog.GridSizeZ:128]]
[2020.05.01-18.08.52:412][  0]LogConfig: Setting CVar [[r.VolumetricFog.HistoryMissSupersampleCount:4]]
[2020.05.01-18.08.52:412][  0]LogConfig: Setting CVar [[r.LightMaxDrawDistanceScale:1]]
[2020.05.01-18.08.52:412][  0]LogConfig: Setting CVar [[r.CapsuleShadows:1]]
[2020.05.01-18.08.52:412][  0]LogConfig: Applying CVar settings from Section [PostProcessQuality@3] File [E:/Unreal Projects/Flocking/Saved/Config/Windows/Scalability.ini]
[2020.05.01-18.08.52:412][  0]LogConfig: Setting CVar [[r.MotionBlurQuality:4]]
[2020.05.01-18.08.52:412][  0]LogConfig: Setting CVar [[r.AmbientOcclusionMipLevelFactor:0.4]]
[2020.05.01-18.08.52:412][  0]LogConfig: Setting CVar [[r.AmbientOcclusionMaxQuality:100]]
[2020.05.01-18.08.52:412][  0]LogConfig: Setting CVar [[r.AmbientOcclusionLevels:-1]]
[2020.05.01-18.08.52:412][  0]LogConfig: Setting CVar [[r.AmbientOcclusionRadiusScale:1.0]]
[2020.05.01-18.08.52:412][  0]LogConfig: Setting CVar [[r.DepthOfFieldQuality:2]]
[2020.05.01-18.08.52:412][  0]LogConfig: Setting CVar [[r.RenderTargetPoolMin:400]]
[2020.05.01-18.08.52:412][  0]LogConfig: Setting CVar [[r.LensFlareQuality:2]]
[2020.05.01-18.08.52:412][  0]LogConfig: Setting CVar [[r.SceneColorFringeQuality:1]]
[2020.05.01-18.08.52:412][  0]LogConfig: Setting CVar [[r.EyeAdaptationQuality:2]]
[2020.05.01-18.08.52:412][  0]LogConfig: Setting CVar [[r.BloomQuality:5]]
[2020.05.01-18.08.52:412][  0]LogConfig: Setting CVar [[r.FastBlurThreshold:100]]
[2020.05.01-18.08.52:412][  0]LogConfig: Setting CVar [[r.Upscale.Quality:3]]
[2020.05.01-18.08.52:412][  0]LogConfig: Setting CVar [[r.Tonemapper.GrainQuantization:1]]
[2020.05.01-18.08.52:412][  0]LogConfig: Setting CVar [[r.LightShaftQuality:1]]
[2020.05.01-18.08.52:412][  0]LogConfig: Setting CVar [[r.Filter.SizeScale:1]]
[2020.05.01-18.08.52:412][  0]LogConfig: Setting CVar [[r.Tonemapper.Quality:5]]
[2020.05.01-18.08.52:412][  0]LogConfig: Setting CVar [[r.DOF.Gather.AccumulatorQuality:1        ; higher gathering accumulator quality]]
[2020.05.01-18.08.52:412][  0]LogConfig: Setting CVar [[r.DOF.Gather.PostfilterMethod:1          ; Median3x3 postfilering method]]
[2020.05.01-18.08.52:412][  0]LogConfig: Setting CVar [[r.DOF.Gather.EnableBokehSettings:0       ; no bokeh simulation when gathering]]
[2020.05.01-18.08.52:412][  0]LogConfig: Setting CVar [[r.DOF.Gather.RingCount:4                 ; medium number of samples when gathering]]
[2020.05.01-18.08.52:413][  0]LogConfig: Setting CVar [[r.DOF.Scatter.ForegroundCompositing:1    ; additive foreground scattering]]
[2020.05.01-18.08.52:413][  0]LogConfig: Setting CVar [[r.DOF.Scatter.BackgroundCompositing:2    ; additive background scattering]]
[2020.05.01-18.08.52:413][  0]LogConfig: Setting CVar [[r.DOF.Scatter.EnableBokehSettings:1      ; bokeh simulation when scattering]]
[2020.05.01-18.08.52:413][  0]LogConfig: Setting CVar [[r.DOF.Scatter.MaxSpriteRatio:0.1         ; only a maximum of 10% of scattered bokeh]]
[2020.05.01-18.08.52:413][  0]LogConfig: Setting CVar [[r.DOF.Recombine.Quality:1                ; cheap slight out of focus]]
[2020.05.01-18.08.52:413][  0]LogConfig: Setting CVar [[r.DOF.Recombine.EnableBokehSettings:0    ; no bokeh simulation on slight out of focus]]
[2020.05.01-18.08.52:413][  0]LogConfig: Setting CVar [[r.DOF.TemporalAAQuality:1                ; more stable temporal accumulation]]
[2020.05.01-18.08.52:413][  0]LogConfig: Setting CVar [[r.DOF.Kernel.MaxForegroundRadius:0.025]]
[2020.05.01-18.08.52:413][  0]LogConfig: Setting CVar [[r.DOF.Kernel.MaxBackgroundRadius:0.025]]
[2020.05.01-18.08.52:413][  0]LogConfig: Applying CVar settings from Section [TextureQuality@3] File [E:/Unreal Projects/Flocking/Saved/Config/Windows/Scalability.ini]
[2020.05.01-18.08.52:413][  0]LogConfig: Setting CVar [[r.Streaming.MipBias:0]]
[2020.05.01-18.08.52:413][  0]LogConfig: Setting CVar [[r.Streaming.AmortizeCPUToGPUCopy:0]]
[2020.05.01-18.08.52:413][  0]LogConfig: Setting CVar [[r.Streaming.MaxNumTexturesToStreamPerFrame:0]]
[2020.05.01-18.08.52:413][  0]LogConfig: Setting CVar [[r.Streaming.Boost:1]]
[2020.05.01-18.08.52:413][  0]LogConfig: Setting CVar [[r.MaxAnisotropy:8]]
[2020.05.01-18.08.52:413][  0]LogConfig: Setting CVar [[r.VT.MaxAnisotropy:8]]
[2020.05.01-18.08.52:413][  0]LogConfig: Setting CVar [[r.Streaming.LimitPoolSizeToVRAM:0]]
[2020.05.01-18.08.52:413][  0]LogConfig: Setting CVar [[r.Streaming.PoolSize:1000]]
[2020.05.01-18.08.52:413][  0]LogConfig: Setting CVar [[r.Streaming.MaxEffectiveScreenSize:0]]
[2020.05.01-18.08.52:413][  0]LogConfig: Applying CVar settings from Section [EffectsQuality@3] File [E:/Unreal Projects/Flocking/Saved/Config/Windows/Scalability.ini]
[2020.05.01-18.08.52:413][  0]LogConfig: Setting CVar [[r.TranslucencyLightingVolumeDim:64]]
[2020.05.01-18.08.52:413][  0]LogConfig: Setting CVar [[r.RefractionQuality:2]]
[2020.05.01-18.08.52:413][  0]LogConfig: Setting CVar [[r.SSR.Quality:3]]
[2020.05.01-18.08.52:413][  0]LogConfig: Setting CVar [[r.SSR.HalfResSceneColor:0]]
[2020.05.01-18.08.52:413][  0]LogConfig: Setting CVar [[r.SceneColorFormat:4]]
[2020.05.01-18.08.52:413][  0]LogConfig: Setting CVar [[r.DetailMode:2]]
[2020.05.01-18.08.52:413][  0]LogConfig: Setting CVar [[r.TranslucencyVolumeBlur:1]]
[2020.05.01-18.08.52:413][  0]LogConfig: Setting CVar [[r.MaterialQualityLevel:1 ; High quality]]
[2020.05.01-18.08.52:413][  0]LogConfig: Setting CVar [[r.SSS.Scale:1]]
[2020.05.01-18.08.52:413][  0]LogConfig: Setting CVar [[r.SSS.SampleSet:2]]
[2020.05.01-18.08.52:413][  0]LogConfig: Setting CVar [[r.SSS.Quality:1]]
[2020.05.01-18.08.52:413][  0]LogConfig: Setting CVar [[r.SSS.HalfRes:1]]
[2020.05.01-18.08.52:413][  0]LogConfig: Setting CVar [[r.SSGI.Quality:3]]
[2020.05.01-18.08.52:413][  0]LogConfig: Setting CVar [[r.EmitterSpawnRateScale:1.0]]
[2020.05.01-18.08.52:413][  0]LogConfig: Setting CVar [[r.ParticleLightQuality:2]]
[2020.05.01-18.08.52:413][  0]LogConfig: Setting CVar [[r.SkyAtmosphere.AerialPerspectiveLUT.FastApplyOnOpaque:1 ; Always have FastSkyLUT 1 in this case to avoid wrong sky]]
[2020.05.01-18.08.52:413][  0]LogConfig: Setting CVar [[r.SkyAtmosphere.AerialPerspectiveLUT.SampleCountPerSlice:1]]
[2020.05.01-18.08.52:413][  0]LogConfig: Setting CVar [[r.SkyAtmosphere.AerialPerspectiveLUT.DepthResolution:16.0]]
[2020.05.01-18.08.52:413][  0]LogConfig: Setting CVar [[r.SkyAtmosphere.FastSkyLUT:1]]
[2020.05.01-18.08.52:413][  0]LogConfig: Setting CVar [[r.SkyAtmosphere.FastSkyLUT.SampleCountMin:4.0]]
[2020.05.01-18.08.52:413][  0]LogConfig: Setting CVar [[r.SkyAtmosphere.FastSkyLUT.SampleCountMax:32.0]]
[2020.05.01-18.08.52:413][  0]LogConfig: Setting CVar [[r.SkyAtmosphere.SampleCountMin:4.0]]
[2020.05.01-18.08.52:413][  0]LogConfig: Setting CVar [[r.SkyAtmosphere.SampleCountMax:32.0]]
[2020.05.01-18.08.52:413][  0]LogConfig: Setting CVar [[r.SkyAtmosphere.TransmittanceLUT.UseSmallFormat:0]]
[2020.05.01-18.08.52:413][  0]LogConfig: Setting CVar [[r.SkyAtmosphere.TransmittanceLUT.SampleCount:10.0]]
[2020.05.01-18.08.52:413][  0]LogConfig: Setting CVar [[r.SkyAtmosphere.MultiScatteringLUT.SampleCount:15.0]]
[2020.05.01-18.08.52:413][  0]LogConfig: Applying CVar settings from Section [FoliageQuality@3] File [E:/Unreal Projects/Flocking/Saved/Config/Windows/Scalability.ini]
[2020.05.01-18.08.52:413][  0]LogConfig: Setting CVar [[foliage.DensityScale:1.0]]
[2020.05.01-18.08.52:413][  0]LogConfig: Setting CVar [[grass.DensityScale:1.0]]
[2020.05.01-18.08.52:413][  0]LogConfig: Applying CVar settings from Section [ShadingQuality@3] File [E:/Unreal Projects/Flocking/Saved/Config/Windows/Scalability.ini]
[2020.05.01-18.08.52:413][  0]LogConfig: Setting CVar [[r.HairStrands.SkyLighting.SampleCount:16]]
[2020.05.01-18.08.52:413][  0]LogConfig: Setting CVar [[r.HairStrands.SkyLighting.JitterIntegration:0]]
[2020.05.01-18.08.52:413][  0]LogConfig: Setting CVar [[r.HairStrands.SkyAO.SampleCount:16]]
[2020.05.01-18.08.52:413][  0]LogConfig: Applying CVar settings from Section [Startup] File [../../../Engine/Config/ConsoleVariables.ini]
[2020.05.01-18.08.52:429][  0]LogConfig: Setting CVar [[net.UseAdaptiveNetUpdateFrequency:0]]
[2020.05.01-18.08.52:429][  0]LogConfig: Setting CVar [[p.chaos.AllowCreatePhysxBodies:1]]
[2020.05.01-18.08.52:429][  0]LogConfig: Applying CVar settings from Section [ConsoleVariables] File [E:/Unreal Projects/Flocking/Saved/Config/Windows/Engine.ini]
[2020.05.01-18.08.52:429][  0]LogInit: Computer: DESKTOP-4UTISHD
[2020.05.01-18.08.52:429][  0]LogInit: User: Alex
[2020.05.01-18.08.52:429][  0]LogInit: CPU Page size=4096, Cores=4
[2020.05.01-18.08.52:429][  0]LogInit: High frequency timer resolution =10.000000 MHz
[2020.05.01-18.08.52:430][  0]LogMemory: Memory total: Physical=16.0GB (16GB approx)
[2020.05.01-18.08.52:430][  0]LogMemory: Platform Memory Stats for Windows
[2020.05.01-18.08.52:430][  0]LogMemory: Process Physical Memory: 104.88 MB used, 104.88 MB peak
[2020.05.01-18.08.52:430][  0]LogMemory: Process Virtual Memory: 100.65 MB used, 100.65 MB peak
[2020.05.01-18.08.52:430][  0]LogMemory: Physical Memory: 11237.25 MB used,  5106.07 MB free, 16343.32 MB total
[2020.05.01-18.08.52:430][  0]LogMemory: Virtual Memory: 5137.66 MB used,  134212592.00 MB free, 134217728.00 MB total
[2020.05.01-18.08.52:433][  0]LogWindows: WindowsPlatformFeatures enabled
[2020.05.01-18.08.52:767][  0]LogInit: Using OS detected language (en-US).
[2020.05.01-18.08.52:767][  0]LogInit: Using OS detected locale (en-US).
[2020.05.01-18.08.52:768][  0]LogTextLocalizationManager: No specific localization for 'en-US' exists, so the 'en' localization will be used.
[2020.05.01-18.08.53:181][  0]LogInit: Setting process to per monitor DPI aware
[2020.05.01-18.08.53:265][  0]LogSlate: New Slate User Created.  User Index 0, Is Virtual User: 0
[2020.05.01-18.08.53:265][  0]LogSlate: Slate User Registered.  User Index 0, Is Virtual User: 0
[2020.05.01-18.08.53:883][  0]LogHMD: Failed to initialize OpenVR with code 110
[2020.05.01-18.08.53:883][  0]LogD3D11RHI: D3D11 min allowed feature level: 11_0
[2020.05.01-18.08.53:883][  0]LogD3D11RHI: D3D11 max allowed feature level: 11_0
[2020.05.01-18.08.53:883][  0]LogD3D11RHI: D3D11 adapters:
[2020.05.01-18.08.53:945][  0]LogD3D11RHI:    0. 'NVIDIA GeForce GTX 1080' (Feature Level 11_0)
[2020.05.01-18.08.53:945][  0]LogD3D11RHI:       8079/0/8171 MB DedicatedVideo/DedicatedSystem/SharedSystem, Outputs:2, VendorId:0x10de
[2020.05.01-18.08.53:948][  0]LogD3D11RHI:    1. 'Microsoft Basic Render Driver' (Feature Level 11_0)
[2020.05.01-18.08.53:948][  0]LogD3D11RHI:       0/0/8171 MB DedicatedVideo/DedicatedSystem/SharedSystem, Outputs:0, VendorId:0x1414
[2020.05.01-18.08.53:948][  0]LogD3D11RHI: Chosen D3D11 Adapter: 0
[2020.05.01-18.08.53:960][  0]LogD3D11RHI: Creating new Direct3DDevice
[2020.05.01-18.08.53:960][  0]LogD3D11RHI:     GPU DeviceId: 0x1b80 (for the marketing name, search the web for "GPU Device Id")
[2020.05.01-18.08.53:960][  0]LogWindows: EnumDisplayDevices:
[2020.05.01-18.08.53:960][  0]LogWindows:    0. 'NVIDIA GeForce GTX 1080' (P:1 D:1)
[2020.05.01-18.08.53:961][  0]LogWindows:    1. 'NVIDIA GeForce GTX 1080' (P:0 D:1)
[2020.05.01-18.08.53:961][  0]LogWindows:    2. 'NVIDIA GeForce GTX 1080' (P:0 D:0)
[2020.05.01-18.08.53:961][  0]LogWindows:    3. 'NVIDIA GeForce GTX 1080' (P:0 D:0)
[2020.05.01-18.08.53:961][  0]LogWindows: DebugString: FoundDriverCount:4 
[2020.05.01-18.08.53:961][  0]LogD3D11RHI:     Adapter Name: NVIDIA GeForce GTX 1080
[2020.05.01-18.08.53:961][  0]LogD3D11RHI:   Driver Version: 445.75 (internal:26.21.14.4575, unified:445.75)
[2020.05.01-18.08.53:961][  0]LogD3D11RHI:      Driver Date: 3-17-2020
[2020.05.01-18.08.53:961][  0]LogRHI: Texture pool is 5655 MB (70% of 8079 MB)
[2020.05.01-18.08.54:004][  0]LogD3D11RHI: RHI has support for 64 bit atomics
[2020.05.01-18.08.54:004][  0]LogD3D11RHI: Async texture creation enabled
[2020.05.01-18.08.54:043][  0]LogD3D11RHI: GPU Timing Frequency: 1000.000000 (Debug: 2 2)
[2020.05.01-18.08.54:394][  0]LogTargetPlatformManager: Display: Loaded TargetPlatform 'AllDesktop'
[2020.05.01-18.08.54:453][  0]LogTargetPlatformManager: Display: Loaded TargetPlatform 'Android'
[2020.05.01-18.08.54:453][  0]LogTargetPlatformManager: Display: Loaded TargetPlatform 'Android_ASTC'
[2020.05.01-18.08.54:453][  0]LogTargetPlatformManager: Display: Loaded TargetPlatform 'Android_ATC'
[2020.05.01-18.08.54:453][  0]LogTargetPlatformManager: Display: Loaded TargetPlatform 'Android_DXT'
[2020.05.01-18.08.54:453][  0]LogTargetPlatformManager: Display: Loaded TargetPlatform 'Android_ETC1'
[2020.05.01-18.08.54:453][  0]LogTargetPlatformManager: Display: Loaded TargetPlatform 'Android_ETC1a'
[2020.05.01-18.08.54:453][  0]LogTargetPlatformManager: Display: Loaded TargetPlatform 'Android_ETC2'
[2020.05.01-18.08.54:453][  0]LogTargetPlatformManager: Display: Loaded TargetPlatform 'Android_PVRTC'
[2020.05.01-18.08.54:453][  0]LogTargetPlatformManager: Display: Loaded TargetPlatform 'AndroidClient'
[2020.05.01-18.08.54:453][  0]LogTargetPlatformManager: Display: Loaded TargetPlatform 'Android_ASTCClient'
[2020.05.01-18.08.54:453][  0]LogTargetPlatformManager: Display: Loaded TargetPlatform 'Android_ATCClient'
[2020.05.01-18.08.54:453][  0]LogTargetPlatformManager: Display: Loaded TargetPlatform 'Android_DXTClient'
[2020.05.01-18.08.54:453][  0]LogTargetPlatformManager: Display: Loaded TargetPlatform 'Android_ETC1Client'
[2020.05.01-18.08.54:453][  0]LogTargetPlatformManager: Display: Loaded TargetPlatform 'Android_ETC1aClient'
[2020.05.01-18.08.54:453][  0]LogTargetPlatformManager: Display: Loaded TargetPlatform 'Android_ETC2Client'
[2020.05.01-18.08.54:453][  0]LogTargetPlatformManager: Display: Loaded TargetPlatform 'Android_PVRTCClient'
[2020.05.01-18.08.54:453][  0]LogTargetPlatformManager: Display: Loaded TargetPlatform 'Android_Multi'
[2020.05.01-18.08.54:453][  0]LogTargetPlatformManager: Display: Loaded TargetPlatform 'Android_MultiClient'
[2020.05.01-18.08.54:555][  0]LogTargetPlatformManager: Display: Loaded TargetPlatform 'IOSClient'
[2020.05.01-18.08.54:555][  0]LogTargetPlatformManager: Display: Loaded TargetPlatform 'IOS'
[2020.05.01-18.08.54:568][  0]LogTargetPlatformManager: Display: Loaded TargetPlatform 'LinuxNoEditor'
[2020.05.01-18.08.54:584][  0]LogTargetPlatformManager: Display: Loaded TargetPlatform 'LinuxClient'
[2020.05.01-18.08.54:591][  0]LogTargetPlatformManager: Display: Loaded TargetPlatform 'LinuxServer'
[2020.05.01-18.08.54:599][  0]LogTargetPlatformManager: Display: Loaded TargetPlatform 'LinuxAArch64NoEditor'
[2020.05.01-18.08.54:606][  0]LogTargetPlatformManager: Display: Loaded TargetPlatform 'LinuxAArch64Client'
[2020.05.01-18.08.54:612][  0]LogTargetPlatformManager: Display: Loaded TargetPlatform 'LinuxAArch64Server'
[2020.05.01-18.08.54:640][  0]LogTargetPlatformManager: Display: Loaded TargetPlatform 'Lumin'
[2020.05.01-18.08.54:640][  0]LogTargetPlatformManager: Display: Loaded TargetPlatform 'LuminClient'
[2020.05.01-18.08.54:669][  0]LogTargetPlatformManager: Display: Loaded TargetPlatform 'TVOSClient'
[2020.05.01-18.08.54:669][  0]LogTargetPlatformManager: Display: Loaded TargetPlatform 'TVOS'
[2020.05.01-18.08.54:681][  0]LogTargetPlatformManager: Display: Loaded TargetPlatform 'WindowsNoEditor'
[2020.05.01-18.08.54:693][  0]LogTargetPlatformManager: Display: Loaded TargetPlatform 'Windows'
[2020.05.01-18.08.54:712][  0]LogTargetPlatformManager: Display: Loaded TargetPlatform 'WindowsClient'
[2020.05.01-18.08.54:718][  0]LogTargetPlatformManager: Display: Loaded TargetPlatform 'WindowsServer'
[2020.05.01-18.08.54:718][  0]LogTargetPlatformManager: Display: Building Assets For Windows
[2020.05.01-18.08.54:796][  0]LogAudioDebug: Display: Lib vorbis DLL was dynamically loaded.
[2020.05.01-18.08.54:971][  0]LogShaderCompilers: Guid format shader working directory is 2 characters bigger than the processId version (../../../../../../Unreal Projects/Flocking/Intermediate/Shaders/WorkingDirectory/24336/).
[2020.05.01-18.08.54:971][  0]LogShaderCompilers: Cleaned the shader compiler working directory 'C:/Users/Alex/AppData/Local/Temp/UnrealShaderWorkingDir/872223044DDCCBC37B75E584CE50575C/'.
[2020.05.01-18.08.55:007][  0]LogXGEController: Cleaning working directory: C:/Users/Alex/AppData/Local/Temp/UnrealXGEWorkingDir/
[2020.05.01-18.08.55:008][  0]LogXGEController: Cannot use XGE Controller as Incredibuild is not installed on this machine.
[2020.05.01-18.08.55:008][  0]LogShaderCompilers: Cannot use XGE Shader Compiler as Incredibuild is not installed on this machine.
[2020.05.01-18.08.55:008][  0]LogShaderCompilers: Display: Using Local Shader Compiler.
[2020.05.01-18.08.56:241][  0]LogDerivedDataCache: Display: Max Cache Size: 512 MB
[2020.05.01-18.08.56:464][  0]LogDerivedDataCache: Loaded boot cache 0.22s 78MB C:/Users/Alex/AppData/Local/UnrealEngine/4.24/DerivedDataCache/Boot.ddc.
[2020.05.01-18.08.56:464][  0]LogDerivedDataCache: Display: Loaded Boot cache: C:/Users/Alex/AppData/Local/UnrealEngine/4.24/DerivedDataCache/Boot.ddc
[2020.05.01-18.08.56:464][  0]LogDerivedDataCache: FDerivedDataBackendGraph:  Pak pak cache file ../../../../../../Unreal Projects/Flocking/DerivedDataCache/DDC.ddp not found, will not use a pak cache.
[2020.05.01-18.08.56:464][  0]LogDerivedDataCache: Unable to find inner node Pak for hierarchical cache Hierarchy.
[2020.05.01-18.08.56:464][  0]LogDerivedDataCache: FDerivedDataBackendGraph:  CompressedPak pak cache file ../../../../../../Unreal Projects/Flocking/DerivedDataCache/Compressed.ddp not found, will not use a pak cache.
[2020.05.01-18.08.56:464][  0]LogDerivedDataCache: Unable to find inner node CompressedPak for hierarchical cache Hierarchy.
[2020.05.01-18.08.56:494][  0]LogDerivedDataCache: Display: Pak cache opened for reading ../../../Engine/DerivedDataCache/Compressed.ddp.
[2020.05.01-18.08.56:494][  0]LogDerivedDataCache: FDerivedDataBackendGraph:  EnterprisePak pak cache file ../../../Enterprise/DerivedDataCache/Compressed.ddp not found, will not use a pak cache.
[2020.05.01-18.08.56:494][  0]LogDerivedDataCache: Unable to find inner node EnterprisePak for hierarchical cache Hierarchy.
[2020.05.01-18.08.56:496][  0]LogDerivedDataCache: Using Local data cache path C:/Users/Alex/AppData/Local/UnrealEngine/Common/DerivedDataCache: Writable
[2020.05.01-18.08.56:496][  0]LogDerivedDataCache: Shared data cache path not found in *engine.ini, will not use an Shared cache.
[2020.05.01-18.08.56:496][  0]LogDerivedDataCache: Unable to find inner node Shared for hierarchical cache Hierarchy.
[2020.05.01-18.08.56:521][  0]LogMaterial: Verifying Global Shaders for PCD3D_SM5
[2020.05.01-18.08.56:524][  0]LogSlate: Using FreeType 2.10.0
[2020.05.01-18.08.56:524][  0]LogSlate: SlateFontServices - WITH_FREETYPE: 1, WITH_HARFBUZZ: 1
[2020.05.01-18.08.56:699][  0]LogAssetRegistry: FAssetRegistry took 0.0020 seconds to start up
[2020.05.01-18.08.57:261][  0]LogInit: Selected Device Profile: [Windows]
[2020.05.01-18.08.57:724][  0]LogMeshReduction: Using QuadricMeshReduction for automatic static mesh reduction
[2020.05.01-18.08.57:724][  0]LogMeshReduction: Using SimplygonMeshReduction for automatic skeletal mesh reduction
[2020.05.01-18.08.57:724][  0]LogMeshReduction: Using ProxyLODMeshReduction for automatic mesh merging
[2020.05.01-18.08.57:724][  0]LogMeshReduction: No distributed automatic mesh merging module available
[2020.05.01-18.08.57:724][  0]LogMeshMerging: No distributed automatic mesh merging module available
[2020.05.01-18.08.57:736][  0]LogNetVersion: Flocking 1.0.0, NetCL: 10570792, EngineNetVer: 13, GameNetVer: 0 (Checksum: 1320047615)
[2020.05.01-18.09.04:264][  0]LogPackageLocalizationCache: Processed 10 localized package path(s) for 1 prioritized culture(s) in 0.050071 seconds
[2020.05.01-18.09.04:274][  0]LogUObjectArray: 46750 objects as part of root set at end of initial load.
[2020.05.01-18.09.04:274][  0]LogUObjectAllocator: 8137160 out of 0 bytes used by permanent object pool.
[2020.05.01-18.09.04:274][  0]LogUObjectArray: CloseDisregardForGC: 0/0 objects in disregard for GC pool
[2020.05.01-18.09.05:517][  0]LogTcpMessaging: Initializing TcpMessaging bridge
[2020.05.01-18.09.05:528][  0]LogUdpMessaging: Initializing bridge on interface 0.0.0.0:0 to multicast group 230.0.0.1:6666.
[2020.05.01-18.09.05:780][  0]SourceControl: Source control is disabled
[2020.05.01-18.09.05:780][  0]SourceControl: Source control is disabled
[2020.05.01-18.09.05:800][  0]SourceControl: Source control is disabled
[2020.05.01-18.09.05:810][  0]SourceControl: Source control is disabled
[2020.05.01-18.09.05:843][  0]SourceControl: Source control is disabled
[2020.05.01-18.09.06:394][  0]LogAndroidPermission: UAndroidPermissionCallbackProxy::GetInstance
[2020.05.01-18.09.06:442][  0]LogAudioCaptureCore: Display: No Audio Capture implementations found. Audio input will be silent.
[2020.05.01-18.09.06:442][  0]LogAudioCaptureCore: Display: No Audio Capture implementations found. Audio input will be silent.
[2020.05.01-18.09.06:731][  0]LogOcInput: OculusInput pre-init called
[2020.05.01-18.09.06:757][  0]LogWindows: Failed to load 'OVRPlugin.dll' (GetLastError=126)
[2020.05.01-18.09.06:757][  0]LogWindows: File 'OVRPlugin.dll' does not exist
[2020.05.01-18.09.06:938][  0]LogEngine: Initializing Engine...
[2020.05.01-18.09.06:939][  0]LogHMD: Failed to initialize OpenVR with code 110
[2020.05.01-18.09.06:946][  0]LogStats: UGameplayTagsManager::InitializeManager -  0.000 s
[2020.05.01-18.09.07:254][  0]LogInit: Initializing FReadOnlyCVARCache
[2020.05.01-18.09.07:288][  0]LogAIModule: Creating AISystem for world Untitled
[2020.05.01-18.09.07:347][  0]LogAudioMixer: Display: Audio Mixer Platform Settings:
[2020.05.01-18.09.07:347][  0]LogAudioMixer: Display: 	Sample Rate:						  48000
[2020.05.01-18.09.07:347][  0]LogAudioMixer: Display: 	Callback Buffer Frame Size Requested: 1024
[2020.05.01-18.09.07:347][  0]LogAudioMixer: Display: 	Callback Buffer Frame Size To Use:	  1024
[2020.05.01-18.09.07:347][  0]LogAudioMixer: Display: 	Number of buffers to queue:			  2
[2020.05.01-18.09.07:347][  0]LogAudioMixer: Display: 	Max Channels (voices):				  32
[2020.05.01-18.09.07:347][  0]LogAudioMixer: Display: 	Number of Async Source Workers:		  0
[2020.05.01-18.09.07:347][  0]LogAudio: Display: AudioDevice MaxSources: 32
[2020.05.01-18.09.07:347][  0]LogAudio: Display: Using built-in audio occlusion.
[2020.05.01-18.09.07:348][  0]LogAudioMixer: Display: Initializing audio mixer.
[2020.05.01-18.09.07:374][  0]LogAudioMixer: Display: Audio Device Output Speaker Info:
[2020.05.01-18.09.07:374][  0]LogAudioMixer: Display: Name: Dell S2417DG (NVIDIA High Definition Audio)
[2020.05.01-18.09.07:374][  0]LogAudioMixer: Display: Is Default: Yes
[2020.05.01-18.09.07:374][  0]LogAudioMixer: Display: Sample Rate: 48000
[2020.05.01-18.09.07:374][  0]LogAudioMixer: Display: Channel Count Used: 2
[2020.05.01-18.09.07:374][  0]LogAudioMixer: Display: Device Channel Count: 2
[2020.05.01-18.09.07:374][  0]LogAudioMixer: Display: Channel Order:
[2020.05.01-18.09.07:374][  0]LogAudioMixer: Display: 0: FrontLeft
[2020.05.01-18.09.07:374][  0]LogAudioMixer: Display: 1: FrontRight
[2020.05.01-18.09.07:388][  0]LogAudioMixer: Display: Using Audio Device Dell S2417DG (NVIDIA High Definition Audio)
[2020.05.01-18.09.07:394][  0]LogInit: FAudioDevice initialized.
[2020.05.01-18.09.07:394][  0]LogNetVersion: Set ProjectVersion to 1.0.0.0. Version Checksum will be recalculated on next use.
[2020.05.01-18.09.07:469][  0]LogDerivedDataCache: Saved boot cache 0.08s 78MB C:/Users/Alex/AppData/Local/UnrealEngine/4.24/DerivedDataCache/Boot.ddc.
[2020.05.01-18.09.07:474][  0]LogInit: Texture streaming: Enabled
[2020.05.01-18.09.07:505][  0]LogEngineSessionManager: EngineSessionManager initialized
[2020.05.01-18.09.07:505][  0]LogEngineSessionManager: EngineSessionManager sent abnormal shutdown report. Type=Crashed, SessionId={A1AFD066-4994-F851-5230-E890BEB48C86}
[2020.05.01-18.09.07:505][  0]LogEditorSessionSummary: Verbose: Initializing EditorSessionSummaryWriter for editor session tracking
[2020.05.01-18.09.07:509][  0]LogEditorSessionSummary: EditorSessionSummaryWriter initialized
[2020.05.01-18.09.07:653][  0]LogInit: Transaction tracking system initialized
[2020.05.01-18.09.07:742][  0]BlueprintLog: New page: Editor Load
[2020.05.01-18.09.07:979][  0]LocalizationService: Localization service is disabled
[2020.05.01-18.09.08:520][  0]LogFileCache: Scanning file cache for directory 'E:/Unreal Projects/Flocking/Content/' took 0.00s
[2020.05.01-18.09.08:520][  0]LogCook: Display: Max memory allowance for cook 16384mb min free memory 0mb
[2020.05.01-18.09.08:520][  0]LogCook: Display: Mobile HDR setting 1
[2020.05.01-18.09.09:791][  0]SourceControl: Source control is disabled
[2020.05.01-18.09.09:791][  0]Cmd: MAP LOAD FILE="../../../../../../Unreal Projects/Flocking/Content/NewMap.umap" TEMPLATE=0 SHOWPROGRESS=1 FEATURELEVEL=3
[2020.05.01-18.09.09:792][  0]LightingResults: New page: Lighting Build
[2020.05.01-18.09.09:799][  0]LogWorld: UWorld::CleanupWorld for Untitled, bSessionEnded=true, bCleanupResources=true
[2020.05.01-18.09.09:799][  0]LogSlate: InvalidateAllWidgets triggered.  All widgets were invalidated
[2020.05.01-18.09.09:800][  0]MapCheck: New page: Map Check
[2020.05.01-18.09.09:800][  0]LightingResults: New page: Lighting Build
[2020.05.01-18.09.09:825][  0]LogUObjectHash: Compacting FUObjectHashTables data took   2.18ms
[2020.05.01-18.09.09:966][  0]LogAIModule: Creating AISystem for world NewMap
[2020.05.01-18.09.09:969][  0]LogEditorServer: Finished looking for orphan Actors (0.000 secs)
[2020.05.01-18.09.09:993][  0]LogUObjectHash: Compacting FUObjectHashTables data took   1.81ms
[2020.05.01-18.09.09:993][  0]Cmd: MAP CHECKDEP NOCLEARLOG
[2020.05.01-18.09.09:994][  0]MapCheck: Map check complete: 0 Error(s), 0 Warning(s), took 0.083ms to complete.
[2020.05.01-18.09.09:994][  0]LogFileHelpers: Loading map 'NewMap' took 0.203
[2020.05.01-18.09.10:167][  0]LogSlate: Updating window title bar state: overlay mode, drag disabled, window buttons hidden, title bar hidden
[2020.05.01-18.09.10:173][  0]LogSlate: Updating window title bar state: overlay mode, drag disabled, window buttons hidden, title bar hidden
[2020.05.01-18.09.10:178][  0]LogSlate: Updating window title bar state: overlay mode, drag disabled, window buttons hidden, title bar hidden
[2020.05.01-18.09.10:184][  0]LogSlate: Updating window title bar state: overlay mode, drag disabled, window buttons hidden, title bar hidden
[2020.05.01-18.09.10:206][  0]LogCollectionManager: Loaded 0 collections in 0.000716 seconds
[2020.05.01-18.09.10:219][  0]LogFileCache: Scanning file cache for directory 'E:/Unreal Projects/Flocking/Saved/Collections/' took 0.00s
[2020.05.01-18.09.10:219][  0]LogFileCache: Scanning file cache for directory 'E:/Unreal Projects/Flocking/Content/Developers/Alex/Collections/' took 0.00s
[2020.05.01-18.09.10:219][  0]LogFileCache: Scanning file cache for directory 'E:/Unreal Projects/Flocking/Content/Collections/' took 0.00s
[2020.05.01-18.09.10:219][  0]LogContentBrowser: Native class hierarchy populated in 0.0068 seconds. Added 3018 classes and 719 folders.
[2020.05.01-18.09.10:289][  0]LogContentBrowser: Native class hierarchy updated for 'WidgetCarousel' in 0.0002 seconds. Added 0 classes and 0 folders.
[2020.05.01-18.09.11:181][  0]LogContentBrowser: Native class hierarchy updated for 'AddContentDialog' in 0.0004 seconds. Added 0 classes and 0 folders.
[2020.05.01-18.09.11:203][  0]LogContentBrowser: Native class hierarchy updated for 'SceneOutliner' in 0.0003 seconds. Added 2 classes and 3 folders.
[2020.05.01-18.09.11:226][  0]LogSlate: Took 0.000215 seconds to synchronously load lazily loaded font '../../../Engine/Content/Slate/Fonts/Roboto-Regular.ttf' (155K)
[2020.05.01-18.09.11:227][  0]LogSlate: Took 0.000184 seconds to synchronously load lazily loaded font '../../../Engine/Content/Slate/Fonts/Roboto-Bold.ttf' (160K)
[2020.05.01-18.09.11:251][  0]LogSlate: Took 0.017450 seconds to synchronously load lazily loaded font '../../../Engine/Content/Editor/Slate/Fonts/FontAwesome.ttf' (139K)
[2020.05.01-18.09.11:361][  0]LogRenderer: Reallocating scene render targets to support 1004x628 Format 10 NumSamples 1 (Frame:1).
[2020.05.01-18.09.11:473][  0]LogContentBrowser: Native class hierarchy updated for 'HierarchicalLODOutliner' in 0.0003 seconds. Added 0 classes and 0 folders.
[2020.05.01-18.09.11:473][  0]LogLoad: (Engine Initialization) Total time: 24.97 seconds
[2020.05.01-18.09.11:473][  0]LogLoad: (Engine Initialization) Total Blueprint compile time: 0.00 seconds
[2020.05.01-18.09.11:562][  0]LogContentStreaming: Texture pool size now 1000 MB
[2020.05.01-18.09.12:408][ 15]LogAssetRegistry: Asset discovery search completed in 15.7099 seconds
[2020.05.01-18.09.12:412][ 15]LogCollectionManager: Fixed up redirectors for 0 collections in 0.000008 seconds (updated 0 objects)
[2020.05.01-18.11.32:234][747]Candidate modules for hot reload:
[2020.05.01-18.11.32:234][747]  Flocking
[2020.05.01-18.11.32:234][747]Launching UnrealBuildTool... [E:/UE4/Epic Games/UE_4.24/Engine/Binaries/DotNET/UnrealBuildTool.exe  -ModuleWithSuffix=Flocking,3391 Win64 Development -TargetType=Editor -Project="E:/Unreal Projects/Flocking/Flocking.uproject" "E:/Unreal Projects/Flocking/Flocking.uproject"  -IgnoreJunk]
[2020.05.01-18.11.32:241][747]Warning: Starting HotReload took  0.0s.
[2020.05.01-18.11.34:648][840]CompilerResultsLog: New page: Compilation - May 1, 2020, 10:11:34 AM
[2020.05.01-18.11.34:648][840]CompilerResultsLog: Building FlockingEditor...
[2020.05.01-18.11.34:648][840]CompilerResultsLog: Using Visual Studio 2017 14.16.27034 toolchain (C:\Program Files (x86)\Microsoft Visual Studio\2017\Community\VC\Tools\MSVC\14.16.27023) and Windows 10.0.17763.0 SDK (C:\Program Files (x86)\Windows Kits\10).
[2020.05.01-18.11.34:648][840]CompilerResultsLog: Building 4 actions with 8 processes...
[2020.05.01-18.11.34:648][840]CompilerResultsLog:   [1/4] FlockingManager.cpp
[2020.05.01-18.11.34:648][840]CompilerResultsLog:    E:\Unreal Projects\Flocking\Source\Flocking\FlockingManager.cpp(76) : error C3861: 'Dist': identifier not found
[2020.05.01-18.11.34:648][840]CompilerResultsLog:    E:\Unreal Projects\Flocking\Source\Flocking\FlockingManager.cpp(77) : error C3861: 'Abs': identifier not found
[2020.05.01-18.11.34:648][840]CompilerResultsLog:    E:\Unreal Projects\Flocking\Source\Flocking\FlockingManager.cpp(78) : error C2065: 'pos': undeclared identifier
[2020.05.01-18.11.34:648][840]LogMainFrame: MainFrame: Module compiling took 2.419 seconds
[2020.05.01-18.11.34:648][840]Warning: HotReload failed, recompile failed
[2020.05.01-18.12.05:823][879]Candidate modules for hot reload:
[2020.05.01-18.12.05:823][879]  Flocking
[2020.05.01-18.12.05:823][879]Launching UnrealBuildTool... [E:/UE4/Epic Games/UE_4.24/Engine/Binaries/DotNET/UnrealBuildTool.exe  -ModuleWithSuffix=Flocking,2392 Win64 Development -TargetType=Editor -Project="E:/Unreal Projects/Flocking/Flocking.uproject" "E:/Unreal Projects/Flocking/Flocking.uproject"  -IgnoreJunk]
[2020.05.01-18.12.05:824][879]Warning: Starting HotReload took  0.0s.
[2020.05.01-18.12.07:522][976]CompilerResultsLog: New page: Compilation - May 1, 2020, 10:12:07 AM
[2020.05.01-18.12.07:522][976]CompilerResultsLog: Building FlockingEditor...
[2020.05.01-18.12.07:522][976]CompilerResultsLog: Using Visual Studio 2017 14.16.27034 toolchain (C:\Program Files (x86)\Microsoft Visual Studio\2017\Community\VC\Tools\MSVC\14.16.27023) and Windows 10.0.17763.0 SDK (C:\Program Files (x86)\Windows Kits\10).
[2020.05.01-18.12.07:523][976]CompilerResultsLog: Building 4 actions with 8 processes...
[2020.05.01-18.12.07:523][976]CompilerResultsLog:   [1/4] FlockingManager.cpp
[2020.05.01-18.12.07:523][976]CompilerResultsLog:    E:\Unreal Projects\Flocking\Source\Flocking\FlockingManager.cpp(77) : error C3861: 'Dist': identifier not found
[2020.05.01-18.12.07:523][976]CompilerResultsLog:    E:\Unreal Projects\Flocking\Source\Flocking\FlockingManager.cpp(78) : error C3861: 'Abs': identifier not found
[2020.05.01-18.12.07:523][976]CompilerResultsLog:    E:\Unreal Projects\Flocking\Source\Flocking\FlockingManager.cpp(79) : error C2065: 'pos': undeclared identifier
[2020.05.01-18.12.07:523][976]LogMainFrame: MainFrame: Module compiling took 1.705 seconds
[2020.05.01-18.12.07:523][976]Warning: HotReload failed, recompile failed
[2020.05.01-18.12.30:526][327]Candidate modules for hot reload:
[2020.05.01-18.12.30:526][327]  Flocking
[2020.05.01-18.12.30:526][327]Launching UnrealBuildTool... [E:/UE4/Epic Games/UE_4.24/Engine/Binaries/DotNET/UnrealBuildTool.exe  -ModuleWithSuffix=Flocking,5538 Win64 Development -TargetType=Editor -Project="E:/Unreal Projects/Flocking/Flocking.uproject" "E:/Unreal Projects/Flocking/Flocking.uproject"  -IgnoreJunk]
[2020.05.01-18.12.30:528][327]Warning: Starting HotReload took  0.0s.
[2020.05.01-18.12.32:274][390]CompilerResultsLog: New page: Compilation - May 1, 2020, 10:12:32 AM
[2020.05.01-18.12.32:274][390]CompilerResultsLog: Building FlockingEditor...
[2020.05.01-18.12.32:274][390]CompilerResultsLog: Using Visual Studio 2017 14.16.27034 toolchain (C:\Program Files (x86)\Microsoft Visual Studio\2017\Community\VC\Tools\MSVC\14.16.27023) and Windows 10.0.17763.0 SDK (C:\Program Files (x86)\Windows Kits\10).
[2020.05.01-18.12.32:274][390]CompilerResultsLog: Building 4 actions with 8 processes...
[2020.05.01-18.12.32:274][390]CompilerResultsLog:   [1/4] FlockingManager.cpp
[2020.05.01-18.12.32:274][390]CompilerResultsLog:    E:\Unreal Projects\Flocking\Source\Flocking\FlockingManager.cpp(77) : error C3861: 'Dist': identifier not found
[2020.05.01-18.12.32:274][390]CompilerResultsLog:    E:\Unreal Projects\Flocking\Source\Flocking\FlockingManager.cpp(78) : error C3861: 'Abs': identifier not found
[2020.05.01-18.12.32:274][390]CompilerResultsLog:    E:\Unreal Projects\Flocking\Source\Flocking\FlockingManager.cpp(79) : error C2679: binary '-=': no operator found which takes a right-hand operand of type 'float' (or there is no acceptable conversion)
[2020.05.01-18.12.32:274][390]CompilerResultsLog:   e:\ue4\epic games\ue_4.24\engine\source\runtime\core\public\Math/Vector.h(1386): note: could be 'FVector FVector::operator -=(const FVector &)'
[2020.05.01-18.12.32:274][390]CompilerResultsLog:   E:\Unreal Projects\Flocking\Source\Flocking\FlockingManager.cpp(79): note: while trying to match the argument list '(FVector, float)'
[2020.05.01-18.12.32:274][390]LogMainFrame: MainFrame: Module compiling took 1.753 seconds
[2020.05.01-18.12.32:274][390]Warning: HotReload failed, recompile failed
[2020.05.01-18.12.56:426][754]Candidate modules for hot reload:
[2020.05.01-18.12.56:426][754]  Flocking
[2020.05.01-18.12.56:426][754]Launching UnrealBuildTool... [E:/UE4/Epic Games/UE_4.24/Engine/Binaries/DotNET/UnrealBuildTool.exe  -ModuleWithSuffix=Flocking,4358 Win64 Development -TargetType=Editor -Project="E:/Unreal Projects/Flocking/Flocking.uproject" "E:/Unreal Projects/Flocking/Flocking.uproject"  -IgnoreJunk]
[2020.05.01-18.12.56:428][754]Warning: Starting HotReload took  0.0s.
[2020.05.01-18.12.58:364][802]CompilerResultsLog: New page: Compilation - May 1, 2020, 10:12:58 AM
[2020.05.01-18.12.58:364][802]CompilerResultsLog: Building FlockingEditor...
[2020.05.01-18.12.58:364][802]CompilerResultsLog: Using Visual Studio 2017 14.16.27034 toolchain (C:\Program Files (x86)\Microsoft Visual Studio\2017\Community\VC\Tools\MSVC\14.16.27023) and Windows 10.0.17763.0 SDK (C:\Program Files (x86)\Windows Kits\10).
[2020.05.01-18.12.58:364][802]CompilerResultsLog: Building 4 actions with 8 processes...
[2020.05.01-18.12.58:364][802]CompilerResultsLog:   [1/4] FlockingManager.cpp
[2020.05.01-18.12.58:364][802]CompilerResultsLog:    E:\Unreal Projects\Flocking\Source\Flocking\FlockingManager.cpp(78) : error C3861: 'Abs': identifier not found
[2020.05.01-18.12.58:364][802]CompilerResultsLog:    E:\Unreal Projects\Flocking\Source\Flocking\FlockingManager.cpp(79) : error C2679: binary '-=': no operator found which takes a right-hand operand of type 'float' (or there is no acceptable conversion)
[2020.05.01-18.12.58:364][802]CompilerResultsLog:   e:\ue4\epic games\ue_4.24\engine\source\runtime\core\public\Math/Vector.h(1386): note: could be 'FVector FVector::operator -=(const FVector &)'
[2020.05.01-18.12.58:364][802]CompilerResultsLog:   E:\Unreal Projects\Flocking\Source\Flocking\FlockingManager.cpp(79): note: while trying to match the argument list '(FVector, float)'
[2020.05.01-18.12.58:364][802]LogMainFrame: MainFrame: Module compiling took 1.967 seconds
[2020.05.01-18.12.58:364][802]Warning: HotReload failed, recompile failed
[2020.05.01-18.13.20:832][912]Candidate modules for hot reload:
[2020.05.01-18.13.20:832][912]  Flocking
[2020.05.01-18.13.20:832][912]Launching UnrealBuildTool... [E:/UE4/Epic Games/UE_4.24/Engine/Binaries/DotNET/UnrealBuildTool.exe  -ModuleWithSuffix=Flocking,1200 Win64 Development -TargetType=Editor -Project="E:/Unreal Projects/Flocking/Flocking.uproject" "E:/Unreal Projects/Flocking/Flocking.uproject"  -IgnoreJunk]
[2020.05.01-18.13.20:833][912]Warning: Starting HotReload took  0.0s.
[2020.05.01-18.13.22:763][931]CompilerResultsLog: New page: Compilation - May 1, 2020, 10:13:22 AM
[2020.05.01-18.13.22:763][931]CompilerResultsLog: Building FlockingEditor...
[2020.05.01-18.13.22:763][931]CompilerResultsLog: Using Visual Studio 2017 14.16.27034 toolchain (C:\Program Files (x86)\Microsoft Visual Studio\2017\Community\VC\Tools\MSVC\14.16.27023) and Windows 10.0.17763.0 SDK (C:\Program Files (x86)\Windows Kits\10).
[2020.05.01-18.13.22:763][931]CompilerResultsLog: Building 4 actions with 8 processes...
[2020.05.01-18.13.22:763][931]CompilerResultsLog:   [1/4] FlockingManager.cpp
[2020.05.01-18.13.22:763][931]CompilerResultsLog:    E:\Unreal Projects\Flocking\Source\Flocking\FlockingManager.cpp(79) : error C2679: binary '-=': no operator found which takes a right-hand operand of type 'float' (or there is no acceptable conversion)
[2020.05.01-18.13.22:763][931]CompilerResultsLog:   e:\ue4\epic games\ue_4.24\engine\source\runtime\core\public\Math/Vector.h(1386): note: could be 'FVector FVector::operator -=(const FVector &)'
[2020.05.01-18.13.22:763][931]CompilerResultsLog:   E:\Unreal Projects\Flocking\Source\Flocking\FlockingManager.cpp(79): note: while trying to match the argument list '(FVector, float)'
[2020.05.01-18.13.22:763][931]LogMainFrame: MainFrame: Module compiling took 1.953 seconds
[2020.05.01-18.13.22:763][931]Warning: HotReload failed, recompile failed
[2020.05.01-18.13.44:250][ 78]Candidate modules for hot reload:
[2020.05.01-18.13.44:250][ 78]  Flocking
[2020.05.01-18.13.44:250][ 78]Launching UnrealBuildTool... [E:/UE4/Epic Games/UE_4.24/Engine/Binaries/DotNET/UnrealBuildTool.exe  -ModuleWithSuffix=Flocking,3275 Win64 Development -TargetType=Editor -Project="E:/Unreal Projects/Flocking/Flocking.uproject" "E:/Unreal Projects/Flocking/Flocking.uproject"  -IgnoreJunk]
[2020.05.01-18.13.44:251][ 78]Warning: Starting HotReload took  0.0s.
[2020.05.01-18.13.52:619][346]CompilerResultsLog: New page: Compilation - May 1, 2020, 10:13:52 AM
[2020.05.01-18.13.52:619][346]CompilerResultsLog: Building FlockingEditor...
[2020.05.01-18.13.52:619][346]CompilerResultsLog: Using Visual Studio 2017 14.16.27034 toolchain (C:\Program Files (x86)\Microsoft Visual Studio\2017\Community\VC\Tools\MSVC\14.16.27023) and Windows 10.0.17763.0 SDK (C:\Program Files (x86)\Windows Kits\10).
[2020.05.01-18.13.52:619][346]CompilerResultsLog: Building 4 actions with 8 processes...
[2020.05.01-18.13.52:619][346]CompilerResultsLog:   [1/4] FlockingManager.cpp
[2020.05.01-18.13.52:619][346]CompilerResultsLog:   [2/4] UE4Editor-Flocking-3275.lib
[2020.05.01-18.13.52:619][346]CompilerResultsLog:      Creating library E:\Unreal Projects\Flocking\Intermediate\Build\Win64\UE4Editor\Development\Flocking\UE4Editor-Flocking-3275.lib and object E:\Unreal Projects\Flocking\Intermediate\Build\Win64\UE4Editor\Development\Flocking\UE4Editor-Flocking-3275.exp
[2020.05.01-18.13.52:619][346]CompilerResultsLog:   [3/4] UE4Editor-Flocking-3275.dll
[2020.05.01-18.13.52:619][346]CompilerResultsLog:      Creating library E:\Unreal Projects\Flocking\Intermediate\Build\Win64\UE4Editor\Development\Flocking\UE4Editor-Flocking-3275.suppressed.lib and object E:\Unreal Projects\Flocking\Intermediate\Build\Win64\UE4Editor\Development\Flocking\UE4Editor-Flocking-3275.suppressed.exp
[2020.05.01-18.13.52:620][346]CompilerResultsLog:   [4/4] FlockingEditor.target
[2020.05.01-18.13.52:620][346]CompilerResultsLog: Total time in Parallel executor: 7.05 seconds
[2020.05.01-18.13.52:620][346]CompilerResultsLog: Total execution time: 8.05 seconds
[2020.05.01-18.13.52:620][346]LogMainFrame: MainFrame: Module compiling took 8.399 seconds
[2020.05.01-18.13.52:642][346]LogUObjectHash: Compacting FUObjectHashTables data took   0.68ms
[2020.05.01-18.13.52:670][346]LogContentBrowser: Native class hierarchy updated for 'Flocking' in 0.0003 seconds. Added 3 classes and 2 folders.
[2020.05.01-18.13.52:673][346]Display: HotReload successful (0 functions remapped  0 scriptstructs remapped)
[2020.05.01-18.13.52:736][346]LogUObjectHash: Compacting FUObjectHashTables data took   2.57ms
[2020.05.01-18.13.52:751][346]LogContentBrowser: Native class hierarchy populated in 0.0108 seconds. Added 3020 classes and 722 folders.
[2020.05.01-18.13.52:751][346]Display: HotReload took  8.5s.
[2020.05.01-18.14.00:324][368]LogTemp: Repeating last play command: Selected Viewport
[2020.05.01-18.14.00:339][368]LogPlayLevel: PlayLevel: No blueprints needed recompiling
[2020.05.01-18.14.00:339][368]PIE: New page: PIE session: NewMap (May 1, 2020, 10:14:00 AM)
[2020.05.01-18.14.00:340][368]LogOnline: OSS: Creating online subsystem instance for: NULL
[2020.05.01-18.14.00:341][368]LogOnline: OSS: TryLoadSubsystemAndSetDefault: Loaded subsystem for module [NULL]
[2020.05.01-18.14.00:342][368]LogPlayLevel: Creating play world package: /Game/UEDPIE_0_NewMap
[2020.05.01-18.14.00:345][368]LogPlayLevel: PIE: StaticDuplicateObject took: (0.003265s)
[2020.05.01-18.14.00:347][368]LogAIModule: Creating AISystem for world NewMap
[2020.05.01-18.14.00:347][368]LogPlayLevel: PIE: World Init took: (0.001666s)
[2020.05.01-18.14.00:347][368]LogPlayLevel: PIE: Created PIE world by copying editor world from /Game/NewMap.NewMap to /Game/UEDPIE_0_NewMap.NewMap (0.005410s)
[2020.05.01-18.14.00:369][368]LogUObjectHash: Compacting FUObjectHashTables data took   1.80ms
[2020.05.01-18.14.00:370][368]LogAudioMixer: Display: Audio Mixer Platform Settings:
[2020.05.01-18.14.00:370][368]LogAudioMixer: Display: 	Sample Rate:						  48000
[2020.05.01-18.14.00:370][368]LogAudioMixer: Display: 	Callback Buffer Frame Size Requested: 1024
[2020.05.01-18.14.00:370][368]LogAudioMixer: Display: 	Callback Buffer Frame Size To Use:	  1024
[2020.05.01-18.14.00:370][368]LogAudioMixer: Display: 	Number of buffers to queue:			  2
[2020.05.01-18.14.00:371][368]LogAudioMixer: Display: 	Max Channels (voices):				  32
[2020.05.01-18.14.00:371][368]LogAudioMixer: Display: 	Number of Async Source Workers:		  0
[2020.05.01-18.14.00:371][368]LogAudio: Display: AudioDevice MaxSources: 32
[2020.05.01-18.14.00:371][368]LogAudio: Display: Using built-in audio occlusion.
[2020.05.01-18.14.00:371][368]LogAudioMixer: Display: Initializing audio mixer.
[2020.05.01-18.14.00:394][368]LogAudioMixer: Display: Audio Device Output Speaker Info:
[2020.05.01-18.14.00:394][368]LogAudioMixer: Display: Name: Dell S2417DG (NVIDIA High Definition Audio)
[2020.05.01-18.14.00:394][368]LogAudioMixer: Display: Is Default: Yes
[2020.05.01-18.14.00:394][368]LogAudioMixer: Display: Sample Rate: 48000
[2020.05.01-18.14.00:394][368]LogAudioMixer: Display: Channel Count Used: 2
[2020.05.01-18.14.00:394][368]LogAudioMixer: Display: Device Channel Count: 2
[2020.05.01-18.14.00:394][368]LogAudioMixer: Display: Channel Order:
[2020.05.01-18.14.00:394][368]LogAudioMixer: Display: 0: FrontLeft
[2020.05.01-18.14.00:394][368]LogAudioMixer: Display: 1: FrontRight
[2020.05.01-18.14.00:400][368]LogAudioMixer: Display: Using Audio Device Dell S2417DG (NVIDIA High Definition Audio)
[2020.05.01-18.14.00:402][368]LogInit: FAudioDevice initialized.
[2020.05.01-18.14.00:414][368]LogLoad: Game class is 'MyFlockingGameModeBaseBP_C'
[2020.05.01-18.14.00:414][368]LogActor: Warning: MyFlockingGameModeBaseBP_C /Game/UEDPIE_0_NewMap.NewMap:PersistentLevel.MyFlockingGameModeBaseBP_C_0 has natively added scene component(s), but none of them were set as the actor's RootComponent - picking one arbitrarily
[2020.05.01-18.14.00:416][368]LogWorld: Bringing World /Game/UEDPIE_0_NewMap.NewMap up for play (max tick rate 0) at 2020.05.01-14.14.00
[2020.05.01-18.14.00:416][368]LogWorld: Bringing up level for play took: 0.000578
[2020.05.01-18.14.00:416][368]LogOnline: OSS: Creating online subsystem instance for: :Context_1
[2020.05.01-18.14.00:448][368]LogContentBrowser: Native class hierarchy updated for 'MovieSceneCapture' in 0.0003 seconds. Added 20 classes and 0 folders.
[2020.05.01-18.14.00:449][368]LogTemp: Warning: GAMEMODE BEGINPLAY()
[2020.05.01-18.14.00:449][368]LogTemp: Warning: Manager initialized
[2020.05.01-18.14.00:449][368]LogTemp: Warning: Agent initialized.
[2020.05.01-18.14.00:449][368]LogTemp: Warning: Agent initialized.
[2020.05.01-18.14.00:449][368]LogTemp: Warning: Agent initialized.
[2020.05.01-18.14.00:449][368]LogTemp: Warning: Agent initialized.
[2020.05.01-18.14.00:449][368]LogTemp: Warning: Agent initialized.
[2020.05.01-18.14.00:449][368]LogTemp: Warning: Agent initialized.
[2020.05.01-18.14.00:449][368]LogTemp: Warning: Agent initialized.
[2020.05.01-18.14.00:449][368]LogTemp: Warning: Agent initialized.
[2020.05.01-18.14.00:449][368]LogTemp: Warning: Agent initialized.
[2020.05.01-18.14.00:449][368]LogTemp: Warning: Agent initialized.
[2020.05.01-18.14.00:449][368]PIE: Play in editor start time for /Game/UEDPIE_0_NewMap -0.069
[2020.05.01-18.14.00:496][369]LogActor: Warning: MyFlockingGameModeBaseBP_C /Engine/Transient.World_0:PersistentLevel.MyFlockingGameModeBaseBP_C_0 has natively added scene component(s), but none of them were set as the actor's RootComponent - picking one arbitrarily
[2020.05.01-18.14.02:559][614]LogAudioMixer: Display: No commands were queued while flushing the source manager.
[2020.05.01-18.14.02:559][614]LogAudioMixer: Display: No commands were queued while flushing the source manager.
[2020.05.01-18.14.02:559][614]LogSlate: Updating window title bar state: overlay mode, drag disabled, window buttons hidden, title bar hidden
[2020.05.01-18.14.02:559][614]LogWorld: BeginTearingDown for /Game/UEDPIE_0_NewMap
[2020.05.01-18.14.02:560][614]LogAudioMixer: Display: No commands were queued while flushing the source manager.
[2020.05.01-18.14.02:560][614]LogWorld: UWorld::CleanupWorld for NewMap, bSessionEnded=true, bCleanupResources=true
[2020.05.01-18.14.02:560][614]LogSlate: InvalidateAllWidgets triggered.  All widgets were invalidated
[2020.05.01-18.14.02:566][614]LogPlayLevel: Display: Shutting down PIE online subsystems
[2020.05.01-18.14.02:567][614]LogSlate: InvalidateAllWidgets triggered.  All widgets were invalidated
[2020.05.01-18.14.02:585][614]LogAudioMixer: Display: No commands were queued while flushing the source manager.
[2020.05.01-18.14.02:588][614]LogSlate: Updating window title bar state: overlay mode, drag disabled, window buttons hidden, title bar hidden
[2020.05.01-18.14.02:591][614]LogUObjectHash: Compacting FUObjectHashTables data took   2.11ms
[2020.05.01-18.14.02:659][622]LogPlayLevel: Display: Destroying online subsystem :Context_1
[2020.05.01-18.14.35:430][701]Candidate modules for hot reload:
[2020.05.01-18.14.35:430][701]  Flocking
[2020.05.01-18.14.35:430][701]Launching UnrealBuildTool... [E:/UE4/Epic Games/UE_4.24/Engine/Binaries/DotNET/UnrealBuildTool.exe  -ModuleWithSuffix=Flocking,9074 Win64 Development -TargetType=Editor -Project="E:/Unreal Projects/Flocking/Flocking.uproject" "E:/Unreal Projects/Flocking/Flocking.uproject"  -IgnoreJunk]
[2020.05.01-18.14.35:433][701]Warning: Starting HotReload took  0.0s.
[2020.05.01-18.14.41:967][ 43]CompilerResultsLog: New page: Compilation - May 1, 2020, 10:14:41 AM
[2020.05.01-18.14.41:968][ 43]CompilerResultsLog: Building FlockingEditor...
[2020.05.01-18.14.41:968][ 43]CompilerResultsLog: Using Visual Studio 2017 14.16.27034 toolchain (C:\Program Files (x86)\Microsoft Visual Studio\2017\Community\VC\Tools\MSVC\14.16.27023) and Windows 10.0.17763.0 SDK (C:\Program Files (x86)\Windows Kits\10).
[2020.05.01-18.14.41:968][ 43]CompilerResultsLog: Building 4 actions with 8 processes...
[2020.05.01-18.14.41:968][ 43]CompilerResultsLog:   [1/4] FlockingManager.cpp
[2020.05.01-18.14.41:968][ 43]CompilerResultsLog:   [2/4] UE4Editor-Flocking-9074.lib
[2020.05.01-18.14.41:968][ 43]CompilerResultsLog:      Creating library E:\Unreal Projects\Flocking\Intermediate\Build\Win64\UE4Editor\Development\Flocking\UE4Editor-Flocking-9074.lib and object E:\Unreal Projects\Flocking\Intermediate\Build\Win64\UE4Editor\Development\Flocking\UE4Editor-Flocking-9074.exp
[2020.05.01-18.14.41:968][ 43]CompilerResultsLog:   [3/4] UE4Editor-Flocking-9074.dll
[2020.05.01-18.14.41:968][ 43]CompilerResultsLog:      Creating library E:\Unreal Projects\Flocking\Intermediate\Build\Win64\UE4Editor\Development\Flocking\UE4Editor-Flocking-9074.suppressed.lib and object E:\Unreal Projects\Flocking\Intermediate\Build\Win64\UE4Editor\Development\Flocking\UE4Editor-Flocking-9074.suppressed.exp
[2020.05.01-18.14.41:968][ 43]CompilerResultsLog:   [4/4] FlockingEditor.target
[2020.05.01-18.14.41:968][ 43]CompilerResultsLog: Total time in Parallel executor: 5.35 seconds
[2020.05.01-18.14.41:968][ 43]CompilerResultsLog: Total execution time: 6.42 seconds
[2020.05.01-18.14.41:968][ 43]LogMainFrame: MainFrame: Module compiling took 6.560 seconds
[2020.05.01-18.14.41:988][ 43]LogUObjectHash: Compacting FUObjectHashTables data took   0.83ms
[2020.05.01-18.14.42:010][ 43]LogContentBrowser: Native class hierarchy updated for 'Flocking' in 0.0005 seconds. Added 3 classes and 2 folders.
[2020.05.01-18.14.42:014][ 43]Display: HotReload successful (0 functions remapped  0 scriptstructs remapped)
[2020.05.01-18.14.42:069][ 43]LogUObjectHash: Compacting FUObjectHashTables data took   1.52ms
[2020.05.01-18.14.42:080][ 43]LogContentBrowser: Native class hierarchy populated in 0.0065 seconds. Added 3020 classes and 722 folders.
[2020.05.01-18.14.42:080][ 43]Display: HotReload took  6.7s.
[2020.05.01-18.14.43:081][106]LogTemp: Repeating last play command: Selected Viewport
[2020.05.01-18.14.43:093][106]LogPlayLevel: PlayLevel: No blueprints needed recompiling
[2020.05.01-18.14.43:093][106]PIE: New page: PIE session: NewMap (May 1, 2020, 10:14:43 AM)
[2020.05.01-18.14.43:093][106]LogPlayLevel: Creating play world package: /Game/UEDPIE_0_NewMap
[2020.05.01-18.14.43:096][106]LogPlayLevel: PIE: StaticDuplicateObject took: (0.002914s)
[2020.05.01-18.14.43:098][106]LogAIModule: Creating AISystem for world NewMap
[2020.05.01-18.14.43:098][106]LogPlayLevel: PIE: World Init took: (0.001195s)
[2020.05.01-18.14.43:098][106]LogPlayLevel: PIE: Created PIE world by copying editor world from /Game/NewMap.NewMap to /Game/UEDPIE_0_NewMap.NewMap (0.004278s)
[2020.05.01-18.14.43:121][106]LogUObjectHash: Compacting FUObjectHashTables data took   1.27ms
[2020.05.01-18.14.43:122][106]LogAudioMixer: Display: Audio Mixer Platform Settings:
[2020.05.01-18.14.43:122][106]LogAudioMixer: Display: 	Sample Rate:						  48000
[2020.05.01-18.14.43:122][106]LogAudioMixer: Display: 	Callback Buffer Frame Size Requested: 1024
[2020.05.01-18.14.43:122][106]LogAudioMixer: Display: 	Callback Buffer Frame Size To Use:	  1024
[2020.05.01-18.14.43:122][106]LogAudioMixer: Display: 	Number of buffers to queue:			  2
[2020.05.01-18.14.43:122][106]LogAudioMixer: Display: 	Max Channels (voices):				  32
[2020.05.01-18.14.43:122][106]LogAudioMixer: Display: 	Number of Async Source Workers:		  0
[2020.05.01-18.14.43:122][106]LogAudio: Display: AudioDevice MaxSources: 32
[2020.05.01-18.14.43:122][106]LogAudio: Display: Using built-in audio occlusion.
[2020.05.01-18.14.43:122][106]LogAudioMixer: Display: Initializing audio mixer.
[2020.05.01-18.14.43:140][106]LogAudioMixer: Display: Audio Device Output Speaker Info:
[2020.05.01-18.14.43:140][106]LogAudioMixer: Display: Name: Dell S2417DG (NVIDIA High Definition Audio)
[2020.05.01-18.14.43:140][106]LogAudioMixer: Display: Is Default: Yes
[2020.05.01-18.14.43:140][106]LogAudioMixer: Display: Sample Rate: 48000
[2020.05.01-18.14.43:140][106]LogAudioMixer: Display: Channel Count Used: 2
[2020.05.01-18.14.43:140][106]LogAudioMixer: Display: Device Channel Count: 2
[2020.05.01-18.14.43:140][106]LogAudioMixer: Display: Channel Order:
[2020.05.01-18.14.43:140][106]LogAudioMixer: Display: 0: FrontLeft
[2020.05.01-18.14.43:140][106]LogAudioMixer: Display: 1: FrontRight
[2020.05.01-18.14.43:148][106]LogAudioMixer: Display: Using Audio Device Dell S2417DG (NVIDIA High Definition Audio)
[2020.05.01-18.14.43:150][106]LogInit: FAudioDevice initialized.
[2020.05.01-18.14.43:159][106]LogLoad: Game class is 'MyFlockingGameModeBaseBP_C'
[2020.05.01-18.14.43:159][106]LogActor: Warning: MyFlockingGameModeBaseBP_C /Game/UEDPIE_0_NewMap.NewMap:PersistentLevel.MyFlockingGameModeBaseBP_C_0 has natively added scene component(s), but none of them were set as the actor's RootComponent - picking one arbitrarily
[2020.05.01-18.14.43:160][106]LogWorld: Bringing World /Game/UEDPIE_0_NewMap.NewMap up for play (max tick rate 0) at 2020.05.01-14.14.43
[2020.05.01-18.14.43:160][106]LogWorld: Bringing up level for play took: 0.000330
[2020.05.01-18.14.43:160][106]LogOnline: OSS: Creating online subsystem instance for: :Context_3
[2020.05.01-18.14.43:161][106]LogTemp: Warning: GAMEMODE BEGINPLAY()
[2020.05.01-18.14.43:161][106]LogTemp: Warning: Manager initialized
[2020.05.01-18.14.43:161][106]LogTemp: Warning: Agent initialized.
[2020.05.01-18.14.43:162][106]LogTemp: Warning: Agent initialized.
[2020.05.01-18.14.43:162][106]LogTemp: Warning: Agent initialized.
[2020.05.01-18.14.43:162][106]LogTemp: Warning: Agent initialized.
[2020.05.01-18.14.43:162][106]LogTemp: Warning: Agent initialized.
[2020.05.01-18.14.43:162][106]LogTemp: Warning: Agent initialized.
[2020.05.01-18.14.43:162][106]LogTemp: Warning: Agent initialized.
[2020.05.01-18.14.43:162][106]LogTemp: Warning: Agent initialized.
[2020.05.01-18.14.43:162][106]LogTemp: Warning: Agent initialized.
[2020.05.01-18.14.43:162][106]LogTemp: Warning: Agent initialized.
[2020.05.01-18.14.43:162][106]PIE: Play in editor start time for /Game/UEDPIE_0_NewMap 0.644
[2020.05.01-18.14.44:307][187]LogAudioMixer: Display: No commands were queued while flushing the source manager.
[2020.05.01-18.14.44:307][187]LogAudioMixer: Display: No commands were queued while flushing the source manager.
[2020.05.01-18.14.44:308][187]LogSlate: Updating window title bar state: overlay mode, drag disabled, window buttons hidden, title bar hidden
[2020.05.01-18.14.44:308][187]LogWorld: BeginTearingDown for /Game/UEDPIE_0_NewMap
[2020.05.01-18.14.44:308][187]LogAudioMixer: Display: No commands were queued while flushing the source manager.
[2020.05.01-18.14.44:308][187]LogWorld: UWorld::CleanupWorld for NewMap, bSessionEnded=true, bCleanupResources=true
[2020.05.01-18.14.44:308][187]LogSlate: InvalidateAllWidgets triggered.  All widgets were invalidated
[2020.05.01-18.14.44:331][187]LogPlayLevel: Display: Shutting down PIE online subsystems
[2020.05.01-18.14.44:334][187]LogSlate: InvalidateAllWidgets triggered.  All widgets were invalidated
[2020.05.01-18.14.44:352][187]LogAudioMixer: Display: No commands were queued while flushing the source manager.
[2020.05.01-18.14.44:354][187]LogSlate: Updating window title bar state: overlay mode, drag disabled, window buttons hidden, title bar hidden
[2020.05.01-18.14.44:356][187]LogUObjectHash: Compacting FUObjectHashTables data took   1.08ms
[2020.05.01-18.14.44:415][191]LogPlayLevel: Display: Destroying online subsystem :Context_3
[2020.05.01-18.14.45:184][234]LogTemp: Repeating last play command: Selected Viewport
[2020.05.01-18.14.45:193][234]LogPlayLevel: PlayLevel: No blueprints needed recompiling
[2020.05.01-18.14.45:194][234]PIE: New page: PIE session: NewMap (May 1, 2020, 10:14:45 AM)
[2020.05.01-18.14.45:194][234]LogPlayLevel: Creating play world package: /Game/UEDPIE_0_NewMap
[2020.05.01-18.14.45:197][234]LogPlayLevel: PIE: StaticDuplicateObject took: (0.002735s)
[2020.05.01-18.14.45:198][234]LogAIModule: Creating AISystem for world NewMap
[2020.05.01-18.14.45:198][234]LogPlayLevel: PIE: World Init took: (0.001131s)
[2020.05.01-18.14.45:198][234]LogPlayLevel: PIE: Created PIE world by copying editor world from /Game/NewMap.NewMap to /Game/UEDPIE_0_NewMap.NewMap (0.004036s)
[2020.05.01-18.14.45:221][234]LogUObjectHash: Compacting FUObjectHashTables data took   1.94ms
[2020.05.01-18.14.45:222][234]LogAudioMixer: Display: Audio Mixer Platform Settings:
[2020.05.01-18.14.45:222][234]LogAudioMixer: Display: 	Sample Rate:						  48000
[2020.05.01-18.14.45:222][234]LogAudioMixer: Display: 	Callback Buffer Frame Size Requested: 1024
[2020.05.01-18.14.45:222][234]LogAudioMixer: Display: 	Callback Buffer Frame Size To Use:	  1024
[2020.05.01-18.14.45:222][234]LogAudioMixer: Display: 	Number of buffers to queue:			  2
[2020.05.01-18.14.45:222][234]LogAudioMixer: Display: 	Max Channels (voices):				  32
[2020.05.01-18.14.45:222][234]LogAudioMixer: Display: 	Number of Async Source Workers:		  0
[2020.05.01-18.14.45:222][234]LogAudio: Display: AudioDevice MaxSources: 32
[2020.05.01-18.14.45:223][234]LogAudio: Display: Using built-in audio occlusion.
[2020.05.01-18.14.45:223][234]LogAudioMixer: Display: Initializing audio mixer.
[2020.05.01-18.14.45:242][234]LogAudioMixer: Display: Audio Device Output Speaker Info:
[2020.05.01-18.14.45:242][234]LogAudioMixer: Display: Name: Dell S2417DG (NVIDIA High Definition Audio)
[2020.05.01-18.14.45:242][234]LogAudioMixer: Display: Is Default: Yes
[2020.05.01-18.14.45:242][234]LogAudioMixer: Display: Sample Rate: 48000
[2020.05.01-18.14.45:242][234]LogAudioMixer: Display: Channel Count Used: 2
[2020.05.01-18.14.45:242][234]LogAudioMixer: Display: Device Channel Count: 2
[2020.05.01-18.14.45:242][234]LogAudioMixer: Display: Channel Order:
[2020.05.01-18.14.45:242][234]LogAudioMixer: Display: 0: FrontLeft
[2020.05.01-18.14.45:242][234]LogAudioMixer: Display: 1: FrontRight
[2020.05.01-18.14.45:248][234]LogAudioMixer: Display: Using Audio Device Dell S2417DG (NVIDIA High Definition Audio)
[2020.05.01-18.14.45:250][234]LogInit: FAudioDevice initialized.
[2020.05.01-18.14.45:258][234]LogLoad: Game class is 'MyFlockingGameModeBaseBP_C'
[2020.05.01-18.14.45:258][234]LogActor: Warning: MyFlockingGameModeBaseBP_C /Game/UEDPIE_0_NewMap.NewMap:PersistentLevel.MyFlockingGameModeBaseBP_C_0 has natively added scene component(s), but none of them were set as the actor's RootComponent - picking one arbitrarily
[2020.05.01-18.14.45:259][234]LogWorld: Bringing World /Game/UEDPIE_0_NewMap.NewMap up for play (max tick rate 0) at 2020.05.01-14.14.45
[2020.05.01-18.14.45:259][234]LogWorld: Bringing up level for play took: 0.000282
[2020.05.01-18.14.45:259][234]LogOnline: OSS: Creating online subsystem instance for: :Context_4
[2020.05.01-18.14.45:261][234]LogTemp: Warning: GAMEMODE BEGINPLAY()
[2020.05.01-18.14.45:261][234]LogTemp: Warning: Manager initialized
[2020.05.01-18.14.45:261][234]LogTemp: Warning: Agent initialized.
[2020.05.01-18.14.45:261][234]LogTemp: Warning: Agent initialized.
[2020.05.01-18.14.45:261][234]LogTemp: Warning: Agent initialized.
[2020.05.01-18.14.45:261][234]LogTemp: Warning: Agent initialized.
[2020.05.01-18.14.45:261][234]LogTemp: Warning: Agent initialized.
[2020.05.01-18.14.45:261][234]LogTemp: Warning: Agent initialized.
[2020.05.01-18.14.45:261][234]LogTemp: Warning: Agent initialized.
[2020.05.01-18.14.45:261][234]LogTemp: Warning: Agent initialized.
[2020.05.01-18.14.45:261][234]LogTemp: Warning: Agent initialized.
[2020.05.01-18.14.45:261][234]LogTemp: Warning: Agent initialized.
[2020.05.01-18.14.45:261][234]PIE: Play in editor start time for /Game/UEDPIE_0_NewMap 0.743
[2020.05.01-18.14.47:218][336]LogAudioMixer: Display: No commands were queued while flushing the source manager.
[2020.05.01-18.14.47:218][336]LogAudioMixer: Display: No commands were queued while flushing the source manager.
[2020.05.01-18.14.47:219][336]LogSlate: Updating window title bar state: overlay mode, drag disabled, window buttons hidden, title bar hidden
[2020.05.01-18.14.47:219][336]LogWorld: BeginTearingDown for /Game/UEDPIE_0_NewMap
[2020.05.01-18.14.47:219][336]LogAudioMixer: Display: No commands were queued while flushing the source manager.
[2020.05.01-18.14.47:219][336]LogWorld: UWorld::CleanupWorld for NewMap, bSessionEnded=true, bCleanupResources=true
[2020.05.01-18.14.47:219][336]LogSlate: InvalidateAllWidgets triggered.  All widgets were invalidated
[2020.05.01-18.14.47:249][336]LogPlayLevel: Display: Shutting down PIE online subsystems
[2020.05.01-18.14.47:252][336]LogSlate: InvalidateAllWidgets triggered.  All widgets were invalidated
[2020.05.01-18.14.47:271][336]LogAudioMixer: Display: No commands were queued while flushing the source manager.
[2020.05.01-18.14.47:272][336]LogSlate: Updating window title bar state: overlay mode, drag disabled, window buttons hidden, title bar hidden
[2020.05.01-18.14.47:274][336]LogUObjectHash: Compacting FUObjectHashTables data took   1.21ms
[2020.05.01-18.14.47:318][340]LogPlayLevel: Display: Destroying online subsystem :Context_4
[2020.05.01-18.17.27:378][932]Candidate modules for hot reload:
[2020.05.01-18.17.27:378][932]  Flocking
[2020.05.01-18.17.27:378][932]Launching UnrealBuildTool... [E:/UE4/Epic Games/UE_4.24/Engine/Binaries/DotNET/UnrealBuildTool.exe  -ModuleWithSuffix=Flocking,9378 Win64 Development -TargetType=Editor -Project="E:/Unreal Projects/Flocking/Flocking.uproject" "E:/Unreal Projects/Flocking/Flocking.uproject"  -IgnoreJunk]
[2020.05.01-18.17.27:381][932]Warning: Starting HotReload took  0.0s.
[2020.05.01-18.19.07:101][596]CompilerResultsLog: New page: Compilation - May 1, 2020, 10:19:07 AM
[2020.05.01-18.19.07:102][596]CompilerResultsLog: Parsing headers for FlockingEditor
[2020.05.01-18.19.07:102][596]CompilerResultsLog:   Running UnrealHeaderTool "E:\Unreal Projects\Flocking\Flocking.uproject" "E:\Unreal Projects\Flocking\Intermediate\Build\Win64\FlockingEditor\Development\FlockingEditor.uhtmanifest" -LogCmds="loginit warning, logexit warning, logdatabase error" -Unattended -WarningsAsErrors -installed
[2020.05.01-18.19.07:102][596]CompilerResultsLog: Reflection code generated for FlockingEditor in 27.4349773 seconds
[2020.05.01-18.19.07:102][596]CompilerResultsLog: Building FlockingEditor...
[2020.05.01-18.19.07:102][596]CompilerResultsLog: Using Visual Studio 2017 14.16.27034 toolchain (C:\Program Files (x86)\Microsoft Visual Studio\2017\Community\VC\Tools\MSVC\14.16.27023) and Windows 10.0.17763.0 SDK (C:\Program Files (x86)\Windows Kits\10).
[2020.05.01-18.19.07:102][596]CompilerResultsLog: Building 6 actions with 8 processes...
[2020.05.01-18.19.07:102][596]CompilerResultsLog:   [1/6] FlockingManager.cpp
[2020.05.01-18.19.07:102][596]CompilerResultsLog:   [2/6] FlockingGameModeBase.cpp
[2020.05.01-18.19.07:102][596]CompilerResultsLog:   [3/6] FlockingManager.gen.cpp
[2020.05.01-18.19.07:102][596]CompilerResultsLog:   [4/6] UE4Editor-Flocking-9378.lib
[2020.05.01-18.19.07:102][596]CompilerResultsLog:      Creating library E:\Unreal Projects\Flocking\Intermediate\Build\Win64\UE4Editor\Development\Flocking\UE4Editor-Flocking-9378.lib and object E:\Unreal Projects\Flocking\Intermediate\Build\Win64\UE4Editor\Development\Flocking\UE4Editor-Flocking-9378.exp
[2020.05.01-18.19.07:102][596]CompilerResultsLog:   [5/6] UE4Editor-Flocking-9378.dll
[2020.05.01-18.19.07:102][596]CompilerResultsLog:      Creating library E:\Unreal Projects\Flocking\Intermediate\Build\Win64\UE4Editor\Development\Flocking\UE4Editor-Flocking-9378.suppressed.lib and object E:\Unreal Projects\Flocking\Intermediate\Build\Win64\UE4Editor\Development\Flocking\UE4Editor-Flocking-9378.suppressed.exp
[2020.05.01-18.19.07:102][596]CompilerResultsLog:   [6/6] FlockingEditor.target
[2020.05.01-18.19.07:102][596]CompilerResultsLog: Total time in Parallel executor: 71.01 seconds
[2020.05.01-18.19.07:102][596]CompilerResultsLog: Total execution time: 99.55 seconds
[2020.05.01-18.19.07:102][596]LogMainFrame: MainFrame: Module compiling took 99.739 seconds
[2020.05.01-18.19.07:124][596]LogUObjectHash: Compacting FUObjectHashTables data took   1.05ms
[2020.05.01-18.19.07:151][596]LogContentBrowser: Native class hierarchy updated for 'Flocking' in 0.0004 seconds. Added 3 classes and 2 folders.
[2020.05.01-18.19.07:155][596]Display: HotReload successful (0 functions remapped  0 scriptstructs remapped)
[2020.05.01-18.19.07:214][596]LogUObjectHash: Compacting FUObjectHashTables data took   1.27ms
[2020.05.01-18.19.07:227][596]LogContentBrowser: Native class hierarchy populated in 0.0073 seconds. Added 3020 classes and 722 folders.
[2020.05.01-18.19.07:227][596]Display: HotReload took 99.9s.
[2020.05.01-18.19.08:474][599]LogSlate: Took 0.022578 seconds to synchronously load lazily loaded font '../../../Engine/Content/Slate/Fonts/Roboto-Light.ttf' (167K)
[2020.05.02-04.38.29:809][859]LogAudioMixer: Warning: Changing default audio render device to new device: .
[2020.05.02-04.38.30:021][859]LogTemp: Resetting audio stream to device id 
