Log file open, 05/06/20 13:46:07
LogWindows: Failed to load 'aqProf.dll' (GetLastError=126)
LogWindows: File 'aqProf.dll' does not exist
LogWindows: Failed to load 'VtuneApi.dll' (GetLastError=126)
LogWindows: File 'VtuneApi.dll' does not exist
LogWindows: Failed to load 'VtuneApi32e.dll' (GetLastError=126)
LogWindows: File 'VtuneApi32e.dll' does not exist
LogConsoleResponse: Display: Failed to find resolution value strings in scalability ini. Falling back to default.
LogInit: Display: Running engine for game: Flocking
LogPlatformFile: Not using cached read wrapper
LogTaskGraph: Started task graph with 5 named threads and 23 total threads with 3 sets of task threads.
LogStats: Stats thread started at 0.078387
LogD3D11RHI: Loaded GFSDK_Aftermath_Lib.x64.dll
LogICUInternationalization: ICU TimeZone Detection - Raw Offset: -5:00, Platform Override: ''
LogPluginManager: Mounting plugin Paper2D
LogPluginManager: Mounting plugin AISupport
LogPluginManager: Mounting plugin LightPropagationVolume
LogPluginManager: Mounting plugin ActorLayerUtilities
LogPluginManager: Mounting plugin AnimationSharing
LogPluginManager: Mounting plugin CLionSourceCodeAccess
LogPluginManager: Mounting plugin CodeLiteSourceCodeAccess
LogPluginManager: Mounting plugin GitSourceControl
LogPluginManager: Mounting plugin KDevelopSourceCodeAccess
LogPluginManager: Mounting plugin NullSourceCodeAccess
LogPluginManager: Mounting plugin PerforceSourceControl
LogPluginManager: Mounting plugin PlasticSourceControl
LogPluginManager: Mounting plugin SubversionSourceControl
LogPluginManager: Mounting plugin UObjectPlugin
LogPluginManager: Mounting plugin VisualStudioCodeSourceCodeAccess
LogPluginManager: Mounting plugin VisualStudioSourceCodeAccess
LogPluginManager: Mounting plugin XCodeSourceCodeAccess
LogPluginManager: Mounting plugin AssetManagerEditor
LogPluginManager: Mounting plugin CryptoKeys
LogPluginManager: Mounting plugin CurveEditorTools
LogPluginManager: Mounting plugin DataValidation
LogPluginManager: Mounting plugin FacialAnimation
LogPluginManager: Mounting plugin GameplayTagsEditor
LogPluginManager: Mounting plugin MacGraphicsSwitching
LogPluginManager: Mounting plugin MaterialAnalyzer
LogPluginManager: Mounting plugin MobileLauncherProfileWizard
LogPluginManager: Mounting plugin PluginBrowser
LogPluginManager: Mounting plugin SpeedTreeImporter
LogPluginManager: Mounting plugin DatasmithContent
LogPluginManager: Mounting plugin VariantManagerContent
LogPluginManager: Mounting plugin AlembicImporter
LogPluginManager: Mounting plugin AutomationUtils
LogPluginManager: Mounting plugin BackChannel
LogPluginManager: Mounting plugin CharacterAI
LogPluginManager: Mounting plugin GeometryCache
LogPluginManager: Mounting plugin PlatformCrypto
LogPluginManager: Mounting plugin ProxyLODPlugin
LogPluginManager: Mounting plugin SkeletalReduction
LogPluginManager: Mounting plugin MagicLeap
LogPluginManager: Mounting plugin MagicLeapMedia
LogPluginManager: Mounting plugin MLSDK
LogPluginManager: Mounting plugin AndroidMedia
LogPluginManager: Mounting plugin AvfMedia
LogPluginManager: Mounting plugin ImgMedia
LogPluginManager: Mounting plugin MediaCompositing
LogPluginManager: Mounting plugin MediaPlayerEditor
LogPluginManager: Mounting plugin WebMMedia
LogPluginManager: Mounting plugin WmfMedia
LogPluginManager: Mounting plugin TcpMessaging
LogPluginManager: Mounting plugin UdpMessaging
LogPluginManager: Mounting plugin ActorSequence
LogPluginManager: Mounting plugin LevelSequenceEditor
LogPluginManager: Mounting plugin MatineeToLevelSequence
LogPluginManager: Mounting plugin NetcodeUnitTest
LogPluginManager: Mounting plugin NUTUnrealEngine4
LogPluginManager: Mounting plugin OnlineSubsystemGooglePlay
LogPluginManager: Mounting plugin OnlineSubsystemIOS
LogPluginManager: Mounting plugin OnlineSubsystem
LogPluginManager: Mounting plugin OnlineSubsystemNull
LogPluginManager: Mounting plugin OnlineSubsystemUtils
LogPluginManager: Mounting plugin LauncherChunkInstaller
LogPluginManager: Mounting plugin AndroidDeviceProfileSelector
LogPluginManager: Mounting plugin AndroidMoviePlayer
LogPluginManager: Mounting plugin AndroidPermission
LogPluginManager: Mounting plugin AppleImageUtils
LogPluginManager: Mounting plugin AppleMoviePlayer
LogPluginManager: Mounting plugin ArchVisCharacter
LogPluginManager: Mounting plugin AssetTags
LogPluginManager: Mounting plugin AudioCapture
LogPluginManager: Mounting plugin CableComponent
LogPluginManager: Mounting plugin CustomMeshComponent
LogPluginManager: Mounting plugin EditableMesh
LogPluginManager: Mounting plugin ExampleDeviceProfileSelector
LogPluginManager: Mounting plugin GoogleCloudMessaging
LogPluginManager: Mounting plugin IOSDeviceProfileSelector
LogPluginManager: Mounting plugin LinuxDeviceProfileSelector
LogPluginManager: Mounting plugin LocationServicesBPLibrary
LogPluginManager: Mounting plugin MobilePatchingUtils
LogPluginManager: Mounting plugin OculusVR
LogPluginManager: Mounting plugin PhysXVehicles
LogPluginManager: Mounting plugin PostSplashScreen
LogPluginManager: Mounting plugin ProceduralMeshComponent
LogPluginManager: Mounting plugin RuntimePhysXCooking
LogPluginManager: Mounting plugin SignificanceManager
LogPluginManager: Mounting plugin SteamVR
LogPluginManager: Mounting plugin WebMMoviePlayer
LogPluginManager: Mounting plugin WindowsMoviePlayer
LogPluginManager: Mounting plugin ScreenshotTools
LogInit: Using libcurl 7.55.1-DEV
LogInit:  - built for x86_64-pc-win32
LogInit:  - supports SSL with OpenSSL/1.1.1
LogInit:  - supports HTTP deflate (compression) using libz 1.2.8
LogInit:  - other features:
LogInit:      CURL_VERSION_SSL
LogInit:      CURL_VERSION_LIBZ
LogInit:      CURL_VERSION_IPV6
LogInit:      CURL_VERSION_ASYNCHDNS
LogInit:      CURL_VERSION_LARGEFILE
LogInit:      CURL_VERSION_IDN
LogInit:  CurlRequestOptions (configurable via config and command line):
LogInit:  - bVerifyPeer = true  - Libcurl will verify peer certificate
LogInit:  - bUseHttpProxy = false  - Libcurl will NOT use HTTP proxy
LogInit:  - bDontReuseConnections = false  - Libcurl will reuse connections
LogInit:  - MaxHostConnections = 16  - Libcurl will limit the number of connections to a host
LogInit:  - LocalHostAddr = Default
LogInit:  - BufferSize = 65536
LogOnline: OSS: Creating online subsystem instance for: NULL
LogInit: WinSock: version 1.1 (2.2), MaxSocks=32767, MaxUdp=65467
LogOnline: OSS: TryLoadSubsystemAndSetDefault: Loaded subsystem for module [NULL]
LogInit: Build: ++UE4+Release-4.24-CL-11590370
LogInit: Engine Version: 4.24.3-11590370+++UE4+Release-4.24
LogInit: Compatible Engine Version: 4.24.0-10570792+++UE4+Release-4.24
LogInit: Net CL: 10570792
LogInit: OS: Windows 10 (Release 1903) (), CPU: Intel(R) Core(TM) i7-7700K CPU @ 4.20GHz, GPU: NVIDIA GeForce GTX 1080
LogInit: Compiled (64-bit): Feb 24 2020 15:39:18
LogInit: Compiled with Visual C++: 19.16.27032.01
LogInit: Build Configuration: Development
LogInit: Branch Name: ++UE4+Release-4.24
LogInit: Command Line: 
LogInit: Base Directory: E:/UE4/Epic Games/UE_4.24/Engine/Binaries/Win64/
LogInit: Installed Engine Build: 1
LogDevObjectVersion: Number of dev versions registered: 25
LogDevObjectVersion:   Dev-Blueprints (B0D832E4-1F89-4F0D-ACCF-7EB736FD4AA2): 10
LogDevObjectVersion:   Dev-Build (E1C64328-A22C-4D53-A36C-8E866417BD8C): 0
LogDevObjectVersion:   Dev-Core (375EC13C-06E4-48FB-B500-84F0262A717E): 3
LogDevObjectVersion:   Dev-Editor (E4B068ED-F494-42E9-A231-DA0B2E46BB41): 37
LogDevObjectVersion:   Dev-Framework (CFFC743F-43B0-4480-9391-14DF171D2073): 36
LogDevObjectVersion:   Dev-Mobile (B02B49B5-BB20-44E9-A304-32B752E40360): 2
LogDevObjectVersion:   Dev-Networking (A4E4105C-59A1-49B5-A7C5-40C4547EDFEE): 0
LogDevObjectVersion:   Dev-Online (39C831C9-5AE6-47DC-9A44-9C173E1C8E7C): 0
LogDevObjectVersion:   Dev-Physics (78F01B33-EBEA-4F98-B9B4-84EACCB95AA2): 2
LogDevObjectVersion:   Dev-Platform (6631380F-2D4D-43E0-8009-CF276956A95A): 0
LogDevObjectVersion:   Dev-Rendering (12F88B9F-8875-4AFC-A67C-D90C383ABD29): 36
LogDevObjectVersion:   Dev-Sequencer (7B5AE74C-D270-4C10-A958-57980B212A5A): 11
LogDevObjectVersion:   Dev-VR (D7296918-1DD6-4BDD-9DE2-64A83CC13884): 2
LogDevObjectVersion:   Dev-LoadTimes (C2A15278-BFE7-4AFE-6C17-90FF531DF755): 1
LogDevObjectVersion:   Private-Geometry (6EACA3D4-40EC-4CC1-B786-8BED09428FC5): 3
LogDevObjectVersion:   Dev-AnimPhys (29E575DD-E0A3-4627-9D10-D276232CDCEA): 17
LogDevObjectVersion:   Dev-Anim (AF43A65D-7FD3-4947-9873-3E8ED9C1BB05): 2
LogDevObjectVersion:   Dev-ReflectionCapture (6B266CEC-1EC7-4B8F-A30B-E4D90942FC07): 1
LogDevObjectVersion:   Dev-Automation (0DF73D61-A23F-47EA-B727-89E90C41499A): 1
LogDevObjectVersion:   FortniteMain (601D1886-AC64-4F84-AA16-D3DE0DEAC7D6): 31
LogDevObjectVersion:   Dev-Enterprise (9DFFBCD6-494F-0158-E221-12823C92A888): 8
LogDevObjectVersion:   Dev-Niagara (F2AED0AC-9AFE-416F-8664-AA7FFA26D6FC): 1
LogDevObjectVersion:   Dev-Destruction (174F1F0B-B4C6-45A5-B13F-2EE8D0FB917D): 9
LogDevObjectVersion:   Dev-Physics-Ext (35F94A83-E258-406C-A318-09F59610247C): 8
LogDevObjectVersion:   Dev-CineCamera (B2E18506-4273-CFC2-A54E-F4BB758BBA07): 1
LogInit: Presizing for max 25165824 objects, including 0 objects not considered by GC, pre-allocating 0 bytes for permanent pool.
LogInit: Object subsystem initialized
LogConfig: Setting CVar [[con.DebugEarlyDefault:1]]
LogConfig: Setting CVar [[r.setres:1280x720]]
[2020.05.06-17.46.07:846][  0]LogConfig: Setting CVar [[r.VSync:0]]
[2020.05.06-17.46.07:846][  0]LogConfig: Setting CVar [[r.RHICmdBypass:0]]
[2020.05.06-17.46.07:846][  0]LogConfig: Applying CVar settings from Section [/Script/Engine.RendererSettings] File [E:/Unreal Projects/FlockingAssignment/Flocking/Saved/Config/Windows/Engine.ini]
[2020.05.06-17.46.07:846][  0]LogConfig: Setting CVar [[r.GPUCrashDebugging:0]]
[2020.05.06-17.46.07:846][  0]LogConfig: Applying CVar settings from Section [/Script/Engine.RendererOverrideSettings] File [E:/Unreal Projects/FlockingAssignment/Flocking/Saved/Config/Windows/Engine.ini]
[2020.05.06-17.46.07:846][  0]LogConfig: Applying CVar settings from Section [/Script/Engine.StreamingSettings] File [E:/Unreal Projects/FlockingAssignment/Flocking/Saved/Config/Windows/Engine.ini]
[2020.05.06-17.46.07:846][  0]LogConfig: Setting CVar [[s.MinBulkDataSizeForAsyncLoading:131072]]
[2020.05.06-17.46.07:846][  0]LogConfig: Setting CVar [[s.AsyncLoadingThreadEnabled:0]]
[2020.05.06-17.46.07:846][  0]LogConfig: Setting CVar [[s.EventDrivenLoaderEnabled:1]]
[2020.05.06-17.46.07:846][  0]LogConfig: Setting CVar [[s.WarnIfTimeLimitExceeded:0]]
[2020.05.06-17.46.07:846][  0]LogConfig: Setting CVar [[s.TimeLimitExceededMultiplier:1.5]]
[2020.05.06-17.46.07:846][  0]LogConfig: Setting CVar [[s.TimeLimitExceededMinTime:0.005]]
[2020.05.06-17.46.07:846][  0]LogConfig: Setting CVar [[s.UseBackgroundLevelStreaming:1]]
[2020.05.06-17.46.07:846][  0]LogConfig: Setting CVar [[s.PriorityAsyncLoadingExtraTime:15.0]]
[2020.05.06-17.46.07:846][  0]LogConfig: Setting CVar [[s.LevelStreamingActorsUpdateTimeLimit:5.0]]
[2020.05.06-17.46.07:846][  0]LogConfig: Setting CVar [[s.PriorityLevelStreamingActorsUpdateExtraTime:5.0]]
[2020.05.06-17.46.07:846][  0]LogConfig: Setting CVar [[s.LevelStreamingComponentsRegistrationGranularity:10]]
[2020.05.06-17.46.07:846][  0]LogConfig: Setting CVar [[s.UnregisterComponentsTimeLimit:1.0]]
[2020.05.06-17.46.07:846][  0]LogConfig: Setting CVar [[s.LevelStreamingComponentsUnregistrationGranularity:5]]
[2020.05.06-17.46.07:846][  0]LogConfig: Setting CVar [[s.FlushStreamingOnExit:1]]
[2020.05.06-17.46.07:846][  0]LogConfig: Applying CVar settings from Section [/Script/Engine.GarbageCollectionSettings] File [E:/Unreal Projects/FlockingAssignment/Flocking/Saved/Config/Windows/Engine.ini]
[2020.05.06-17.46.07:846][  0]LogConfig: Setting CVar [[gc.MaxObjectsNotConsideredByGC:1]]
[2020.05.06-17.46.07:846][  0]LogConfig: Setting CVar [[gc.SizeOfPermanentObjectPool:0]]
[2020.05.06-17.46.07:846][  0]LogConfig: Setting CVar [[gc.FlushStreamingOnGC:0]]
[2020.05.06-17.46.07:846][  0]LogConfig: Setting CVar [[gc.NumRetriesBeforeForcingGC:10]]
[2020.05.06-17.46.07:846][  0]LogConfig: Setting CVar [[gc.AllowParallelGC:1]]
[2020.05.06-17.46.07:846][  0]LogConfig: Setting CVar [[gc.TimeBetweenPurgingPendingKillObjects:61.1]]
[2020.05.06-17.46.07:846][  0]LogConfig: Setting CVar [[gc.MaxObjectsInEditor:25165824]]
[2020.05.06-17.46.07:846][  0]LogConfig: Setting CVar [[gc.IncrementalBeginDestroyEnabled:1]]
[2020.05.06-17.46.07:846][  0]LogConfig: Setting CVar [[gc.CreateGCClusters:1]]
[2020.05.06-17.46.07:846][  0]LogConfig: Setting CVar [[gc.MinGCClusterSize:5]]
[2020.05.06-17.46.07:846][  0]LogConfig: Setting CVar [[gc.ActorClusteringEnabled:0]]
[2020.05.06-17.46.07:846][  0]LogConfig: Setting CVar [[gc.BlueprintClusteringEnabled:0]]
[2020.05.06-17.46.07:846][  0]LogConfig: Setting CVar [[gc.UseDisregardForGCOnDedicatedServers:0]]
[2020.05.06-17.46.07:846][  0]LogConfig: Applying CVar settings from Section [/Script/Engine.NetworkSettings] File [E:/Unreal Projects/FlockingAssignment/Flocking/Saved/Config/Windows/Engine.ini]
[2020.05.06-17.46.07:846][  0]LogConfig: Applying CVar settings from Section [/Script/UnrealEd.CookerSettings] File [E:/Unreal Projects/FlockingAssignment/Flocking/Saved/Config/Windows/Engine.ini]
[2020.05.06-17.46.07:850][  0]LogConfig: Applying CVar settings from Section [ViewDistanceQuality@3] File [E:/Unreal Projects/FlockingAssignment/Flocking/Saved/Config/Windows/Scalability.ini]
[2020.05.06-17.46.07:850][  0]LogConfig: Setting CVar [[r.SkeletalMeshLODBias:0]]
[2020.05.06-17.46.07:850][  0]LogConfig: Setting CVar [[r.ViewDistanceScale:1.0]]
[2020.05.06-17.46.07:850][  0]LogConfig: Applying CVar settings from Section [AntiAliasingQuality@3] File [E:/Unreal Projects/FlockingAssignment/Flocking/Saved/Config/Windows/Scalability.ini]
[2020.05.06-17.46.07:850][  0]LogConfig: Setting CVar [[r.PostProcessAAQuality:4]]
[2020.05.06-17.46.07:850][  0]LogConfig: Applying CVar settings from Section [ShadowQuality@3] File [E:/Unreal Projects/FlockingAssignment/Flocking/Saved/Config/Windows/Scalability.ini]
[2020.05.06-17.46.07:850][  0]LogConfig: Setting CVar [[r.LightFunctionQuality:1]]
[2020.05.06-17.46.07:850][  0]LogConfig: Setting CVar [[r.ShadowQuality:5]]
[2020.05.06-17.46.07:850][  0]LogConfig: Setting CVar [[r.Shadow.CSM.MaxCascades:10]]
[2020.05.06-17.46.07:850][  0]LogConfig: Setting CVar [[r.Shadow.MaxResolution:2048]]
[2020.05.06-17.46.07:850][  0]LogConfig: Setting CVar [[r.Shadow.MaxCSMResolution:2048]]
[2020.05.06-17.46.07:850][  0]LogConfig: Setting CVar [[r.Shadow.RadiusThreshold:0.01]]
[2020.05.06-17.46.07:850][  0]LogConfig: Setting CVar [[r.Shadow.DistanceScale:1.0]]
[2020.05.06-17.46.07:850][  0]LogConfig: Setting CVar [[r.Shadow.CSM.TransitionScale:1.0]]
[2020.05.06-17.46.07:850][  0]LogConfig: Setting CVar [[r.Shadow.PreShadowResolutionFactor:1.0]]
[2020.05.06-17.46.07:850][  0]LogConfig: Setting CVar [[r.DistanceFieldShadowing:1]]
[2020.05.06-17.46.07:850][  0]LogConfig: Setting CVar [[r.DistanceFieldAO:1]]
[2020.05.06-17.46.07:850][  0]LogConfig: Setting CVar [[r.AOQuality:2]]
[2020.05.06-17.46.07:850][  0]LogConfig: Setting CVar [[r.VolumetricFog:1]]
[2020.05.06-17.46.07:850][  0]LogConfig: Setting CVar [[r.VolumetricFog.GridPixelSize:8]]
[2020.05.06-17.46.07:850][  0]LogConfig: Setting CVar [[r.VolumetricFog.GridSizeZ:128]]
[2020.05.06-17.46.07:850][  0]LogConfig: Setting CVar [[r.VolumetricFog.HistoryMissSupersampleCount:4]]
[2020.05.06-17.46.07:850][  0]LogConfig: Setting CVar [[r.LightMaxDrawDistanceScale:1]]
[2020.05.06-17.46.07:850][  0]LogConfig: Setting CVar [[r.CapsuleShadows:1]]
[2020.05.06-17.46.07:850][  0]LogConfig: Applying CVar settings from Section [PostProcessQuality@3] File [E:/Unreal Projects/FlockingAssignment/Flocking/Saved/Config/Windows/Scalability.ini]
[2020.05.06-17.46.07:850][  0]LogConfig: Setting CVar [[r.MotionBlurQuality:4]]
[2020.05.06-17.46.07:850][  0]LogConfig: Setting CVar [[r.AmbientOcclusionMipLevelFactor:0.4]]
[2020.05.06-17.46.07:850][  0]LogConfig: Setting CVar [[r.AmbientOcclusionMaxQuality:100]]
[2020.05.06-17.46.07:850][  0]LogConfig: Setting CVar [[r.AmbientOcclusionLevels:-1]]
[2020.05.06-17.46.07:850][  0]LogConfig: Setting CVar [[r.AmbientOcclusionRadiusScale:1.0]]
[2020.05.06-17.46.07:850][  0]LogConfig: Setting CVar [[r.DepthOfFieldQuality:2]]
[2020.05.06-17.46.07:850][  0]LogConfig: Setting CVar [[r.RenderTargetPoolMin:400]]
[2020.05.06-17.46.07:850][  0]LogConfig: Setting CVar [[r.LensFlareQuality:2]]
[2020.05.06-17.46.07:850][  0]LogConfig: Setting CVar [[r.SceneColorFringeQuality:1]]
[2020.05.06-17.46.07:850][  0]LogConfig: Setting CVar [[r.EyeAdaptationQuality:2]]
[2020.05.06-17.46.07:850][  0]LogConfig: Setting CVar [[r.BloomQuality:5]]
[2020.05.06-17.46.07:850][  0]LogConfig: Setting CVar [[r.FastBlurThreshold:100]]
[2020.05.06-17.46.07:850][  0]LogConfig: Setting CVar [[r.Upscale.Quality:3]]
[2020.05.06-17.46.07:850][  0]LogConfig: Setting CVar [[r.Tonemapper.GrainQuantization:1]]
[2020.05.06-17.46.07:850][  0]LogConfig: Setting CVar [[r.LightShaftQuality:1]]
[2020.05.06-17.46.07:850][  0]LogConfig: Setting CVar [[r.Filter.SizeScale:1]]
[2020.05.06-17.46.07:850][  0]LogConfig: Setting CVar [[r.Tonemapper.Quality:5]]
[2020.05.06-17.46.07:850][  0]LogConfig: Setting CVar [[r.DOF.Gather.AccumulatorQuality:1        ; higher gathering accumulator quality]]
[2020.05.06-17.46.07:850][  0]LogConfig: Setting CVar [[r.DOF.Gather.PostfilterMethod:1          ; Median3x3 postfilering method]]
[2020.05.06-17.46.07:850][  0]LogConfig: Setting CVar [[r.DOF.Gather.EnableBokehSettings:0       ; no bokeh simulation when gathering]]
[2020.05.06-17.46.07:850][  0]LogConfig: Setting CVar [[r.DOF.Gather.RingCount:4                 ; medium number of samples when gathering]]
[2020.05.06-17.46.07:850][  0]LogConfig: Setting CVar [[r.DOF.Scatter.ForegroundCompositing:1    ; additive foreground scattering]]
[2020.05.06-17.46.07:850][  0]LogConfig: Setting CVar [[r.DOF.Scatter.BackgroundCompositing:2    ; additive background scattering]]
[2020.05.06-17.46.07:850][  0]LogConfig: Setting CVar [[r.DOF.Scatter.EnableBokehSettings:1      ; bokeh simulation when scattering]]
[2020.05.06-17.46.07:850][  0]LogConfig: Setting CVar [[r.DOF.Scatter.MaxSpriteRatio:0.1         ; only a maximum of 10% of scattered bokeh]]
[2020.05.06-17.46.07:850][  0]LogConfig: Setting CVar [[r.DOF.Recombine.Quality:1                ; cheap slight out of focus]]
[2020.05.06-17.46.07:850][  0]LogConfig: Setting CVar [[r.DOF.Recombine.EnableBokehSettings:0    ; no bokeh simulation on slight out of focus]]
[2020.05.06-17.46.07:850][  0]LogConfig: Setting CVar [[r.DOF.TemporalAAQuality:1                ; more stable temporal accumulation]]
[2020.05.06-17.46.07:850][  0]LogConfig: Setting CVar [[r.DOF.Kernel.MaxForegroundRadius:0.025]]
[2020.05.06-17.46.07:850][  0]LogConfig: Setting CVar [[r.DOF.Kernel.MaxBackgroundRadius:0.025]]
[2020.05.06-17.46.07:850][  0]LogConfig: Applying CVar settings from Section [TextureQuality@3] File [E:/Unreal Projects/FlockingAssignment/Flocking/Saved/Config/Windows/Scalability.ini]
[2020.05.06-17.46.07:850][  0]LogConfig: Setting CVar [[r.Streaming.MipBias:0]]
[2020.05.06-17.46.07:850][  0]LogConfig: Setting CVar [[r.Streaming.AmortizeCPUToGPUCopy:0]]
[2020.05.06-17.46.07:850][  0]LogConfig: Setting CVar [[r.Streaming.MaxNumTexturesToStreamPerFrame:0]]
[2020.05.06-17.46.07:850][  0]LogConfig: Setting CVar [[r.Streaming.Boost:1]]
[2020.05.06-17.46.07:850][  0]LogConfig: Setting CVar [[r.MaxAnisotropy:8]]
[2020.05.06-17.46.07:850][  0]LogConfig: Setting CVar [[r.VT.MaxAnisotropy:8]]
[2020.05.06-17.46.07:850][  0]LogConfig: Setting CVar [[r.Streaming.LimitPoolSizeToVRAM:0]]
[2020.05.06-17.46.07:851][  0]LogConfig: Setting CVar [[r.Streaming.PoolSize:1000]]
[2020.05.06-17.46.07:851][  0]LogConfig: Setting CVar [[r.Streaming.MaxEffectiveScreenSize:0]]
[2020.05.06-17.46.07:851][  0]LogConfig: Applying CVar settings from Section [EffectsQuality@3] File [E:/Unreal Projects/FlockingAssignment/Flocking/Saved/Config/Windows/Scalability.ini]
[2020.05.06-17.46.07:851][  0]LogConfig: Setting CVar [[r.TranslucencyLightingVolumeDim:64]]
[2020.05.06-17.46.07:851][  0]LogConfig: Setting CVar [[r.RefractionQuality:2]]
[2020.05.06-17.46.07:851][  0]LogConfig: Setting CVar [[r.SSR.Quality:3]]
[2020.05.06-17.46.07:851][  0]LogConfig: Setting CVar [[r.SSR.HalfResSceneColor:0]]
[2020.05.06-17.46.07:851][  0]LogConfig: Setting CVar [[r.SceneColorFormat:4]]
[2020.05.06-17.46.07:851][  0]LogConfig: Setting CVar [[r.DetailMode:2]]
[2020.05.06-17.46.07:851][  0]LogConfig: Setting CVar [[r.TranslucencyVolumeBlur:1]]
[2020.05.06-17.46.07:851][  0]LogConfig: Setting CVar [[r.MaterialQualityLevel:1 ; High quality]]
[2020.05.06-17.46.07:851][  0]LogConfig: Setting CVar [[r.SSS.Scale:1]]
[2020.05.06-17.46.07:851][  0]LogConfig: Setting CVar [[r.SSS.SampleSet:2]]
[2020.05.06-17.46.07:851][  0]LogConfig: Setting CVar [[r.SSS.Quality:1]]
[2020.05.06-17.46.07:851][  0]LogConfig: Setting CVar [[r.SSS.HalfRes:1]]
[2020.05.06-17.46.07:851][  0]LogConfig: Setting CVar [[r.SSGI.Quality:3]]
[2020.05.06-17.46.07:851][  0]LogConfig: Setting CVar [[r.EmitterSpawnRateScale:1.0]]
[2020.05.06-17.46.07:851][  0]LogConfig: Setting CVar [[r.ParticleLightQuality:2]]
[2020.05.06-17.46.07:851][  0]LogConfig: Setting CVar [[r.SkyAtmosphere.AerialPerspectiveLUT.FastApplyOnOpaque:1 ; Always have FastSkyLUT 1 in this case to avoid wrong sky]]
[2020.05.06-17.46.07:851][  0]LogConfig: Setting CVar [[r.SkyAtmosphere.AerialPerspectiveLUT.SampleCountPerSlice:1]]
[2020.05.06-17.46.07:851][  0]LogConfig: Setting CVar [[r.SkyAtmosphere.AerialPerspectiveLUT.DepthResolution:16.0]]
[2020.05.06-17.46.07:851][  0]LogConfig: Setting CVar [[r.SkyAtmosphere.FastSkyLUT:1]]
[2020.05.06-17.46.07:851][  0]LogConfig: Setting CVar [[r.SkyAtmosphere.FastSkyLUT.SampleCountMin:4.0]]
[2020.05.06-17.46.07:851][  0]LogConfig: Setting CVar [[r.SkyAtmosphere.FastSkyLUT.SampleCountMax:32.0]]
[2020.05.06-17.46.07:851][  0]LogConfig: Setting CVar [[r.SkyAtmosphere.SampleCountMin:4.0]]
[2020.05.06-17.46.07:851][  0]LogConfig: Setting CVar [[r.SkyAtmosphere.SampleCountMax:32.0]]
[2020.05.06-17.46.07:851][  0]LogConfig: Setting CVar [[r.SkyAtmosphere.TransmittanceLUT.UseSmallFormat:0]]
[2020.05.06-17.46.07:851][  0]LogConfig: Setting CVar [[r.SkyAtmosphere.TransmittanceLUT.SampleCount:10.0]]
[2020.05.06-17.46.07:851][  0]LogConfig: Setting CVar [[r.SkyAtmosphere.MultiScatteringLUT.SampleCount:15.0]]
[2020.05.06-17.46.07:851][  0]LogConfig: Applying CVar settings from Section [FoliageQuality@3] File [E:/Unreal Projects/FlockingAssignment/Flocking/Saved/Config/Windows/Scalability.ini]
[2020.05.06-17.46.07:851][  0]LogConfig: Setting CVar [[foliage.DensityScale:1.0]]
[2020.05.06-17.46.07:851][  0]LogConfig: Setting CVar [[grass.DensityScale:1.0]]
[2020.05.06-17.46.07:851][  0]LogConfig: Applying CVar settings from Section [ShadingQuality@3] File [E:/Unreal Projects/FlockingAssignment/Flocking/Saved/Config/Windows/Scalability.ini]
[2020.05.06-17.46.07:851][  0]LogConfig: Setting CVar [[r.HairStrands.SkyLighting.SampleCount:16]]
[2020.05.06-17.46.07:851][  0]LogConfig: Setting CVar [[r.HairStrands.SkyLighting.JitterIntegration:0]]
[2020.05.06-17.46.07:851][  0]LogConfig: Setting CVar [[r.HairStrands.SkyAO.SampleCount:16]]
[2020.05.06-17.46.07:851][  0]LogInit: Selected Device Profile: [Windows]
[2020.05.06-17.46.07:851][  0]LogInit: Applying CVar settings loaded from the selected device profile: [Windows]
[2020.05.06-17.46.07:853][  0]LogHAL: Display: Platform has ~ 16 GB [17137213440 / 17179869184 / 16], which maps to Larger [LargestMinGB=32, LargerMinGB=12, DefaultMinGB=8, SmallerMinGB=6, SmallestMinGB=0)
[2020.05.06-17.46.07:853][  0]LogInit: Going up to parent DeviceProfile []
[2020.05.06-17.46.07:853][  0]LogConfig: Applying CVar settings from Section [ViewDistanceQuality@3] File [E:/Unreal Projects/FlockingAssignment/Flocking/Saved/Config/Windows/Scalability.ini]
[2020.05.06-17.46.07:853][  0]LogConfig: Setting CVar [[r.SkeletalMeshLODBias:0]]
[2020.05.06-17.46.07:853][  0]LogConfig: Setting CVar [[r.ViewDistanceScale:1.0]]
[2020.05.06-17.46.07:853][  0]LogConfig: Applying CVar settings from Section [AntiAliasingQuality@3] File [E:/Unreal Projects/FlockingAssignment/Flocking/Saved/Config/Windows/Scalability.ini]
[2020.05.06-17.46.07:853][  0]LogConfig: Setting CVar [[r.PostProcessAAQuality:4]]
[2020.05.06-17.46.07:853][  0]LogConfig: Applying CVar settings from Section [ShadowQuality@3] File [E:/Unreal Projects/FlockingAssignment/Flocking/Saved/Config/Windows/Scalability.ini]
[2020.05.06-17.46.07:853][  0]LogConfig: Setting CVar [[r.LightFunctionQuality:1]]
[2020.05.06-17.46.07:853][  0]LogConfig: Setting CVar [[r.ShadowQuality:5]]
[2020.05.06-17.46.07:853][  0]LogConfig: Setting CVar [[r.Shadow.CSM.MaxCascades:10]]
[2020.05.06-17.46.07:853][  0]LogConfig: Setting CVar [[r.Shadow.MaxResolution:2048]]
[2020.05.06-17.46.07:853][  0]LogConfig: Setting CVar [[r.Shadow.MaxCSMResolution:2048]]
[2020.05.06-17.46.07:853][  0]LogConfig: Setting CVar [[r.Shadow.RadiusThreshold:0.01]]
[2020.05.06-17.46.07:853][  0]LogConfig: Setting CVar [[r.Shadow.DistanceScale:1.0]]
[2020.05.06-17.46.07:853][  0]LogConfig: Setting CVar [[r.Shadow.CSM.TransitionScale:1.0]]
[2020.05.06-17.46.07:853][  0]LogConfig: Setting CVar [[r.Shadow.PreShadowResolutionFactor:1.0]]
[2020.05.06-17.46.07:853][  0]LogConfig: Setting CVar [[r.DistanceFieldShadowing:1]]
[2020.05.06-17.46.07:853][  0]LogConfig: Setting CVar [[r.DistanceFieldAO:1]]
[2020.05.06-17.46.07:853][  0]LogConfig: Setting CVar [[r.AOQuality:2]]
[2020.05.06-17.46.07:853][  0]LogConfig: Setting CVar [[r.VolumetricFog:1]]
[2020.05.06-17.46.07:853][  0]LogConfig: Setting CVar [[r.VolumetricFog.GridPixelSize:8]]
[2020.05.06-17.46.07:853][  0]LogConfig: Setting CVar [[r.VolumetricFog.GridSizeZ:128]]
[2020.05.06-17.46.07:853][  0]LogConfig: Setting CVar [[r.VolumetricFog.HistoryMissSupersampleCount:4]]
[2020.05.06-17.46.07:853][  0]LogConfig: Setting CVar [[r.LightMaxDrawDistanceScale:1]]
[2020.05.06-17.46.07:853][  0]LogConfig: Setting CVar [[r.CapsuleShadows:1]]
[2020.05.06-17.46.07:853][  0]LogConfig: Applying CVar settings from Section [PostProcessQuality@3] File [E:/Unreal Projects/FlockingAssignment/Flocking/Saved/Config/Windows/Scalability.ini]
[2020.05.06-17.46.07:853][  0]LogConfig: Setting CVar [[r.MotionBlurQuality:4]]
[2020.05.06-17.46.07:853][  0]LogConfig: Setting CVar [[r.AmbientOcclusionMipLevelFactor:0.4]]
[2020.05.06-17.46.07:853][  0]LogConfig: Setting CVar [[r.AmbientOcclusionMaxQuality:100]]
[2020.05.06-17.46.07:853][  0]LogConfig: Setting CVar [[r.AmbientOcclusionLevels:-1]]
[2020.05.06-17.46.07:853][  0]LogConfig: Setting CVar [[r.AmbientOcclusionRadiusScale:1.0]]
[2020.05.06-17.46.07:853][  0]LogConfig: Setting CVar [[r.DepthOfFieldQuality:2]]
[2020.05.06-17.46.07:853][  0]LogConfig: Setting CVar [[r.RenderTargetPoolMin:400]]
[2020.05.06-17.46.07:853][  0]LogConfig: Setting CVar [[r.LensFlareQuality:2]]
[2020.05.06-17.46.07:853][  0]LogConfig: Setting CVar [[r.SceneColorFringeQuality:1]]
[2020.05.06-17.46.07:853][  0]LogConfig: Setting CVar [[r.EyeAdaptationQuality:2]]
[2020.05.06-17.46.07:853][  0]LogConfig: Setting CVar [[r.BloomQuality:5]]
[2020.05.06-17.46.07:853][  0]LogConfig: Setting CVar [[r.FastBlurThreshold:100]]
[2020.05.06-17.46.07:853][  0]LogConfig: Setting CVar [[r.Upscale.Quality:3]]
[2020.05.06-17.46.07:853][  0]LogConfig: Setting CVar [[r.Tonemapper.GrainQuantization:1]]
[2020.05.06-17.46.07:853][  0]LogConfig: Setting CVar [[r.LightShaftQuality:1]]
[2020.05.06-17.46.07:853][  0]LogConfig: Setting CVar [[r.Filter.SizeScale:1]]
[2020.05.06-17.46.07:853][  0]LogConfig: Setting CVar [[r.Tonemapper.Quality:5]]
[2020.05.06-17.46.07:853][  0]LogConfig: Setting CVar [[r.DOF.Gather.AccumulatorQuality:1        ; higher gathering accumulator quality]]
[2020.05.06-17.46.07:853][  0]LogConfig: Setting CVar [[r.DOF.Gather.PostfilterMethod:1          ; Median3x3 postfilering method]]
[2020.05.06-17.46.07:853][  0]LogConfig: Setting CVar [[r.DOF.Gather.EnableBokehSettings:0       ; no bokeh simulation when gathering]]
[2020.05.06-17.46.07:853][  0]LogConfig: Setting CVar [[r.DOF.Gather.RingCount:4                 ; medium number of samples when gathering]]
[2020.05.06-17.46.07:853][  0]LogConfig: Setting CVar [[r.DOF.Scatter.ForegroundCompositing:1    ; additive foreground scattering]]
[2020.05.06-17.46.07:853][  0]LogConfig: Setting CVar [[r.DOF.Scatter.BackgroundCompositing:2    ; additive background scattering]]
[2020.05.06-17.46.07:853][  0]LogConfig: Setting CVar [[r.DOF.Scatter.EnableBokehSettings:1      ; bokeh simulation when scattering]]
[2020.05.06-17.46.07:853][  0]LogConfig: Setting CVar [[r.DOF.Scatter.MaxSpriteRatio:0.1         ; only a maximum of 10% of scattered bokeh]]
[2020.05.06-17.46.07:853][  0]LogConfig: Setting CVar [[r.DOF.Recombine.Quality:1                ; cheap slight out of focus]]
[2020.05.06-17.46.07:853][  0]LogConfig: Setting CVar [[r.DOF.Recombine.EnableBokehSettings:0    ; no bokeh simulation on slight out of focus]]
[2020.05.06-17.46.07:853][  0]LogConfig: Setting CVar [[r.DOF.TemporalAAQuality:1                ; more stable temporal accumulation]]
[2020.05.06-17.46.07:853][  0]LogConfig: Setting CVar [[r.DOF.Kernel.MaxForegroundRadius:0.025]]
[2020.05.06-17.46.07:853][  0]LogConfig: Setting CVar [[r.DOF.Kernel.MaxBackgroundRadius:0.025]]
[2020.05.06-17.46.07:853][  0]LogConfig: Applying CVar settings from Section [TextureQuality@3] File [E:/Unreal Projects/FlockingAssignment/Flocking/Saved/Config/Windows/Scalability.ini]
[2020.05.06-17.46.07:853][  0]LogConfig: Setting CVar [[r.Streaming.MipBias:0]]
[2020.05.06-17.46.07:853][  0]LogConfig: Setting CVar [[r.Streaming.AmortizeCPUToGPUCopy:0]]
[2020.05.06-17.46.07:853][  0]LogConfig: Setting CVar [[r.Streaming.MaxNumTexturesToStreamPerFrame:0]]
[2020.05.06-17.46.07:853][  0]LogConfig: Setting CVar [[r.Streaming.Boost:1]]
[2020.05.06-17.46.07:853][  0]LogConfig: Setting CVar [[r.MaxAnisotropy:8]]
[2020.05.06-17.46.07:853][  0]LogConfig: Setting CVar [[r.VT.MaxAnisotropy:8]]
[2020.05.06-17.46.07:853][  0]LogConfig: Setting CVar [[r.Streaming.LimitPoolSizeToVRAM:0]]
[2020.05.06-17.46.07:853][  0]LogConfig: Setting CVar [[r.Streaming.PoolSize:1000]]
[2020.05.06-17.46.07:853][  0]LogConfig: Setting CVar [[r.Streaming.MaxEffectiveScreenSize:0]]
[2020.05.06-17.46.07:853][  0]LogConfig: Applying CVar settings from Section [EffectsQuality@3] File [E:/Unreal Projects/FlockingAssignment/Flocking/Saved/Config/Windows/Scalability.ini]
[2020.05.06-17.46.07:853][  0]LogConfig: Setting CVar [[r.TranslucencyLightingVolumeDim:64]]
[2020.05.06-17.46.07:853][  0]LogConfig: Setting CVar [[r.RefractionQuality:2]]
[2020.05.06-17.46.07:853][  0]LogConfig: Setting CVar [[r.SSR.Quality:3]]
[2020.05.06-17.46.07:853][  0]LogConfig: Setting CVar [[r.SSR.HalfResSceneColor:0]]
[2020.05.06-17.46.07:853][  0]LogConfig: Setting CVar [[r.SceneColorFormat:4]]
[2020.05.06-17.46.07:853][  0]LogConfig: Setting CVar [[r.DetailMode:2]]
[2020.05.06-17.46.07:853][  0]LogConfig: Setting CVar [[r.TranslucencyVolumeBlur:1]]
[2020.05.06-17.46.07:853][  0]LogConfig: Setting CVar [[r.MaterialQualityLevel:1 ; High quality]]
[2020.05.06-17.46.07:853][  0]LogConfig: Setting CVar [[r.SSS.Scale:1]]
[2020.05.06-17.46.07:854][  0]LogConfig: Setting CVar [[r.SSS.SampleSet:2]]
[2020.05.06-17.46.07:854][  0]LogConfig: Setting CVar [[r.SSS.Quality:1]]
[2020.05.06-17.46.07:854][  0]LogConfig: Setting CVar [[r.SSS.HalfRes:1]]
[2020.05.06-17.46.07:854][  0]LogConfig: Setting CVar [[r.SSGI.Quality:3]]
[2020.05.06-17.46.07:854][  0]LogConfig: Setting CVar [[r.EmitterSpawnRateScale:1.0]]
[2020.05.06-17.46.07:854][  0]LogConfig: Setting CVar [[r.ParticleLightQuality:2]]
[2020.05.06-17.46.07:854][  0]LogConfig: Setting CVar [[r.SkyAtmosphere.AerialPerspectiveLUT.FastApplyOnOpaque:1 ; Always have FastSkyLUT 1 in this case to avoid wrong sky]]
[2020.05.06-17.46.07:854][  0]LogConfig: Setting CVar [[r.SkyAtmosphere.AerialPerspectiveLUT.SampleCountPerSlice:1]]
[2020.05.06-17.46.07:854][  0]LogConfig: Setting CVar [[r.SkyAtmosphere.AerialPerspectiveLUT.DepthResolution:16.0]]
[2020.05.06-17.46.07:854][  0]LogConfig: Setting CVar [[r.SkyAtmosphere.FastSkyLUT:1]]
[2020.05.06-17.46.07:854][  0]LogConfig: Setting CVar [[r.SkyAtmosphere.FastSkyLUT.SampleCountMin:4.0]]
[2020.05.06-17.46.07:854][  0]LogConfig: Setting CVar [[r.SkyAtmosphere.FastSkyLUT.SampleCountMax:32.0]]
[2020.05.06-17.46.07:854][  0]LogConfig: Setting CVar [[r.SkyAtmosphere.SampleCountMin:4.0]]
[2020.05.06-17.46.07:854][  0]LogConfig: Setting CVar [[r.SkyAtmosphere.SampleCountMax:32.0]]
[2020.05.06-17.46.07:854][  0]LogConfig: Setting CVar [[r.SkyAtmosphere.TransmittanceLUT.UseSmallFormat:0]]
[2020.05.06-17.46.07:854][  0]LogConfig: Setting CVar [[r.SkyAtmosphere.TransmittanceLUT.SampleCount:10.0]]
[2020.05.06-17.46.07:854][  0]LogConfig: Setting CVar [[r.SkyAtmosphere.MultiScatteringLUT.SampleCount:15.0]]
[2020.05.06-17.46.07:854][  0]LogConfig: Applying CVar settings from Section [FoliageQuality@3] File [E:/Unreal Projects/FlockingAssignment/Flocking/Saved/Config/Windows/Scalability.ini]
[2020.05.06-17.46.07:854][  0]LogConfig: Setting CVar [[foliage.DensityScale:1.0]]
[2020.05.06-17.46.07:854][  0]LogConfig: Setting CVar [[grass.DensityScale:1.0]]
[2020.05.06-17.46.07:854][  0]LogConfig: Applying CVar settings from Section [ShadingQuality@3] File [E:/Unreal Projects/FlockingAssignment/Flocking/Saved/Config/Windows/Scalability.ini]
[2020.05.06-17.46.07:854][  0]LogConfig: Setting CVar [[r.HairStrands.SkyLighting.SampleCount:16]]
[2020.05.06-17.46.07:854][  0]LogConfig: Setting CVar [[r.HairStrands.SkyLighting.JitterIntegration:0]]
[2020.05.06-17.46.07:854][  0]LogConfig: Setting CVar [[r.HairStrands.SkyAO.SampleCount:16]]
[2020.05.06-17.46.07:854][  0]LogConfig: Applying CVar settings from Section [Startup] File [../../../Engine/Config/ConsoleVariables.ini]
[2020.05.06-17.46.07:854][  0]LogConfig: Setting CVar [[net.UseAdaptiveNetUpdateFrequency:0]]
[2020.05.06-17.46.07:854][  0]LogConfig: Setting CVar [[p.chaos.AllowCreatePhysxBodies:1]]
[2020.05.06-17.46.07:854][  0]LogConfig: Applying CVar settings from Section [ConsoleVariables] File [E:/Unreal Projects/FlockingAssignment/Flocking/Saved/Config/Windows/Engine.ini]
[2020.05.06-17.46.07:854][  0]LogInit: Computer: DESKTOP-4UTISHD
[2020.05.06-17.46.07:854][  0]LogInit: User: Alex
[2020.05.06-17.46.07:854][  0]LogInit: CPU Page size=4096, Cores=4
[2020.05.06-17.46.07:854][  0]LogInit: High frequency timer resolution =10.000000 MHz
[2020.05.06-17.46.07:854][  0]LogMemory: Memory total: Physical=16.0GB (16GB approx)
[2020.05.06-17.46.07:854][  0]LogMemory: Platform Memory Stats for Windows
[2020.05.06-17.46.07:854][  0]LogMemory: Process Physical Memory: 105.01 MB used, 105.01 MB peak
[2020.05.06-17.46.07:854][  0]LogMemory: Process Virtual Memory: 100.68 MB used, 100.68 MB peak
[2020.05.06-17.46.07:854][  0]LogMemory: Physical Memory: 9324.19 MB used,  7019.13 MB free, 16343.32 MB total
[2020.05.06-17.46.07:854][  0]LogMemory: Virtual Memory: 5137.66 MB used,  134212592.00 MB free, 134217728.00 MB total
[2020.05.06-17.46.07:858][  0]LogWindows: WindowsPlatformFeatures enabled
[2020.05.06-17.46.07:870][  0]LogInit: Using OS detected language (en-US).
[2020.05.06-17.46.07:870][  0]LogInit: Using OS detected locale (en-US).
[2020.05.06-17.46.07:870][  0]LogTextLocalizationManager: No specific localization for 'en-US' exists, so the 'en' localization will be used.
[2020.05.06-17.46.08:011][  0]LogInit: Setting process to per monitor DPI aware
[2020.05.06-17.46.08:047][  0]LogSlate: New Slate User Created.  User Index 0, Is Virtual User: 0
[2020.05.06-17.46.08:047][  0]LogSlate: Slate User Registered.  User Index 0, Is Virtual User: 0
[2020.05.06-17.46.08:150][  0]LogHMD: Failed to initialize OpenVR with code 110
[2020.05.06-17.46.08:150][  0]LogD3D11RHI: D3D11 min allowed feature level: 11_0
[2020.05.06-17.46.08:150][  0]LogD3D11RHI: D3D11 max allowed feature level: 11_0
[2020.05.06-17.46.08:150][  0]LogD3D11RHI: D3D11 adapters:
[2020.05.06-17.46.08:206][  0]LogD3D11RHI:    0. 'NVIDIA GeForce GTX 1080' (Feature Level 11_0)
[2020.05.06-17.46.08:206][  0]LogD3D11RHI:       8079/0/8171 MB DedicatedVideo/DedicatedSystem/SharedSystem, Outputs:2, VendorId:0x10de
[2020.05.06-17.46.08:208][  0]LogD3D11RHI:    1. 'Microsoft Basic Render Driver' (Feature Level 11_0)
[2020.05.06-17.46.08:208][  0]LogD3D11RHI:       0/0/8171 MB DedicatedVideo/DedicatedSystem/SharedSystem, Outputs:0, VendorId:0x1414
[2020.05.06-17.46.08:208][  0]LogD3D11RHI: Chosen D3D11 Adapter: 0
[2020.05.06-17.46.08:219][  0]LogD3D11RHI: Creating new Direct3DDevice
[2020.05.06-17.46.08:219][  0]LogD3D11RHI:     GPU DeviceId: 0x1b80 (for the marketing name, search the web for "GPU Device Id")
[2020.05.06-17.46.08:219][  0]LogWindows: EnumDisplayDevices:
[2020.05.06-17.46.08:219][  0]LogWindows:    0. 'NVIDIA GeForce GTX 1080' (P:1 D:1)
[2020.05.06-17.46.08:219][  0]LogWindows:    1. 'NVIDIA GeForce GTX 1080' (P:0 D:1)
[2020.05.06-17.46.08:220][  0]LogWindows:    2. 'NVIDIA GeForce GTX 1080' (P:0 D:0)
[2020.05.06-17.46.08:220][  0]LogWindows:    3. 'NVIDIA GeForce GTX 1080' (P:0 D:0)
[2020.05.06-17.46.08:220][  0]LogWindows: DebugString: FoundDriverCount:4 
[2020.05.06-17.46.08:220][  0]LogD3D11RHI:     Adapter Name: NVIDIA GeForce GTX 1080
[2020.05.06-17.46.08:220][  0]LogD3D11RHI:   Driver Version: 445.75 (internal:26.21.14.4575, unified:445.75)
[2020.05.06-17.46.08:220][  0]LogD3D11RHI:      Driver Date: 3-17-2020
[2020.05.06-17.46.08:220][  0]LogRHI: Texture pool is 5655 MB (70% of 8079 MB)
[2020.05.06-17.46.08:261][  0]LogD3D11RHI: RHI has support for 64 bit atomics
[2020.05.06-17.46.08:261][  0]LogD3D11RHI: Async texture creation enabled
[2020.05.06-17.46.08:291][  0]LogD3D11RHI: GPU Timing Frequency: 1000.000000 (Debug: 2 1)
[2020.05.06-17.46.08:539][  0]LogTargetPlatformManager: Display: Loaded TargetPlatform 'AllDesktop'
[2020.05.06-17.46.08:565][  0]LogTargetPlatformManager: Display: Loaded TargetPlatform 'Android'
[2020.05.06-17.46.08:565][  0]LogTargetPlatformManager: Display: Loaded TargetPlatform 'Android_ASTC'
[2020.05.06-17.46.08:565][  0]LogTargetPlatformManager: Display: Loaded TargetPlatform 'Android_ATC'
[2020.05.06-17.46.08:565][  0]LogTargetPlatformManager: Display: Loaded TargetPlatform 'Android_DXT'
[2020.05.06-17.46.08:565][  0]LogTargetPlatformManager: Display: Loaded TargetPlatform 'Android_ETC1'
[2020.05.06-17.46.08:565][  0]LogTargetPlatformManager: Display: Loaded TargetPlatform 'Android_ETC1a'
[2020.05.06-17.46.08:565][  0]LogTargetPlatformManager: Display: Loaded TargetPlatform 'Android_ETC2'
[2020.05.06-17.46.08:565][  0]LogTargetPlatformManager: Display: Loaded TargetPlatform 'Android_PVRTC'
[2020.05.06-17.46.08:565][  0]LogTargetPlatformManager: Display: Loaded TargetPlatform 'AndroidClient'
[2020.05.06-17.46.08:565][  0]LogTargetPlatformManager: Display: Loaded TargetPlatform 'Android_ASTCClient'
[2020.05.06-17.46.08:565][  0]LogTargetPlatformManager: Display: Loaded TargetPlatform 'Android_ATCClient'
[2020.05.06-17.46.08:565][  0]LogTargetPlatformManager: Display: Loaded TargetPlatform 'Android_DXTClient'
[2020.05.06-17.46.08:565][  0]LogTargetPlatformManager: Display: Loaded TargetPlatform 'Android_ETC1Client'
[2020.05.06-17.46.08:565][  0]LogTargetPlatformManager: Display: Loaded TargetPlatform 'Android_ETC1aClient'
[2020.05.06-17.46.08:565][  0]LogTargetPlatformManager: Display: Loaded TargetPlatform 'Android_ETC2Client'
[2020.05.06-17.46.08:565][  0]LogTargetPlatformManager: Display: Loaded TargetPlatform 'Android_PVRTCClient'
[2020.05.06-17.46.08:565][  0]LogTargetPlatformManager: Display: Loaded TargetPlatform 'Android_Multi'
[2020.05.06-17.46.08:565][  0]LogTargetPlatformManager: Display: Loaded TargetPlatform 'Android_MultiClient'
[2020.05.06-17.46.08:580][  0]LogTargetPlatformManager: Display: Loaded TargetPlatform 'IOSClient'
[2020.05.06-17.46.08:580][  0]LogTargetPlatformManager: Display: Loaded TargetPlatform 'IOS'
[2020.05.06-17.46.08:585][  0]LogTargetPlatformManager: Display: Loaded TargetPlatform 'LinuxNoEditor'
[2020.05.06-17.46.08:592][  0]LogTargetPlatformManager: Display: Loaded TargetPlatform 'LinuxClient'
[2020.05.06-17.46.08:599][  0]LogTargetPlatformManager: Display: Loaded TargetPlatform 'LinuxServer'
[2020.05.06-17.46.08:605][  0]LogTargetPlatformManager: Display: Loaded TargetPlatform 'LinuxAArch64NoEditor'
[2020.05.06-17.46.08:611][  0]LogTargetPlatformManager: Display: Loaded TargetPlatform 'LinuxAArch64Client'
[2020.05.06-17.46.08:615][  0]LogTargetPlatformManager: Display: Loaded TargetPlatform 'LinuxAArch64Server'
[2020.05.06-17.46.08:636][  0]LogTargetPlatformManager: Display: Loaded TargetPlatform 'Lumin'
[2020.05.06-17.46.08:636][  0]LogTargetPlatformManager: Display: Loaded TargetPlatform 'LuminClient'
[2020.05.06-17.46.08:646][  0]LogTargetPlatformManager: Display: Loaded TargetPlatform 'TVOSClient'
[2020.05.06-17.46.08:646][  0]LogTargetPlatformManager: Display: Loaded TargetPlatform 'TVOS'
[2020.05.06-17.46.08:651][  0]LogTargetPlatformManager: Display: Loaded TargetPlatform 'WindowsNoEditor'
[2020.05.06-17.46.08:657][  0]LogTargetPlatformManager: Display: Loaded TargetPlatform 'Windows'
[2020.05.06-17.46.08:663][  0]LogTargetPlatformManager: Display: Loaded TargetPlatform 'WindowsClient'
[2020.05.06-17.46.08:669][  0]LogTargetPlatformManager: Display: Loaded TargetPlatform 'WindowsServer'
[2020.05.06-17.46.08:669][  0]LogTargetPlatformManager: Display: Building Assets For Windows
[2020.05.06-17.46.08:671][  0]LogAudioDebug: Display: Lib vorbis DLL was dynamically loaded.
[2020.05.06-17.46.08:684][  0]LogShaderCompilers: Guid format shader working directory is -17 characters bigger than the processId version (../../../../../../Unreal Projects/FlockingAssignment/Flocking/Intermediate/Shaders/WorkingDirectory/12072/).
[2020.05.06-17.46.08:684][  0]LogShaderCompilers: Cleaned the shader compiler working directory 'C:/Users/Alex/AppData/Local/Temp/UnrealShaderWorkingDir/91807AE64B56221BE3A97C86E1C9B2D0/'.
[2020.05.06-17.46.08:685][  0]LogXGEController: Cannot use XGE Controller as Incredibuild is not installed on this machine.
[2020.05.06-17.46.08:685][  0]LogShaderCompilers: Cannot use XGE Shader Compiler as Incredibuild is not installed on this machine.
[2020.05.06-17.46.08:685][  0]LogShaderCompilers: Display: Using Local Shader Compiler.
[2020.05.06-17.46.09:255][  0]LogDerivedDataCache: Display: Max Cache Size: 512 MB
[2020.05.06-17.46.09:300][  0]LogDerivedDataCache: Loaded boot cache 0.05s 78MB C:/Users/Alex/AppData/Local/UnrealEngine/4.24/DerivedDataCache/Boot.ddc.
[2020.05.06-17.46.09:300][  0]LogDerivedDataCache: Display: Loaded Boot cache: C:/Users/Alex/AppData/Local/UnrealEngine/4.24/DerivedDataCache/Boot.ddc
[2020.05.06-17.46.09:301][  0]LogDerivedDataCache: FDerivedDataBackendGraph:  Pak pak cache file ../../../../../../Unreal Projects/FlockingAssignment/Flocking/DerivedDataCache/DDC.ddp not found, will not use a pak cache.
[2020.05.06-17.46.09:301][  0]LogDerivedDataCache: Unable to find inner node Pak for hierarchical cache Hierarchy.
[2020.05.06-17.46.09:301][  0]LogDerivedDataCache: FDerivedDataBackendGraph:  CompressedPak pak cache file ../../../../../../Unreal Projects/FlockingAssignment/Flocking/DerivedDataCache/Compressed.ddp not found, will not use a pak cache.
[2020.05.06-17.46.09:301][  0]LogDerivedDataCache: Unable to find inner node CompressedPak for hierarchical cache Hierarchy.
[2020.05.06-17.46.09:309][  0]LogDerivedDataCache: Display: Pak cache opened for reading ../../../Engine/DerivedDataCache/Compressed.ddp.
[2020.05.06-17.46.09:309][  0]LogDerivedDataCache: FDerivedDataBackendGraph:  EnterprisePak pak cache file ../../../Enterprise/DerivedDataCache/Compressed.ddp not found, will not use a pak cache.
[2020.05.06-17.46.09:309][  0]LogDerivedDataCache: Unable to find inner node EnterprisePak for hierarchical cache Hierarchy.
[2020.05.06-17.46.09:311][  0]LogDerivedDataCache: Using Local data cache path C:/Users/Alex/AppData/Local/UnrealEngine/Common/DerivedDataCache: Writable
[2020.05.06-17.46.09:311][  0]LogDerivedDataCache: Shared data cache path not found in *engine.ini, will not use an Shared cache.
[2020.05.06-17.46.09:311][  0]LogDerivedDataCache: Unable to find inner node Shared for hierarchical cache Hierarchy.
[2020.05.06-17.46.09:335][  0]LogMaterial: Verifying Global Shaders for PCD3D_SM5
[2020.05.06-17.46.09:338][  0]LogSlate: Using FreeType 2.10.0
[2020.05.06-17.46.09:338][  0]LogSlate: SlateFontServices - WITH_FREETYPE: 1, WITH_HARFBUZZ: 1
[2020.05.06-17.46.09:385][  0]LogAssetRegistry: FAssetRegistry took 0.0031 seconds to start up
[2020.05.06-17.46.09:780][  0]LogInit: Selected Device Profile: [Windows]
[2020.05.06-17.46.09:908][  0]LogMeshReduction: Using QuadricMeshReduction for automatic static mesh reduction
[2020.05.06-17.46.09:908][  0]LogMeshReduction: Using SimplygonMeshReduction for automatic skeletal mesh reduction
[2020.05.06-17.46.09:908][  0]LogMeshReduction: Using ProxyLODMeshReduction for automatic mesh merging
[2020.05.06-17.46.09:908][  0]LogMeshReduction: No distributed automatic mesh merging module available
[2020.05.06-17.46.09:908][  0]LogMeshMerging: No distributed automatic mesh merging module available
[2020.05.06-17.46.09:919][  0]LogNetVersion: Flocking 1.0.0, NetCL: 10570792, EngineNetVer: 13, GameNetVer: 0 (Checksum: 1320047615)
[2020.05.06-17.46.10:713][  0]LogPackageLocalizationCache: Processed 10 localized package path(s) for 1 prioritized culture(s) in 0.032270 seconds
[2020.05.06-17.46.10:720][  0]LogUObjectArray: 46750 objects as part of root set at end of initial load.
[2020.05.06-17.46.10:720][  0]LogUObjectAllocator: 8137160 out of 0 bytes used by permanent object pool.
[2020.05.06-17.46.10:720][  0]LogUObjectArray: CloseDisregardForGC: 0/0 objects in disregard for GC pool
[2020.05.06-17.46.11:017][  0]LogTcpMessaging: Initializing TcpMessaging bridge
[2020.05.06-17.46.11:019][  0]LogUdpMessaging: Initializing bridge on interface 0.0.0.0:0 to multicast group 230.0.0.1:6666.
[2020.05.06-17.46.11:060][  0]SourceControl: Source control is disabled
[2020.05.06-17.46.11:400][  0]LogAndroidPermission: UAndroidPermissionCallbackProxy::GetInstance
[2020.05.06-17.46.11:408][  0]LogAudioCaptureCore: Display: No Audio Capture implementations found. Audio input will be silent.
[2020.05.06-17.46.11:408][  0]LogAudioCaptureCore: Display: No Audio Capture implementations found. Audio input will be silent.
[2020.05.06-17.46.11:470][  0]LogOcInput: OculusInput pre-init called
[2020.05.06-17.46.11:475][  0]LogWindows: Failed to load 'OVRPlugin.dll' (GetLastError=126)
[2020.05.06-17.46.11:475][  0]LogWindows: File 'OVRPlugin.dll' does not exist
[2020.05.06-17.46.11:527][  0]LogEngine: Initializing Engine...
[2020.05.06-17.46.11:527][  0]LogHMD: Failed to initialize OpenVR with code 110
[2020.05.06-17.46.11:528][  0]LogStats: UGameplayTagsManager::InitializeManager -  0.000 s
[2020.05.06-17.46.11:786][  0]LogInit: Initializing FReadOnlyCVARCache
[2020.05.06-17.46.11:790][  0]LogAIModule: Creating AISystem for world Untitled
[2020.05.06-17.46.11:807][  0]LogAudioMixer: Display: Audio Mixer Platform Settings:
[2020.05.06-17.46.11:808][  0]LogAudioMixer: Display: 	Sample Rate:						  48000
[2020.05.06-17.46.11:808][  0]LogAudioMixer: Display: 	Callback Buffer Frame Size Requested: 1024
[2020.05.06-17.46.11:808][  0]LogAudioMixer: Display: 	Callback Buffer Frame Size To Use:	  1024
[2020.05.06-17.46.11:808][  0]LogAudioMixer: Display: 	Number of buffers to queue:			  2
[2020.05.06-17.46.11:808][  0]LogAudioMixer: Display: 	Max Channels (voices):				  32
[2020.05.06-17.46.11:808][  0]LogAudioMixer: Display: 	Number of Async Source Workers:		  0
[2020.05.06-17.46.11:808][  0]LogAudio: Display: AudioDevice MaxSources: 32
[2020.05.06-17.46.11:808][  0]LogAudio: Display: Using built-in audio occlusion.
[2020.05.06-17.46.11:808][  0]LogAudioMixer: Display: Initializing audio mixer.
[2020.05.06-17.46.11:827][  0]LogAudioMixer: Display: Audio Device Output Speaker Info:
[2020.05.06-17.46.11:827][  0]LogAudioMixer: Display: Name: Dell S2417DG (NVIDIA High Definition Audio)
[2020.05.06-17.46.11:827][  0]LogAudioMixer: Display: Is Default: Yes
[2020.05.06-17.46.11:827][  0]LogAudioMixer: Display: Sample Rate: 48000
[2020.05.06-17.46.11:827][  0]LogAudioMixer: Display: Channel Count Used: 2
[2020.05.06-17.46.11:827][  0]LogAudioMixer: Display: Device Channel Count: 2
[2020.05.06-17.46.11:827][  0]LogAudioMixer: Display: Channel Order:
[2020.05.06-17.46.11:827][  0]LogAudioMixer: Display: 0: FrontLeft
[2020.05.06-17.46.11:827][  0]LogAudioMixer: Display: 1: FrontRight
[2020.05.06-17.46.11:841][  0]LogAudioMixer: Display: Using Audio Device Dell S2417DG (NVIDIA High Definition Audio)
[2020.05.06-17.46.11:846][  0]LogInit: FAudioDevice initialized.
[2020.05.06-17.46.11:846][  0]LogNetVersion: Set ProjectVersion to 1.0.0.0. Version Checksum will be recalculated on next use.
[2020.05.06-17.46.11:915][  0]LogDerivedDataCache: Saved boot cache 0.07s 78MB C:/Users/Alex/AppData/Local/UnrealEngine/4.24/DerivedDataCache/Boot.ddc.
[2020.05.06-17.46.11:919][  0]LogInit: Texture streaming: Enabled
[2020.05.06-17.46.11:926][  0]LogEngineSessionManager: EngineSessionManager initialized
[2020.05.06-17.46.11:926][  0]LogEngineSessionManager: EngineSessionManager sent abnormal shutdown report. Type=Crashed, SessionId={6203308F-4A9A-10B1-2E17-BD8C36AABFEC}
[2020.05.06-17.46.11:926][  0]LogEditorSessionSummary: Verbose: Initializing EditorSessionSummaryWriter for editor session tracking
[2020.05.06-17.46.11:927][  0]LogEditorSessionSummary: EditorSessionSummaryWriter initialized
[2020.05.06-17.46.11:966][  0]LogInit: Transaction tracking system initialized
[2020.05.06-17.46.11:972][  0]BlueprintLog: New page: Editor Load
[2020.05.06-17.46.11:990][  0]LocalizationService: Localization service is disabled
[2020.05.06-17.46.12:179][  0]LogFileCache: Scanning file cache for directory 'E:/Unreal Projects/FlockingAssignment/Flocking/Content/' took 0.00s
[2020.05.06-17.46.12:179][  0]LogCook: Display: Max memory allowance for cook 16384mb min free memory 0mb
[2020.05.06-17.46.12:179][  0]LogCook: Display: Mobile HDR setting 1
[2020.05.06-17.46.12:777][  0]Cmd: MAP LOAD FILE="../../../../../../Unreal Projects/FlockingAssignment/Flocking/Content/NewMap.umap" TEMPLATE=0 SHOWPROGRESS=1 FEATURELEVEL=3
[2020.05.06-17.46.12:778][  0]LightingResults: New page: Lighting Build
[2020.05.06-17.46.12:778][  0]LogWorld: UWorld::CleanupWorld for Untitled, bSessionEnded=true, bCleanupResources=true
[2020.05.06-17.46.12:779][  0]LogSlate: InvalidateAllWidgets triggered.  All widgets were invalidated
[2020.05.06-17.46.12:779][  0]MapCheck: New page: Map Check
[2020.05.06-17.46.12:779][  0]LightingResults: New page: Lighting Build
[2020.05.06-17.46.12:799][  0]LogUObjectHash: Compacting FUObjectHashTables data took   1.72ms
[2020.05.06-17.46.12:881][  0]LogAIModule: Creating AISystem for world NewMap
[2020.05.06-17.46.12:885][  0]LogEditorServer: Finished looking for orphan Actors (0.000 secs)
[2020.05.06-17.46.12:906][  0]LogUObjectHash: Compacting FUObjectHashTables data took   1.54ms
[2020.05.06-17.46.12:907][  0]Cmd: MAP CHECKDEP NOCLEARLOG
[2020.05.06-17.46.12:907][  0]MapCheck: Map check complete: 0 Error(s), 0 Warning(s), took 0.072ms to complete.
[2020.05.06-17.46.12:907][  0]LogFileHelpers: Loading map 'NewMap' took 0.129
[2020.05.06-17.46.13:020][  0]LogSlate: Updating window title bar state: overlay mode, drag disabled, window buttons hidden, title bar hidden
[2020.05.06-17.46.13:027][  0]LogSlate: Updating window title bar state: overlay mode, drag disabled, window buttons hidden, title bar hidden
[2020.05.06-17.46.13:034][  0]LogSlate: Updating window title bar state: overlay mode, drag disabled, window buttons hidden, title bar hidden
[2020.05.06-17.46.13:042][  0]LogSlate: Updating window title bar state: overlay mode, drag disabled, window buttons hidden, title bar hidden
[2020.05.06-17.46.13:048][  0]LogCollectionManager: Loaded 0 collections in 0.000881 seconds
[2020.05.06-17.46.13:061][  0]LogFileCache: Scanning file cache for directory 'E:/Unreal Projects/FlockingAssignment/Flocking/Saved/Collections/' took 0.00s
[2020.05.06-17.46.13:061][  0]LogFileCache: Scanning file cache for directory 'E:/Unreal Projects/FlockingAssignment/Flocking/Content/Developers/Alex/Collections/' took 0.00s
[2020.05.06-17.46.13:061][  0]LogFileCache: Scanning file cache for directory 'E:/Unreal Projects/FlockingAssignment/Flocking/Content/Collections/' took 0.00s
[2020.05.06-17.46.13:061][  0]LogContentBrowser: Native class hierarchy populated in 0.0093 seconds. Added 3021 classes and 719 folders.
[2020.05.06-17.46.13:067][  0]LogContentBrowser: Native class hierarchy updated for 'WidgetCarousel' in 0.0004 seconds. Added 0 classes and 0 folders.
[2020.05.06-17.46.13:099][  0]LogContentBrowser: Native class hierarchy updated for 'AddContentDialog' in 0.0003 seconds. Added 0 classes and 0 folders.
[2020.05.06-17.46.13:103][  0]LogContentBrowser: Native class hierarchy updated for 'SceneOutliner' in 0.0003 seconds. Added 2 classes and 3 folders.
[2020.05.06-17.46.13:137][  0]LogSlate: Took 0.000133 seconds to synchronously load lazily loaded font '../../../Engine/Content/Slate/Fonts/Roboto-Regular.ttf' (155K)
[2020.05.06-17.46.13:140][  0]LogSlate: Took 0.000147 seconds to synchronously load lazily loaded font '../../../Engine/Content/Slate/Fonts/Roboto-Bold.ttf' (160K)
[2020.05.06-17.46.13:145][  0]LogSlate: Took 0.000114 seconds to synchronously load lazily loaded font '../../../Engine/Content/Editor/Slate/Fonts/FontAwesome.ttf' (139K)
[2020.05.06-17.46.13:216][  0]LogRenderer: Reallocating scene render targets to support 1004x628 Format 10 NumSamples 1 (Frame:1).
[2020.05.06-17.46.13:294][  0]LogContentBrowser: Native class hierarchy updated for 'HierarchicalLODOutliner' in 0.0002 seconds. Added 0 classes and 0 folders.
[2020.05.06-17.46.13:294][  0]LogLoad: (Engine Initialization) Total time: 6.16 seconds
[2020.05.06-17.46.13:294][  0]LogLoad: (Engine Initialization) Total Blueprint compile time: 0.00 seconds
[2020.05.06-17.46.13:336][  0]LogAssetRegistry: Asset discovery search completed in 3.9524 seconds
[2020.05.06-17.46.13:339][  0]LogCollectionManager: Fixed up redirectors for 0 collections in 0.000007 seconds (updated 0 objects)
[2020.05.06-17.46.13:340][  0]LogContentStreaming: Texture pool size now 1000 MB
[2020.05.06-17.48.30:413][409]Candidate modules for hot reload:
[2020.05.06-17.48.30:413][409]  Flocking
[2020.05.06-17.48.30:413][409]Launching UnrealBuildTool... [E:/UE4/Epic Games/UE_4.24/Engine/Binaries/DotNET/UnrealBuildTool.exe  -ModuleWithSuffix=Flocking,9219 Win64 Development -TargetType=Editor -Project="E:/Unreal Projects/FlockingAssignment/Flocking/Flocking.uproject" "E:/Unreal Projects/FlockingAssignment/Flocking/Flocking.uproject"  -IgnoreJunk]
[2020.05.06-17.48.30:415][409]Warning: Starting HotReload took  0.0s.
[2020.05.06-17.48.48:427][882]CompilerResultsLog: New page: Compilation - May 6, 2020, 9:48:48 AM
[2020.05.06-17.48.48:427][882]CompilerResultsLog: Using 'git status' to determine working set for adaptive non-unity build (E:\Unreal Projects\FlockingAssignment).
[2020.05.06-17.48.48:427][882]CompilerResultsLog: Building FlockingEditor...
[2020.05.06-17.48.48:427][882]CompilerResultsLog: Using Visual Studio 2017 14.16.27034 toolchain (C:\Program Files (x86)\Microsoft Visual Studio\2017\Community\VC\Tools\MSVC\14.16.27023) and Windows 10.0.17763.0 SDK (C:\Program Files (x86)\Windows Kits\10).
[2020.05.06-17.48.48:427][882]CompilerResultsLog: Building 4 actions with 8 processes...
[2020.05.06-17.48.48:427][882]CompilerResultsLog:   [1/4] FlockingManager.cpp
[2020.05.06-17.48.48:427][882]CompilerResultsLog:    E:\Unreal Projects\FlockingAssignment\Flocking\Source\Flocking\FlockingManager.cpp(163) : error C2440: 'initializing': cannot convert from 'APawn *' to 'APawn'
[2020.05.06-17.48.48:427][882]CompilerResultsLog:   E:\Unreal Projects\FlockingAssignment\Flocking\Source\Flocking\FlockingManager.cpp(163): note: No constructor could take the source type, or constructor overload resolution was ambiguous
[2020.05.06-17.48.48:427][882]CompilerResultsLog:    E:\Unreal Projects\FlockingAssignment\Flocking\Source\Flocking\FlockingManager.cpp(165) : error C2451: conditional expression of type 'APawn' is illegal
[2020.05.06-17.48.48:427][882]CompilerResultsLog:   E:\Unreal Projects\FlockingAssignment\Flocking\Source\Flocking\FlockingManager.cpp(165): note: No user-defined-conversion operator available that can perform this conversion, or the operator cannot be called
[2020.05.06-17.48.48:427][882]CompilerResultsLog:    E:\Unreal Projects\FlockingAssignment\Flocking\Source\Flocking\FlockingManager.cpp(166) : error C2819: type 'APawn' does not have an overloaded member 'operator ->'
[2020.05.06-17.48.48:427][882]CompilerResultsLog:   E:\UE4\Epic Games\UE_4.24\Engine\Intermediate\Build\Win64\UE4Editor\Inc\Engine\AnimInstance.generated.h(24): note: see declaration of 'APawn'
[2020.05.06-17.48.48:427][882]CompilerResultsLog:   E:\Unreal Projects\FlockingAssignment\Flocking\Source\Flocking\FlockingManager.cpp(166): note: did you intend to use '.' instead?
[2020.05.06-17.48.48:427][882]CompilerResultsLog:    E:\Unreal Projects\FlockingAssignment\Flocking\Source\Flocking\FlockingManager.cpp(166) : error C2232: '->AActor::GetActorLocation': left operand has 'class' type, use '.'
[2020.05.06-17.48.48:427][882]LogMainFrame: MainFrame: Module compiling took 18.018 seconds
[2020.05.06-17.48.48:427][882]Warning: HotReload failed, recompile failed
[2020.05.06-17.48.52:223][988]LogSlate: Took 0.000173 seconds to synchronously load lazily loaded font '../../../Engine/Content/Slate/Fonts/DroidSansMono.ttf' (77K)
[2020.05.06-17.49.05:563][483]Candidate modules for hot reload:
[2020.05.06-17.49.05:563][483]  Flocking
[2020.05.06-17.49.05:563][483]Launching UnrealBuildTool... [E:/UE4/Epic Games/UE_4.24/Engine/Binaries/DotNET/UnrealBuildTool.exe  -ModuleWithSuffix=Flocking,610 Win64 Development -TargetType=Editor -Project="E:/Unreal Projects/FlockingAssignment/Flocking/Flocking.uproject" "E:/Unreal Projects/FlockingAssignment/Flocking/Flocking.uproject"  -IgnoreJunk]
[2020.05.06-17.49.05:565][483]Warning: Starting HotReload took  0.0s.
[2020.05.06-17.49.11:460][743]CompilerResultsLog: New page: Compilation - May 6, 2020, 9:49:11 AM
[2020.05.06-17.49.11:460][743]CompilerResultsLog: Using 'git status' to determine working set for adaptive non-unity build (E:\Unreal Projects\FlockingAssignment).
[2020.05.06-17.49.11:460][743]CompilerResultsLog: Building FlockingEditor...
[2020.05.06-17.49.11:460][743]CompilerResultsLog: Using Visual Studio 2017 14.16.27034 toolchain (C:\Program Files (x86)\Microsoft Visual Studio\2017\Community\VC\Tools\MSVC\14.16.27023) and Windows 10.0.17763.0 SDK (C:\Program Files (x86)\Windows Kits\10).
[2020.05.06-17.49.11:460][743]CompilerResultsLog: Building 4 actions with 8 processes...
[2020.05.06-17.49.11:460][743]CompilerResultsLog:   [1/4] FlockingManager.cpp
[2020.05.06-17.49.11:460][743]CompilerResultsLog:   [2/4] UE4Editor-Flocking-0610.lib
[2020.05.06-17.49.11:460][743]CompilerResultsLog:      Creating library E:\Unreal Projects\FlockingAssignment\Flocking\Intermediate\Build\Win64\UE4Editor\Development\Flocking\UE4Editor-Flocking-0610.lib and object E:\Unreal Projects\FlockingAssignment\Flocking\Intermediate\Build\Win64\UE4Editor\Development\Flocking\UE4Editor-Flocking-0610.exp
[2020.05.06-17.49.11:461][743]CompilerResultsLog:   [3/4] UE4Editor-Flocking-0610.dll
[2020.05.06-17.49.11:461][743]CompilerResultsLog:      Creating library E:\Unreal Projects\FlockingAssignment\Flocking\Intermediate\Build\Win64\UE4Editor\Development\Flocking\UE4Editor-Flocking-0610.suppressed.lib and object E:\Unreal Projects\FlockingAssignment\Flocking\Intermediate\Build\Win64\UE4Editor\Development\Flocking\UE4Editor-Flocking-0610.suppressed.exp
[2020.05.06-17.49.11:461][743]CompilerResultsLog:   [4/4] FlockingEditor.target
[2020.05.06-17.49.11:461][743]CompilerResultsLog: Total time in Parallel executor: 1.71 seconds
[2020.05.06-17.49.11:461][743]CompilerResultsLog: Total execution time: 5.80 seconds
[2020.05.06-17.49.11:461][743]LogMainFrame: MainFrame: Module compiling took 5.903 seconds
[2020.05.06-17.49.11:480][743]LogUObjectHash: Compacting FUObjectHashTables data took   0.68ms
[2020.05.06-17.49.11:491][743]LogContentBrowser: Native class hierarchy populated in 0.0068 seconds. Added 3023 classes and 722 folders.
[2020.05.06-17.49.11:491][743]Display: HotReload took  5.9s.
[2020.05.06-17.49.14:218][867]LogTemp: Repeating last play command: Selected Viewport
[2020.05.06-17.49.14:231][867]LogPlayLevel: PlayLevel: No blueprints needed recompiling
[2020.05.06-17.49.14:231][867]PIE: New page: PIE session: NewMap (May 6, 2020, 9:49:14 AM)
[2020.05.06-17.49.14:232][867]LogOnline: OSS: Creating online subsystem instance for: NULL
[2020.05.06-17.49.14:233][867]LogOnline: OSS: TryLoadSubsystemAndSetDefault: Loaded subsystem for module [NULL]
[2020.05.06-17.49.14:233][867]LogPlayLevel: Creating play world package: /Game/UEDPIE_0_NewMap
[2020.05.06-17.49.14:235][867]LogPlayLevel: PIE: StaticDuplicateObject took: (0.002035s)
[2020.05.06-17.49.14:236][867]LogAIModule: Creating AISystem for world NewMap
[2020.05.06-17.49.14:236][867]LogPlayLevel: PIE: World Init took: (0.000812s)
[2020.05.06-17.49.14:236][867]LogPlayLevel: PIE: Created PIE world by copying editor world from /Game/NewMap.NewMap to /Game/UEDPIE_0_NewMap.NewMap (0.003005s)
[2020.05.06-17.49.14:254][867]LogUObjectHash: Compacting FUObjectHashTables data took   1.18ms
[2020.05.06-17.49.14:254][867]LogAudioMixer: Display: Audio Mixer Platform Settings:
[2020.05.06-17.49.14:254][867]LogAudioMixer: Display: 	Sample Rate:						  48000
[2020.05.06-17.49.14:254][867]LogAudioMixer: Display: 	Callback Buffer Frame Size Requested: 1024
[2020.05.06-17.49.14:254][867]LogAudioMixer: Display: 	Callback Buffer Frame Size To Use:	  1024
[2020.05.06-17.49.14:254][867]LogAudioMixer: Display: 	Number of buffers to queue:			  2
[2020.05.06-17.49.14:254][867]LogAudioMixer: Display: 	Max Channels (voices):				  32
[2020.05.06-17.49.14:254][867]LogAudioMixer: Display: 	Number of Async Source Workers:		  0
[2020.05.06-17.49.14:254][867]LogAudio: Display: AudioDevice MaxSources: 32
[2020.05.06-17.49.14:255][867]LogAudio: Display: Using built-in audio occlusion.
[2020.05.06-17.49.14:255][867]LogAudioMixer: Display: Initializing audio mixer.
[2020.05.06-17.49.14:271][867]LogAudioMixer: Display: Audio Device Output Speaker Info:
[2020.05.06-17.49.14:271][867]LogAudioMixer: Display: Name: Dell S2417DG (NVIDIA High Definition Audio)
[2020.05.06-17.49.14:271][867]LogAudioMixer: Display: Is Default: Yes
[2020.05.06-17.49.14:271][867]LogAudioMixer: Display: Sample Rate: 48000
[2020.05.06-17.49.14:271][867]LogAudioMixer: Display: Channel Count Used: 2
[2020.05.06-17.49.14:271][867]LogAudioMixer: Display: Device Channel Count: 2
[2020.05.06-17.49.14:271][867]LogAudioMixer: Display: Channel Order:
[2020.05.06-17.49.14:271][867]LogAudioMixer: Display: 0: FrontLeft
[2020.05.06-17.49.14:271][867]LogAudioMixer: Display: 1: FrontRight
[2020.05.06-17.49.14:277][867]LogAudioMixer: Display: Using Audio Device Dell S2417DG (NVIDIA High Definition Audio)
[2020.05.06-17.49.14:278][867]LogInit: FAudioDevice initialized.
[2020.05.06-17.49.14:289][867]LogLoad: Game class is 'MyFlockingGameModeBaseBP_C'
[2020.05.06-17.49.14:289][867]LogActor: Warning: MyFlockingGameModeBaseBP_C /Game/UEDPIE_0_NewMap.NewMap:PersistentLevel.MyFlockingGameModeBaseBP_C_0 has natively added scene component(s), but none of them were set as the actor's RootComponent - picking one arbitrarily
[2020.05.06-17.49.14:291][867]LogWorld: Bringing World /Game/UEDPIE_0_NewMap.NewMap up for play (max tick rate 0) at 2020.05.06-13.49.14
[2020.05.06-17.49.14:291][867]LogWorld: Bringing up level for play took: 0.000624
[2020.05.06-17.49.14:291][867]LogOnline: OSS: Creating online subsystem instance for: :Context_1
[2020.05.06-17.49.14:302][867]LogContentBrowser: Native class hierarchy updated for 'MovieSceneCapture' in 0.0003 seconds. Added 20 classes and 0 folders.
[2020.05.06-17.49.14:303][867]LogTemp: Warning: GAMEMODE BEGINPLAY()
[2020.05.06-17.49.14:303][867]LogTemp: Warning: Manager initialized
[2020.05.06-17.49.14:303][867]LogTemp: Warning: Agent initialized.
[2020.05.06-17.49.14:303][867]LogTemp: Warning: Agent initialized.
[2020.05.06-17.49.14:303][867]LogTemp: Warning: Agent initialized.
[2020.05.06-17.49.14:303][867]LogTemp: Warning: Agent initialized.
[2020.05.06-17.49.14:303][867]LogTemp: Warning: Agent initialized.
[2020.05.06-17.49.14:303][867]LogTemp: Warning: Agent initialized.
[2020.05.06-17.49.14:303][867]LogTemp: Warning: Agent initialized.
[2020.05.06-17.49.14:303][867]LogTemp: Warning: Agent initialized.
[2020.05.06-17.49.14:303][867]LogTemp: Warning: Agent initialized.
[2020.05.06-17.49.14:304][867]LogTemp: Warning: Agent initialized.
[2020.05.06-17.49.14:304][867]PIE: Play in editor start time for /Game/UEDPIE_0_NewMap 0.18
[2020.05.06-17.49.14:304][867]LogScript: Warning: Script Msg: A null object was passed as a world context object to UEngine::GetWorldFromContextObject().
[2020.05.06-17.49.15:603][867]LogWindows: Error: === Critical error: ===
[2020.05.06-17.49.15:603][867]LogWindows: Error: 
[2020.05.06-17.49.15:603][867]LogWindows: Error: Fatal error!
[2020.05.06-17.49.15:603][867]LogWindows: Error: 
[2020.05.06-17.49.15:603][867]LogWindows: Error: Unhandled Exception: EXCEPTION_ACCESS_VIOLATION reading address 0x00000148
[2020.05.06-17.49.15:603][867]LogWindows: Error: 
[2020.05.06-17.49.15:603][867]LogWindows: Error: [Callstack] 0x00007ffbfeb8467b UE4Editor-Flocking-4750.dll!UFlockingManager::tend_to_player() [e:\unreal projects\flockingassignment\flocking\source\flocking\flockingmanager.cpp:164]
[2020.05.06-17.49.15:603][867]LogWindows: Error: [Callstack] 0x00007ffbfeb83a9f UE4Editor-Flocking-4750.dll!UFlockingManager::Flock() [e:\unreal projects\flockingassignment\flocking\source\flocking\flockingmanager.cpp:92]
[2020.05.06-17.49.15:603][867]LogWindows: Error: [Callstack] 0x00007ffb9c60f402 UE4Editor-Engine.dll!UnknownFunction []
[2020.05.06-17.49.15:603][867]LogWindows: Error: [Callstack] 0x00007ffb9c5d7866 UE4Editor-Engine.dll!UnknownFunction []
[2020.05.06-17.49.15:603][867]LogWindows: Error: [Callstack] 0x00007ffb9d717223 UE4Editor-Engine.dll!UnknownFunction []
[2020.05.06-17.49.15:603][867]LogWindows: Error: [Callstack] 0x00007ffb9d725256 UE4Editor-Engine.dll!UnknownFunction []
[2020.05.06-17.49.15:603][867]LogWindows: Error: [Callstack] 0x00007ffb9fa19ff2 UE4Editor-Core.dll!UnknownFunction []
[2020.05.06-17.49.15:603][867]LogWindows: Error: [Callstack] 0x00007ffb9fa1a393 UE4Editor-Core.dll!UnknownFunction []
[2020.05.06-17.49.15:603][867]LogWindows: Error: [Callstack] 0x00007ffb9fa2aa68 UE4Editor-Core.dll!UnknownFunction []
[2020.05.06-17.49.15:603][867]LogWindows: Error: [Callstack] 0x00007ffb9d7438b0 UE4Editor-Engine.dll!UnknownFunction []
[2020.05.06-17.49.15:603][867]LogWindows: Error: [Callstack] 0x00007ffb9d7497c2 UE4Editor-Engine.dll!UnknownFunction []
[2020.05.06-17.49.15:603][867]LogWindows: Error: [Callstack] 0x00007ffb9ceca25f UE4Editor-Engine.dll!UnknownFunction []
[2020.05.06-17.49.15:603][867]LogWindows: Error: [Callstack] 0x00007ffb9ced5127 UE4Editor-Engine.dll!UnknownFunction []
[2020.05.06-17.49.15:603][867]LogWindows: Error: [Callstack] 0x00007ffb9a6aad60 UE4Editor-UnrealEd.dll!UnknownFunction []
[2020.05.06-17.49.15:603][867]LogWindows: Error: [Callstack] 0x00007ffb9af0e476 UE4Editor-UnrealEd.dll!UnknownFunction []
[2020.05.06-17.49.15:603][867]LogWindows: Error: [Callstack] 0x00007ff68f2c7f62 UE4Editor.exe!UnknownFunction []
[2020.05.06-17.49.15:603][867]LogWindows: Error: [Callstack] 0x00007ff68f2dc3ec UE4Editor.exe!UnknownFunction []
[2020.05.06-17.49.15:603][867]LogWindows: Error: [Callstack] 0x00007ff68f2dc4ca UE4Editor.exe!UnknownFunction []
[2020.05.06-17.49.15:603][867]LogWindows: Error: [Callstack] 0x00007ff68f2eceae UE4Editor.exe!UnknownFunction []
[2020.05.06-17.49.15:603][867]LogWindows: Error: [Callstack] 0x00007ff68f2efcbe UE4Editor.exe!UnknownFunction []
[2020.05.06-17.49.15:603][867]LogWindows: Error: [Callstack] 0x00007ffc11bb7bd4 KERNEL32.DLL!UnknownFunction []
[2020.05.06-17.49.15:603][867]LogWindows: Error: [Callstack] 0x00007ffc11dace51 ntdll.dll!UnknownFunction []
[2020.05.06-17.49.15:603][867]LogWindows: Error: 
[2020.05.06-17.49.15:654][867]LogExit: Executing StaticShutdownAfterError
[2020.05.06-17.49.15:657][867]LogWindows: FPlatformMisc::RequestExit(1)
[2020.05.06-17.49.15:657][867]LogCore: Engine exit requested (reason: Win RequestExit)
[2020.05.06-17.49.15:695][867]Log file closed, 05/06/20 13:49:15
